<?xml version="1.0" encoding="UTF-8"?>
<testsuite name="8 - 12. user login with non-numerical phone number but correct password" tests="30" skipped="0" failures="0" errors="0" timestamp="2020-06-22T15:00:01" hostname="dnid0666l01.local" time="136.742">
  <properties/>
  <testcase name="User is on Login Page" classname="8 - 12. user login with non-numerical phone number but correct password" time="1.008"/>
  <testcase name="User input phone number &quot;813abcd00&quot; on phone number field" classname="8 - 12. user login with non-numerical phone number but correct password" time="12.789"/>
  <testcase name="User input password &quot;P@ssw0rd&quot; on password field" classname="8 - 12. user login with non-numerical phone number but correct password" time="1.448"/>
  <testcase name="User cannot click Sign In button on Login Page" classname="8 - 12. user login with non-numerical phone number but correct password" time="0.698"/>
  <testcase name="User see error message &quot;Wrong Phone Number format! Must starts with 8, contains numbers and 9 – 12 digits!&quot;" classname="8 - 12. user login with non-numerical phone number but correct password" time="0.15"/>
  <testcase name="classMethod" classname="8 - 12. user login with non-numerical phone number but correct password" time="26.466"/>
  <testcase name="User is on Login Page" classname="8 - 12. user login with non-numerical phone number but correct password" time="0.99"/>
  <testcase name="User input phone number &quot;abcdefghi&quot; on phone number field" classname="8 - 12. user login with non-numerical phone number but correct password" time="12.82"/>
  <testcase name="User input password &quot;P@ssw0rd&quot; on password field" classname="8 - 12. user login with non-numerical phone number but correct password" time="1.459"/>
  <testcase name="User cannot click Sign In button on Login Page" classname="8 - 12. user login with non-numerical phone number but correct password" time="0.686"/>
  <testcase name="User see error message &quot;Wrong Phone Number format! Must starts with 8, contains numbers and 9 – 12 digits!&quot;" classname="8 - 12. user login with non-numerical phone number but correct password" time="0.066"/>
  <testcase name="classMethod" classname="8 - 12. user login with non-numerical phone number but correct password" time="33.202"/>
  <testcase name="User is on Login Page" classname="8 - 12. user login with non-numerical phone number but correct password" time="1.02"/>
  <testcase name="User input phone number &quot;81300000!&quot; on phone number field" classname="8 - 12. user login with non-numerical phone number but correct password" time="12.805"/>
  <testcase name="User input password &quot;P@ssw0rd&quot; on password field" classname="8 - 12. user login with non-numerical phone number but correct password" time="1.456"/>
  <testcase name="User cannot click Sign In button on Login Page" classname="8 - 12. user login with non-numerical phone number but correct password" time="0.687"/>
  <testcase name="User see error message &quot;Wrong Phone Number format! Must starts with 8, contains numbers and 9 – 12 digits!&quot;" classname="8 - 12. user login with non-numerical phone number but correct password" time="0.128"/>
  <testcase name="classMethod" classname="8 - 12. user login with non-numerical phone number but correct password" time="26.652"/>
  <testcase name="User is on Login Page" classname="8 - 12. user login with non-numerical phone number but correct password" time="1.034"/>
  <testcase name="User input phone number &quot;!@#$%^&amp;*(&quot; on phone number field" classname="8 - 12. user login with non-numerical phone number but correct password" time="12.806"/>
  <testcase name="User input password &quot;P@ssw0rd&quot; on password field" classname="8 - 12. user login with non-numerical phone number but correct password" time="1.458"/>
  <testcase name="User cannot click Sign In button on Login Page" classname="8 - 12. user login with non-numerical phone number but correct password" time="0.682"/>
  <testcase name="User see error message &quot;Wrong Phone Number format! Must starts with 8, contains numbers and 9 – 12 digits!&quot;" classname="8 - 12. user login with non-numerical phone number but correct password" time="0.074"/>
  <testcase name="classMethod" classname="8 - 12. user login with non-numerical phone number but correct password" time="32.757"/>
  <testcase name="User is on Login Page" classname="8 - 12. user login with non-numerical phone number but correct password" time="0.976"/>
  <testcase name="User input phone number &quot;??&quot; on phone number field" classname="8 - 12. user login with non-numerical phone number but correct password" time="12.811"/>
  <testcase name="User input password &quot;P@ssw0rd&quot; on password field" classname="8 - 12. user login with non-numerical phone number but correct password" time="1.455"/>
  <testcase name="User cannot click Sign In button on Login Page" classname="8 - 12. user login with non-numerical phone number but correct password" time="0.684"/>
  <testcase name="User see error message &quot;Wrong Phone Number format! Must starts with 8, contains numbers and 9 – 12 digits!&quot;" classname="8 - 12. user login with non-numerical phone number but correct password" time="0.088"/>
  <testcase name="classMethod" classname="8 - 12. user login with non-numerical phone number but correct password" time="27.232"/>
  <system-out><![CDATA[
@Login @Invalid @Nyoba
Scenario Outline: 8 - 12. user login with non-numerical phone number but correct password                          ?[90m# src/test/resources/features/Login.feature:69?[0m

@Login @Invalid @Nyoba
Scenario Outline: 8 - 12. user login with non-numerical phone number but correct password                          ?[90m# src/test/resources/features/Login.feature:70?[0m

@Login @Invalid @Nyoba
Scenario Outline: 8 - 12. user login with non-numerical phone number but correct password                          ?[90m# src/test/resources/features/Login.feature:71?[0m

@Login @Invalid @Nyoba
Scenario Outline: 8 - 12. user login with non-numerical phone number but correct password                          ?[90m# src/test/resources/features/Login.feature:72?[0m

@Login @Invalid @Nyoba
Scenario Outline: 8 - 12. user login with non-numerical phone number but correct password                          ?[90m# src/test/resources/features/Login.feature:73?[0m
]]></system-out>
  <system-err><![CDATA[Jun 22, 2020 10:00:01 PM io.appium.java_client.remote.AppiumCommandExecutor$1 lambda$0
INFO: Detected dialect: W3C
Jun 22, 2020 10:00:35 PM io.appium.java_client.remote.AppiumCommandExecutor$1 lambda$0
INFO: Detected dialect: W3C
Jun 22, 2020 10:01:01 PM io.appium.java_client.remote.AppiumCommandExecutor$1 lambda$0
INFO: Detected dialect: W3C
Jun 22, 2020 10:01:34 PM io.appium.java_client.remote.AppiumCommandExecutor$1 lambda$0
INFO: Detected dialect: W3C
Jun 22, 2020 10:02:01 PM io.appium.java_client.remote.AppiumCommandExecutor$1 lambda$0
INFO: Detected dialect: W3C
]]></system-err>
</testsuite>
