<?xml version="1.0" encoding="UTF-8"?>
<testsuite name="4. user login with incorrect phone number and password" tests="6" skipped="0" failures="0" errors="0" timestamp="2020-06-24T05:29:02" hostname="LAPTOP-8ROAKM94" time="7.623">
  <properties/>
  <testcase name="User is on Login Page" classname="4. user login with incorrect phone number and password" time="3.681"/>
  <testcase name="User input phone number &quot;81394577000&quot; on phone number field" classname="4. user login with incorrect phone number and password" time="0.147"/>
  <testcase name="User input password &quot;P@ssword123&quot; on password field" classname="4. user login with incorrect phone number and password" time="0.884"/>
  <testcase name="User click Sign In button on Login Page" classname="4. user login with incorrect phone number and password" time="0.743"/>
  <testcase name="User see pop up message &quot;Incorrect Phone Number or Password. Please input your correct Phone Number and Password&quot;" classname="4. user login with incorrect phone number and password" time="1.557"/>
  <testcase name="classMethod" classname="4. user login with incorrect phone number and password" time="16.347"/>
  <system-out><![CDATA[
@Login
Scenario: 4. user login with incorrect phone number and password                                                         ?[90m# src/test/resources/features/Login.feature:28?[0m
]]></system-out>
  <system-err><![CDATA[Jun 24, 2020 12:29:02 PM io.appium.java_client.remote.AppiumCommandExecutor$1 lambda$0
INFO: Detected dialect: W3C
]]></system-err>
</testsuite>
