<?xml version="1.0" encoding="UTF-8"?>
<testsuite name="project.CucumberRunner" tests="0" skipped="0" failures="0" errors="0" timestamp="1970-01-01T00:00:00" hostname="LAPTOP-8ROAKM94" time="0.0">
  <properties/>
  <system-out><![CDATA[  ?[32mGiven ?[0m?[32mUser is on Login Page?[0m                   ?[90m# project.stepsdefinition.LoginStepDefinition.userIsOnLoginPage()?[0m
  ?[32mWhen ?[0m?[32mUser click Forgot Password button?[0m        ?[90m# project.stepsdefinition.LoginStepDefinition.userClickForgotPasswordButton()?[0m
  ?[32mThen ?[0m?[32mUser directed to Forgot Password Page?[0m    ?[90m# project.stepsdefinition.LoginStepDefinition.userDirectedToForgotPasswordPage()?[0m

1 Scenarios (?[32m1 passed?[0m)
3 Steps (?[32m3 passed?[0m)
0m14.203s


]]></system-out>
  <system-err><![CDATA[Jun 25, 2020 10:05:24 AM io.cucumber.core.options.CucumberPropertiesParser parse
WARNING: Passing commandline options via the property `cucumber.options` has been deprecatedin favour of explicitly using property names.
Please use these instead: [cucumber.ansi-colors.disabled, cucumber.execution.dry-run, cucumber.execution.limit, cucumber.execution.order, cucumber.execution.strict, cucumber.execution.wip, cucumber.features, cucumber.filter.name, cucumber.filter.tags, cucumber.glue, cucumber.object-factory, cucumber.plugin, cucumber.snippet-type]
Jun 25, 2020 10:05:24 AM io.cucumber.junit.Cucumber <init>
WARNING: By default Cucumber is running in --non-strict mode.
This default will change to --strict and --non-strict will be removed.
You can use --strict or @CucumberOptions(strict = true) to suppress this warning
]]></system-err>
</testsuite>
