<?xml version="1.0" encoding="UTF-8"?>
<testsuite name="User input password and click hide/show password button" tests="5" skipped="0" failures="0" errors="0" timestamp="2020-06-24T07:14:58" hostname="LAPTOP-8ROAKM94" time="6.195">
  <properties/>
  <testcase name="User is on Login Page" classname="User input password and click hide/show password button" time="3.299"/>
  <testcase name="User input password &quot;P@ssw0rd&quot; on password field" classname="User input password and click hide/show password button" time="0.884"/>
  <testcase name="User click show password button" classname="User input password and click hide/show password button" time="0.852"/>
  <testcase name="User see &quot;P@ssw0rd&quot; on password field" classname="User input password and click hide/show password button" time="0.541"/>
  <testcase name="classMethod" classname="User input password and click hide/show password button" time="14.522"/>
  <system-out><![CDATA[
@Login @Show
Scenario: User input password and click hide/show password button ?[90m# src/test/resources/features/Login.feature:231?[0m
]]></system-out>
  <system-err><![CDATA[Jun 24, 2020 2:14:58 PM io.appium.java_client.remote.AppiumCommandExecutor$1 lambda$0
INFO: Detected dialect: W3C
]]></system-err>
</testsuite>
