<?xml version="1.0" encoding="UTF-8"?>
<testsuite name="User left empty password" tests="4" skipped="0" failures="0" errors="0" timestamp="2020-06-24T07:10:34" hostname="LAPTOP-8ROAKM94" time="5.759">
  <properties/>
  <testcase name="User is on Login Page" classname="User left empty password" time="3.516"/>
  <testcase name="User input password &quot;&quot; on password field" classname="User left empty password" time="0.879"/>
  <testcase name="User see error message &quot;Password cannot be empty!&quot; on password field" classname="User left empty password" time="0.707"/>
  <testcase name="classMethod" classname="User left empty password" time="14.006"/>
  <system-out><![CDATA[
@Login @PasswordField
Scenario: User left empty password                                          ?[90m# src/test/resources/features/Login.feature:197?[0m
]]></system-out>
  <system-err><![CDATA[Jun 24, 2020 2:10:34 PM io.appium.java_client.remote.AppiumCommandExecutor$1 lambda$0
INFO: Detected dialect: W3C
]]></system-err>
</testsuite>
