<?xml version="1.0" encoding="UTF-8"?>
<testsuite name="User input password and didn't click hide/show password button" tests="4" skipped="0" failures="0" errors="0" timestamp="2020-06-24T07:15:12" hostname="LAPTOP-8ROAKM94" time="5.881">
  <properties/>
  <testcase name="User is on Login Page" classname="User input password and didn't click hide/show password button" time="3.565"/>
  <testcase name="User input password &quot;P@ssw0rd&quot; on password field" classname="User input password and didn't click hide/show password button" time="0.916"/>
  <testcase name="User see password is masked" classname="User input password and didn't click hide/show password button" time="0.786"/>
  <testcase name="classMethod" classname="User input password and didn't click hide/show password button" time="14.211"/>
  <system-out><![CDATA[
@Login @Show
Scenario: User input password and didn't click hide/show password button ?[90m# src/test/resources/features/Login.feature:238?[0m
]]></system-out>
  <system-err><![CDATA[Jun 24, 2020 2:15:12 PM io.appium.java_client.remote.AppiumCommandExecutor$1 lambda$0
INFO: Detected dialect: W3C
]]></system-err>
</testsuite>
