<?xml version="1.0" encoding="UTF-8"?>
<testsuite name="15. user login with correct phone number but empty password" tests="6" skipped="0" failures="0" errors="0" timestamp="2020-06-24T07:03:10" hostname="LAPTOP-8ROAKM94" time="6.502">
  <properties/>
  <testcase name="User is on Login Page" classname="15. user login with correct phone number but empty password" time="3.616"/>
  <testcase name="User input phone number &quot;81394577665&quot; on phone number field" classname="15. user login with correct phone number but empty password" time="0.695"/>
  <testcase name="User input password &quot;&quot; on password field" classname="15. user login with correct phone number but empty password" time="0.866"/>
  <testcase name="User cannot click Sign In button on Login Page" classname="15. user login with correct phone number but empty password" time="0.614"/>
  <testcase name="User see error message &quot;Password cannot be empty!&quot;" classname="15. user login with correct phone number but empty password" time="0.092"/>
  <testcase name="classMethod" classname="15. user login with correct phone number but empty password" time="15.096"/>
  <system-out><![CDATA[
@Login @Invalid
Scenario: 15. user login with correct phone number but empty password ?[90m# src/test/resources/features/Login.feature:92?[0m
]]></system-out>
  <system-err><![CDATA[Jun 24, 2020 2:03:10 PM io.appium.java_client.remote.AppiumCommandExecutor$1 lambda$0
INFO: Detected dialect: W3C
]]></system-err>
</testsuite>
