<?xml version="1.0" encoding="UTF-8"?>
<testsuite name="5. user login with empty phone number but correct password" tests="6" skipped="0" failures="0" errors="0" timestamp="2020-06-24T07:00:36" hostname="LAPTOP-8ROAKM94" time="7.104">
  <properties/>
  <testcase name="User is on Login Page" classname="5. user login with empty phone number but correct password" time="3.564"/>
  <testcase name="User input phone number &quot;&quot; on phone number field" classname="5. user login with empty phone number but correct password" time="0.681"/>
  <testcase name="User input password &quot;P@ssw0rd&quot; on password field" classname="5. user login with empty phone number but correct password" time="1.353"/>
  <testcase name="User cannot click Sign In button on Login Page" classname="5. user login with empty phone number but correct password" time="0.717"/>
  <testcase name="User see error message &quot;Phone Number cannot be empty!&quot;" classname="5. user login with empty phone number but correct password" time="0.092"/>
  <testcase name="classMethod" classname="5. user login with empty phone number but correct password" time="15.867"/>
  <system-out><![CDATA[
@Login @Invalid
Scenario: 5. user login with empty phone number but correct password ?[90m# src/test/resources/features/Login.feature:36?[0m
]]></system-out>
  <system-err><![CDATA[Jun 24, 2020 2:00:36 PM io.appium.java_client.remote.AppiumCommandExecutor$1 lambda$0
INFO: Detected dialect: W3C
]]></system-err>
</testsuite>
