<?xml version="1.0" encoding="UTF-8"?>
<testsuite name="8 - 12. user login with non-numerical phone number but correct password" tests="30" skipped="0" failures="2" errors="0" timestamp="2020-06-24T05:30:04" hostname="LAPTOP-8ROAKM94" time="68.228">
  <properties/>
  <testcase name="User is on Login Page" classname="8 - 12. user login with non-numerical phone number but correct password" time="3.683"/>
  <testcase name="User input phone number &quot;813abcd00&quot; on phone number field" classname="8 - 12. user login with non-numerical phone number but correct password" time="0.7"/>
  <testcase name="User input password &quot;P@ssw0rd&quot; on password field" classname="8 - 12. user login with non-numerical phone number but correct password" time="1.479"/>
  <testcase name="User cannot click Sign In button on Login Page" classname="8 - 12. user login with non-numerical phone number but correct password" time="0.696"/>
  <testcase name="User see error message &quot;Wrong Phone Number format! All Numbers and 9 – 12 digits!&quot;" classname="8 - 12. user login with non-numerical phone number but correct password" time="0.101"/>
  <testcase name="classMethod" classname="8 - 12. user login with non-numerical phone number but correct password" time="15.961"/>
  <testcase name="User is on Login Page" classname="8 - 12. user login with non-numerical phone number but correct password" time="3.679"/>
  <testcase name="User input phone number &quot;abcdefghi&quot; on phone number field" classname="8 - 12. user login with non-numerical phone number but correct password" time="0.128"/>
  <testcase name="User input password &quot;P@ssw0rd&quot; on password field" classname="8 - 12. user login with non-numerical phone number but correct password" time="0.697"/>
  <testcase name="User cannot click Sign In button on Login Page" classname="8 - 12. user login with non-numerical phone number but correct password" time="0.692"/>
  <testcase name="User see error message &quot;Wrong Phone Number format! All Numbers and 9 – 12 digits!&quot;" classname="8 - 12. user login with non-numerical phone number but correct password" time="0.102"/>
  <testcase name="classMethod" classname="8 - 12. user login with non-numerical phone number but correct password" time="14.59"/>
  <testcase name="User is on Login Page" classname="8 - 12. user login with non-numerical phone number but correct password" time="3.634"/>
  <testcase name="User input phone number &quot;81300000!&quot; on phone number field" classname="8 - 12. user login with non-numerical phone number but correct password" time="0.121"/>
  <testcase name="User input password &quot;P@ssw0rd&quot; on password field" classname="8 - 12. user login with non-numerical phone number but correct password" time="1.463"/>
  <testcase name="User cannot click Sign In button on Login Page" classname="8 - 12. user login with non-numerical phone number but correct password" time="0.697"/>
  <testcase name="User see error message &quot;Wrong Phone Number format! All Numbers and 9 – 12 digits!&quot;" classname="8 - 12. user login with non-numerical phone number but correct password" time="0.096"/>
  <testcase name="classMethod" classname="8 - 12. user login with non-numerical phone number but correct password" time="15.346"/>
  <testcase name="User is on Login Page" classname="8 - 12. user login with non-numerical phone number but correct password" time="3.658"/>
  <testcase name="User input phone number &quot;!@#$%^&amp;*(&quot; on phone number field" classname="8 - 12. user login with non-numerical phone number but correct password" time="0.143"/>
  <testcase name="User input password &quot;P@ssw0rd&quot; on password field" classname="8 - 12. user login with non-numerical phone number but correct password" time="0.719"/>
  <testcase name="User cannot click Sign In button on Login Page" classname="8 - 12. user login with non-numerical phone number but correct password" time="0.696"/>
  <testcase name="User see error message &quot;Wrong Phone Number format! All Numbers and 9 – 12 digits!&quot;" classname="8 - 12. user login with non-numerical phone number but correct password" time="0.093"/>
  <testcase name="classMethod" classname="8 - 12. user login with non-numerical phone number but correct password" time="14.613"/>
  <testcase name="User is on Login Page" classname="8 - 12. user login with non-numerical phone number but correct password" time="3.638"/>
  <testcase name="User input phone number &quot;??&quot; on phone number field" classname="8 - 12. user login with non-numerical phone number but correct password" time="0.693"/>
  <testcase name="User input password &quot;P@ssw0rd&quot; on password field" classname="8 - 12. user login with non-numerical phone number but correct password" time="1.373"/>
  <testcase name="User cannot click Sign In button on Login Page" classname="8 - 12. user login with non-numerical phone number but correct password" time="0.691"/>
  <testcase name="User see error message &quot;Wrong Phone Number format! All Numbers and 9 – 12 digits!&quot;" classname="8 - 12. user login with non-numerical phone number but correct password" time="0.098">
    <failure message="org.junit.ComparisonFailure: expected:&lt;[Wrong Phone Number format! All Numbers and 9 – 12 digits]!&gt; but was:&lt;[Phone Number cannot be empty]!&gt;" type="org.junit.ComparisonFailure">org.junit.ComparisonFailure: expected:&lt;[Wrong Phone Number format! All Numbers and 9 – 12 digits]!&gt; but was:&lt;[Phone Number cannot be empty]!&gt;
	at org.junit.Assert.assertEquals(Assert.java:117)
	at org.junit.Assert.assertEquals(Assert.java:146)
	at project.stepsdefinition.LoginStepDefinition.userSeeErrorMessage(LoginStepDefinition.java:47)
	at ✽.User see error message &quot;Wrong Phone Number format! All Numbers and 9 – 12 digits!&quot;(file:///D:/DANA/Debrief%202/src/test/resources/features/Login.feature:65)
</failure>
  </testcase>
  <testcase name="classMethod" classname="8 - 12. user login with non-numerical phone number but correct password" time="16.401">
    <failure message="org.junit.ComparisonFailure: expected:&lt;[Wrong Phone Number format! All Numbers and 9 – 12 digits]!&gt; but was:&lt;[Phone Number cannot be empty]!&gt;" type="org.junit.ComparisonFailure">org.junit.ComparisonFailure: expected:&lt;[Wrong Phone Number format! All Numbers and 9 – 12 digits]!&gt; but was:&lt;[Phone Number cannot be empty]!&gt;
	at org.junit.Assert.assertEquals(Assert.java:117)
	at org.junit.Assert.assertEquals(Assert.java:146)
	at project.stepsdefinition.LoginStepDefinition.userSeeErrorMessage(LoginStepDefinition.java:47)
	at ✽.User see error message &quot;Wrong Phone Number format! All Numbers and 9 – 12 digits!&quot;(file:///D:/DANA/Debrief%202/src/test/resources/features/Login.feature:65)
</failure>
  </testcase>
  <system-out><![CDATA[
@Login @Invalid @Nyoba
Scenario Outline: 8 - 12. user login with non-numerical phone number but correct password ?[90m# src/test/resources/features/Login.feature:69?[0m

@Login @Invalid @Nyoba
Scenario Outline: 8 - 12. user login with non-numerical phone number but correct password ?[90m# src/test/resources/features/Login.feature:70?[0m

@Login @Invalid @Nyoba
Scenario Outline: 8 - 12. user login with non-numerical phone number but correct password ?[90m# src/test/resources/features/Login.feature:71?[0m

@Login @Invalid @Nyoba
Scenario Outline: 8 - 12. user login with non-numerical phone number but correct password ?[90m# src/test/resources/features/Login.feature:72?[0m

@Login @Invalid @Nyoba
Scenario Outline: 8 - 12. user login with non-numerical phone number but correct password ?[90m# src/test/resources/features/Login.feature:73?[0m
]]></system-out>
  <system-err><![CDATA[Jun 24, 2020 12:30:04 PM io.appium.java_client.remote.AppiumCommandExecutor$1 lambda$0
INFO: Detected dialect: W3C
Jun 24, 2020 12:30:20 PM io.appium.java_client.remote.AppiumCommandExecutor$1 lambda$0
INFO: Detected dialect: W3C
Jun 24, 2020 12:30:34 PM io.appium.java_client.remote.AppiumCommandExecutor$1 lambda$0
INFO: Detected dialect: W3C
Jun 24, 2020 12:30:50 PM io.appium.java_client.remote.AppiumCommandExecutor$1 lambda$0
INFO: Detected dialect: W3C
Jun 24, 2020 12:31:04 PM io.appium.java_client.remote.AppiumCommandExecutor$1 lambda$0
INFO: Detected dialect: W3C
]]></system-err>
</testsuite>
