<?xml version="1.0" encoding="UTF-8"?>
<testsuite name="13. user login with prefix 62 phone number but correct password" tests="6" skipped="0" failures="0" errors="0" timestamp="2020-06-24T05:31:21" hostname="LAPTOP-8ROAKM94" time="6.54">
  <properties/>
  <testcase name="User is on Login Page" classname="13. user login with prefix 62 phone number but correct password" time="3.653"/>
  <testcase name="User input phone number &quot;62813000000&quot; on phone number field" classname="13. user login with prefix 62 phone number but correct password" time="0.689"/>
  <testcase name="User input password &quot;P@ssw0rd&quot; on password field" classname="13. user login with prefix 62 phone number but correct password" time="0.699"/>
  <testcase name="User cannot click Sign In button on Login Page" classname="13. user login with prefix 62 phone number but correct password" time="0.687"/>
  <testcase name="User see error message &quot;Wrong Phone Number format! All Numbers and 9 â€“ 12 digits!&quot;" classname="13. user login with prefix 62 phone number but correct password" time="0.098"/>
  <testcase name="classMethod" classname="13. user login with prefix 62 phone number but correct password" time="15.238"/>
  <system-out><![CDATA[
@Login @Invalid
Scenario: 13. user login with prefix 62 phone number but correct password                 ?[90m# src/test/resources/features/Login.feature:76?[0m
]]></system-out>
  <system-err><![CDATA[Jun 24, 2020 12:31:21 PM io.appium.java_client.remote.AppiumCommandExecutor$1 lambda$0
INFO: Detected dialect: W3C
]]></system-err>
</testsuite>
