<?xml version="1.0" encoding="UTF-8"?>
<testsuite name="User wants to Forgot his own Password" tests="4" skipped="0" failures="0" errors="0" timestamp="2020-06-24T07:15:54" hostname="LAPTOP-8ROAKM94" time="4.33">
  <properties/>
  <testcase name="User is on Login Page" classname="User wants to Forgot his own Password" time="3.581"/>
  <testcase name="User click Forgot Password button" classname="User wants to Forgot his own Password" time="0.09"/>
  <testcase name="User directed to Forgot Password Page" classname="User wants to Forgot his own Password" time="0.001"/>
  <testcase name="classMethod" classname="User wants to Forgot his own Password" time="12.608"/>
  <system-out><![CDATA[
@Login @forpassbutton
Scenario: User wants to Forgot his own Password ?[90m# src/test/resources/features/Login.feature:260?[0m
]]></system-out>
  <system-err><![CDATA[Jun 24, 2020 2:15:54 PM io.appium.java_client.remote.AppiumCommandExecutor$1 lambda$0
INFO: Detected dialect: W3C
]]></system-err>
</testsuite>
