<?xml version="1.0" encoding="UTF-8"?>
<testsuite name="User wants to Forgot his own Password" tests="4" skipped="0" failures="0" errors="0" timestamp="2020-06-24T05:45:28" hostname="LAPTOP-8ROAKM94" time="4.522">
  <properties/>
  <testcase name="User is on Login Page" classname="User wants to Forgot his own Password" time="3.857"/>
  <testcase name="User click Forgot Password button" classname="User wants to Forgot his own Password" time="0.093"/>
  <testcase name="User directed to Forgot Password Page" classname="User wants to Forgot his own Password" time="0.0"/>
  <testcase name="classMethod" classname="User wants to Forgot his own Password" time="13.239"/>
  <system-out><![CDATA[
@Login @forpassbutton
Scenario: User wants to Forgot his own Password ?[90m# src/test/resources/features/Login.feature:259?[0m
]]></system-out>
  <system-err><![CDATA[Jun 24, 2020 12:45:28 PM io.appium.java_client.remote.AppiumCommandExecutor$1 lambda$0
INFO: Detected dialect: W3C
]]></system-err>
</testsuite>
