<?xml version="1.0" encoding="UTF-8"?>
<testsuite name="project.CucumberRunner" tests="0" skipped="0" failures="0" errors="0" timestamp="1970-01-01T00:00:00" hostname="dnid0666l01.local" time="0.0">
  <properties/>
  <system-out><![CDATA[  ?[32mGiven ?[0m?[32mUser is on Login Page?[0m                                     ?[90m# project.stepsdefinition.LoginStepDefinition.userIsOnLoginPage()?[0m
  ?[32mAnd ?[0m?[32mUser input phone number ?[0m?[32m?[1m"81266829795"?[0m?[32m on phone number field?[0m ?[90m# project.stepsdefinition.LoginStepDefinition.userInputPhoneNumberOnPhoneNumberField(java.lang.String)?[0m
  ?[32mAnd ?[0m?[32mUser input password ?[0m?[32m?[1m"Pass@123"?[0m?[32m on password field?[0m            ?[90m# project.stepsdefinition.LoginStepDefinition.userInputPasswordOnPasswordField(java.lang.String)?[0m
  ?[32mAnd ?[0m?[32mUser click Sign In button on Login Page?[0m                     ?[90m# project.stepsdefinition.LoginStepDefinition.userClickSignInButton()?[0m
  ?[32mGiven ?[0m?[32mUser is on Home Page?[0m                                      ?[90m# project.stepsdefinition.ChangePasswordStepDefinition.userIsOnHomePage()?[0m
  ?[32mWhen ?[0m?[32mUser tap QR Scan Button on Home Page?[0m                       ?[90m# project.stepsdefinition.HomeStepDefinition.userTapQRScanButtonOnHomePage()?[0m
  ?[32mThen ?[0m?[32mUser is on QR Scan page?[0m                                    ?[90m# project.stepsdefinition.HomeStepDefinition.userIsOnQRScanPage()?[0m

1 Scenarios (?[32m1 passed?[0m)
7 Steps (?[32m7 passed?[0m)
0m36.022s


]]></system-out>
  <system-err><![CDATA[Jun 25, 2020 1:17:42 PM io.cucumber.core.options.CucumberPropertiesParser parse
WARNING: Passing commandline options via the property `cucumber.options` has been deprecatedin favour of explicitly using property names.
Please use these instead: [cucumber.ansi-colors.disabled, cucumber.execution.dry-run, cucumber.execution.limit, cucumber.execution.order, cucumber.execution.strict, cucumber.execution.wip, cucumber.features, cucumber.filter.name, cucumber.filter.tags, cucumber.glue, cucumber.object-factory, cucumber.plugin, cucumber.snippet-type]
Jun 25, 2020 1:17:42 PM io.cucumber.junit.Cucumber <init>
WARNING: By default Cucumber is running in --non-strict mode.
This default will change to --strict and --non-strict will be removed.
You can use --strict or @CucumberOptions(strict = true) to suppress this warning
]]></system-err>
</testsuite>
