<?xml version="1.0" encoding="UTF-8"?>
<testsuite name="17. user login with correct phone number but 21 digits password" tests="6" skipped="0" failures="0" errors="0" timestamp="2020-06-24T05:32:23" hostname="LAPTOP-8ROAKM94" time="6.422">
  <properties/>
  <testcase name="User is on Login Page" classname="17. user login with correct phone number but 21 digits password" time="3.624"/>
  <testcase name="User input phone number &quot;81394577665&quot; on phone number field" classname="17. user login with correct phone number but 21 digits password" time="0.125"/>
  <testcase name="User input password &quot;P@ssw0rd1234567890abc&quot; on password field" classname="17. user login with correct phone number but 21 digits password" time="1.363"/>
  <testcase name="User cannot click Sign In button on Login Page" classname="17. user login with correct phone number but 21 digits password" time="0.603"/>
  <testcase name="User see error message &quot;Password should be 8 digits and contains : a–z, A–Z, 1–9, Symbol!&quot;" classname="17. user login with correct phone number but 21 digits password" time="0.089"/>
  <testcase name="classMethod" classname="17. user login with correct phone number but 21 digits password" time="15.213"/>
  <system-out><![CDATA[
@Login @Invalid
Scenario: 17. user login with correct phone number but 21 digits password                         ?[90m# src/test/resources/features/Login.feature:108?[0m
]]></system-out>
  <system-err><![CDATA[Jun 24, 2020 12:32:23 PM io.appium.java_client.remote.AppiumCommandExecutor$1 lambda$0
INFO: Detected dialect: W3C
]]></system-err>
</testsuite>
