<?xml version="1.0" encoding="UTF-8"?>
<testsuite name="16. user login with correct phone number but 7 digits password" tests="6" skipped="0" failures="0" errors="0" timestamp="2020-06-24T07:03:25" hostname="LAPTOP-8ROAKM94" time="6.316">
  <properties/>
  <testcase name="User is on Login Page" classname="16. user login with correct phone number but 7 digits password" time="3.423"/>
  <testcase name="User input phone number &quot;81394577665&quot; on phone number field" classname="16. user login with correct phone number but 7 digits password" time="0.13"/>
  <testcase name="User input password &quot;P@ssw0r&quot; on password field" classname="16. user login with correct phone number but 7 digits password" time="1.415"/>
  <testcase name="User cannot click Sign In button on Login Page" classname="16. user login with correct phone number but 7 digits password" time="0.621"/>
  <testcase name="User see error message &quot;Password should be 8 digits and contains : a–z, A–Z, 1–9, Symbol!&quot;" classname="16. user login with correct phone number but 7 digits password" time="0.09"/>
  <testcase name="classMethod" classname="16. user login with correct phone number but 7 digits password" time="14.95"/>
  <system-out><![CDATA[
@Login @Invalid
Scenario: 16. user login with correct phone number but 7 digits password                          ?[90m# src/test/resources/features/Login.feature:100?[0m
]]></system-out>
  <system-err><![CDATA[Jun 24, 2020 2:03:25 PM io.appium.java_client.remote.AppiumCommandExecutor$1 lambda$0
INFO: Detected dialect: W3C
]]></system-err>
</testsuite>
