<?xml version="1.0" encoding="UTF-8"?>
<testsuite name="17. user login with correct phone number but 21 digits password" tests="6" skipped="1" failures="2" errors="0" timestamp="2020-06-22T15:04:34" hostname="dnid0666l01.local" time="16.723">
  <properties/>
  <testcase name="User is on Login Page" classname="17. user login with correct phone number but 21 digits password" time="0.971"/>
  <testcase name="User input phone number &quot;81394577665&quot; on phone number field" classname="17. user login with correct phone number but 21 digits password" time="12.819"/>
  <testcase name="User input password &quot;P@ssw0rd1234567890abc&quot; on password field" classname="17. user login with correct phone number but 21 digits password" time="1.389"/>
  <testcase name="User cannot click Sign In button on Login Page" classname="17. user login with correct phone number but 21 digits password" time="0.685">
    <failure message="java.lang.AssertionError" type="java.lang.AssertionError">java.lang.AssertionError
	at org.junit.Assert.fail(Assert.java:87)
	at org.junit.Assert.assertTrue(Assert.java:42)
	at org.junit.Assert.assertFalse(Assert.java:65)
	at org.junit.Assert.assertFalse(Assert.java:75)
	at project.stepsdefinition.LoginStepDefinition.userCannotClickSignInButtonOnLoginPage(LoginStepDefinition.java:58)
	at ✽.User cannot click Sign In button on Login Page(file:///Users/chenr/IdeaProjects/DANA-Business-Project/src/test/resources/features/Login.feature:112)
</failure>
  </testcase>
  <testcase name="User see error message &quot;Password should be 8 digits and contains : a–z, A–Z, 1–9, Symbol!&quot;" classname="17. user login with correct phone number but 21 digits password" time="0.003">
    <skipped/>
  </testcase>
  <testcase name="classMethod" classname="17. user login with correct phone number but 21 digits password" time="32.936">
    <failure message="java.lang.AssertionError" type="java.lang.AssertionError">java.lang.AssertionError
	at org.junit.Assert.fail(Assert.java:87)
	at org.junit.Assert.assertTrue(Assert.java:42)
	at org.junit.Assert.assertFalse(Assert.java:65)
	at org.junit.Assert.assertFalse(Assert.java:75)
	at project.stepsdefinition.LoginStepDefinition.userCannotClickSignInButtonOnLoginPage(LoginStepDefinition.java:58)
	at ✽.User cannot click Sign In button on Login Page(file:///Users/chenr/IdeaProjects/DANA-Business-Project/src/test/resources/features/Login.feature:112)
</failure>
  </testcase>
  <system-out><![CDATA[
@Login @Invalid
Scenario: 17. user login with correct phone number but 21 digits password                         ?[90m# src/test/resources/features/Login.feature:108?[0m
]]></system-out>
  <system-err><![CDATA[Jun 22, 2020 10:04:34 PM io.appium.java_client.remote.AppiumCommandExecutor$1 lambda$0
INFO: Detected dialect: W3C
]]></system-err>
</testsuite>
