<?xml version="1.0" encoding="UTF-8"?>
<testsuite name="User input password and didn't click hide/show password button" tests="4" skipped="0" failures="0" errors="0" timestamp="2020-06-24T05:44:43" hostname="LAPTOP-8ROAKM94" time="5.228">
  <properties/>
  <testcase name="User is on Login Page" classname="User input password and didn't click hide/show password button" time="3.671"/>
  <testcase name="User input password &quot;P@ssw0rd&quot; on password field" classname="User input password and didn't click hide/show password button" time="0.17"/>
  <testcase name="User see password is masked" classname="User input password and didn't click hide/show password button" time="0.775"/>
  <testcase name="classMethod" classname="User input password and didn't click hide/show password button" time="14.101"/>
  <system-out><![CDATA[
@Login @Show
Scenario: User input password and didn't click hide/show password button ?[90m# src/test/resources/features/Login.feature:237?[0m
]]></system-out>
  <system-err><![CDATA[Jun 24, 2020 12:44:43 PM io.appium.java_client.remote.AppiumCommandExecutor$1 lambda$0
INFO: Detected dialect: W3C
]]></system-err>
</testsuite>
