<?xml version="1.0" encoding="UTF-8"?>
<testsuite name="5. user login with empty phone number but correct password" tests="6" skipped="0" failures="0" errors="0" timestamp="2020-06-22T14:58:39" hostname="dnid0666l01.local" time="16.422">
  <properties/>
  <testcase name="User is on Login Page" classname="5. user login with empty phone number but correct password" time="1.044"/>
  <testcase name="User input phone number &quot;&quot; on phone number field" classname="5. user login with empty phone number but correct password" time="12.757"/>
  <testcase name="User input password &quot;P@ssw0rd&quot; on password field" classname="5. user login with empty phone number but correct password" time="1.376"/>
  <testcase name="User cannot click Sign In button on Login Page" classname="5. user login with empty phone number but correct password" time="0.679"/>
  <testcase name="User see error message &quot;Phone Number cannot be empty!&quot;" classname="5. user login with empty phone number but correct password" time="0.069"/>
  <testcase name="classMethod" classname="5. user login with empty phone number but correct password" time="32.534"/>
  <system-out><![CDATA[
@Login @Invalid
Scenario: 5. user login with empty phone number but correct password ?[90m# src/test/resources/features/Login.feature:36?[0m
]]></system-out>
  <system-err><![CDATA[Jun 22, 2020 9:58:39 PM io.appium.java_client.remote.AppiumCommandExecutor$1 lambda$0
INFO: Detected dialect: W3C
]]></system-err>
</testsuite>
