<?xml version="1.0" encoding="UTF-8"?>
<testsuite name="1. user login with correct phone number and password" tests="6" skipped="0" failures="0" errors="0" timestamp="2020-06-22T14:53:41" hostname="dnid0666l01.local" time="18.329">
  <properties/>
  <testcase name="User is on Login Page" classname="1. user login with correct phone number and password" time="0.625"/>
  <testcase name="User input phone number &quot;81394577665&quot; on phone number field" classname="1. user login with correct phone number and password" time="12.904"/>
  <testcase name="User input password &quot;P@ssw0rd&quot; on password field" classname="1. user login with correct phone number and password" time="1.384"/>
  <testcase name="User click Sign In button on Login Page" classname="1. user login with correct phone number and password" time="0.706"/>
  <testcase name="User directed to Home Page" classname="1. user login with correct phone number and password" time="2.183"/>
  <testcase name="classMethod" classname="1. user login with correct phone number and password" time="31.363"/>
  <system-out><![CDATA[
@Login @Valid
Scenario: 1. user login with correct phone number and password     ?[90m# src/test/resources/features/Login.feature:6?[0m
]]></system-out>
  <system-err><![CDATA[Jun 22, 2020 9:53:41 PM io.appium.java_client.remote.AppiumCommandExecutor$1 lambda$0
INFO: Detected dialect: W3C
]]></system-err>
</testsuite>
