<?xml version="1.0" encoding="UTF-8"?>
<testsuite name="16. user login with correct phone number but 7 digits password" tests="6" skipped="0" failures="0" errors="0" timestamp="2020-06-24T05:32:07" hostname="LAPTOP-8ROAKM94" time="7.136">
  <properties/>
  <testcase name="User is on Login Page" classname="16. user login with correct phone number but 7 digits password" time="3.701"/>
  <testcase name="User input phone number &quot;81394577665&quot; on phone number field" classname="16. user login with correct phone number but 7 digits password" time="0.691"/>
  <testcase name="User input password &quot;P@ssw0r&quot; on password field" classname="16. user login with correct phone number but 7 digits password" time="1.382"/>
  <testcase name="User cannot click Sign In button on Login Page" classname="16. user login with correct phone number but 7 digits password" time="0.633"/>
  <testcase name="User see error message &quot;Password should be 8 digits and contains : a–z, A–Z, 1–9, Symbol!&quot;" classname="16. user login with correct phone number but 7 digits password" time="0.094"/>
  <testcase name="classMethod" classname="16. user login with correct phone number but 7 digits password" time="15.762"/>
  <system-out><![CDATA[
@Login @Invalid
Scenario: 16. user login with correct phone number but 7 digits password                          ?[90m# src/test/resources/features/Login.feature:100?[0m
]]></system-out>
  <system-err><![CDATA[Jun 24, 2020 12:32:07 PM io.appium.java_client.remote.AppiumCommandExecutor$1 lambda$0
INFO: Detected dialect: W3C
]]></system-err>
</testsuite>
