<?xml version="1.0" encoding="UTF-8"?>
<testsuite name="8 - 12. user login with non-numerical phone number but correct password" tests="30" skipped="0" failures="0" errors="0" timestamp="2020-06-24T07:01:23" hostname="LAPTOP-8ROAKM94" time="68.946">
  <properties/>
  <testcase name="User is on Login Page" classname="8 - 12. user login with non-numerical phone number but correct password" time="3.578"/>
  <testcase name="User input phone number &quot;813abcd00&quot; on phone number field" classname="8 - 12. user login with non-numerical phone number but correct password" time="0.683"/>
  <testcase name="User input password &quot;P@ssw0rd&quot; on password field" classname="8 - 12. user login with non-numerical phone number but correct password" time="1.473"/>
  <testcase name="User cannot click Sign In button on Login Page" classname="8 - 12. user login with non-numerical phone number but correct password" time="0.715"/>
  <testcase name="User see error message &quot;Wrong Phone Number format! All Numbers and 9 – 12 digits!&quot;" classname="8 - 12. user login with non-numerical phone number but correct password" time="0.089"/>
  <testcase name="classMethod" classname="8 - 12. user login with non-numerical phone number but correct password" time="15.897"/>
  <testcase name="User is on Login Page" classname="8 - 12. user login with non-numerical phone number but correct password" time="3.549"/>
  <testcase name="User input phone number &quot;abcdefghi&quot; on phone number field" classname="8 - 12. user login with non-numerical phone number but correct password" time="0.115"/>
  <testcase name="User input password &quot;P@ssw0rd&quot; on password field" classname="8 - 12. user login with non-numerical phone number but correct password" time="0.701"/>
  <testcase name="User cannot click Sign In button on Login Page" classname="8 - 12. user login with non-numerical phone number but correct password" time="0.704"/>
  <testcase name="User see error message &quot;Wrong Phone Number format! All Numbers and 9 – 12 digits!&quot;" classname="8 - 12. user login with non-numerical phone number but correct password" time="0.102"/>
  <testcase name="classMethod" classname="8 - 12. user login with non-numerical phone number but correct password" time="14.601"/>
  <testcase name="User is on Login Page" classname="8 - 12. user login with non-numerical phone number but correct password" time="3.554"/>
  <testcase name="User input phone number &quot;81300000!&quot; on phone number field" classname="8 - 12. user login with non-numerical phone number but correct password" time="0.702"/>
  <testcase name="User input password &quot;P@ssw0rd&quot; on password field" classname="8 - 12. user login with non-numerical phone number but correct password" time="1.476"/>
  <testcase name="User cannot click Sign In button on Login Page" classname="8 - 12. user login with non-numerical phone number but correct password" time="0.705"/>
  <testcase name="User see error message &quot;Wrong Phone Number format! All Numbers and 9 – 12 digits!&quot;" classname="8 - 12. user login with non-numerical phone number but correct password" time="0.111"/>
  <testcase name="classMethod" classname="8 - 12. user login with non-numerical phone number but correct password" time="16.081"/>
  <testcase name="User is on Login Page" classname="8 - 12. user login with non-numerical phone number but correct password" time="3.615"/>
  <testcase name="User input phone number &quot;!@#$%^&amp;*(&quot; on phone number field" classname="8 - 12. user login with non-numerical phone number but correct password" time="0.729"/>
  <testcase name="User input password &quot;P@ssw0rd&quot; on password field" classname="8 - 12. user login with non-numerical phone number but correct password" time="1.48"/>
  <testcase name="User cannot click Sign In button on Login Page" classname="8 - 12. user login with non-numerical phone number but correct password" time="0.71"/>
  <testcase name="User see error message &quot;Wrong Phone Number format! All Numbers and 9 – 12 digits!&quot;" classname="8 - 12. user login with non-numerical phone number but correct password" time="0.095"/>
  <testcase name="classMethod" classname="8 - 12. user login with non-numerical phone number but correct password" time="15.713"/>
  <testcase name="User is on Login Page" classname="8 - 12. user login with non-numerical phone number but correct password" time="3.531"/>
  <testcase name="User input phone number &quot;??&quot; on phone number field" classname="8 - 12. user login with non-numerical phone number but correct password" time="0.68"/>
  <testcase name="User input password &quot;P@ssw0rd&quot; on password field" classname="8 - 12. user login with non-numerical phone number but correct password" time="1.361"/>
  <testcase name="User cannot click Sign In button on Login Page" classname="8 - 12. user login with non-numerical phone number but correct password" time="0.712"/>
  <testcase name="User see error message &quot;Phone Number cannot be empty!&quot;" classname="8 - 12. user login with non-numerical phone number but correct password" time="0.099"/>
  <testcase name="classMethod" classname="8 - 12. user login with non-numerical phone number but correct password" time="15.313"/>
  <system-out><![CDATA[
@Login @Invalid @Nyoba
Scenario Outline: 8 - 12. user login with non-numerical phone number but correct password ?[90m# src/test/resources/features/Login.feature:69?[0m

@Login @Invalid @Nyoba
Scenario Outline: 8 - 12. user login with non-numerical phone number but correct password ?[90m# src/test/resources/features/Login.feature:70?[0m

@Login @Invalid @Nyoba
Scenario Outline: 8 - 12. user login with non-numerical phone number but correct password ?[90m# src/test/resources/features/Login.feature:71?[0m

@Login @Invalid @Nyoba
Scenario Outline: 8 - 12. user login with non-numerical phone number but correct password ?[90m# src/test/resources/features/Login.feature:72?[0m

@Login @Invalid @Nyoba
Scenario Outline: 8 - 12. user login with non-numerical phone number but correct password ?[90m# src/test/resources/features/Login.feature:73?[0m
]]></system-out>
  <system-err><![CDATA[Jun 24, 2020 2:01:23 PM io.appium.java_client.remote.AppiumCommandExecutor$1 lambda$0
INFO: Detected dialect: W3C
Jun 24, 2020 2:01:38 PM io.appium.java_client.remote.AppiumCommandExecutor$1 lambda$0
INFO: Detected dialect: W3C
Jun 24, 2020 2:01:53 PM io.appium.java_client.remote.AppiumCommandExecutor$1 lambda$0
INFO: Detected dialect: W3C
Jun 24, 2020 2:02:09 PM io.appium.java_client.remote.AppiumCommandExecutor$1 lambda$0
INFO: Detected dialect: W3C
Jun 24, 2020 2:02:24 PM io.appium.java_client.remote.AppiumCommandExecutor$1 lambda$0
INFO: Detected dialect: W3C
]]></system-err>
</testsuite>
