<?xml version="1.0" encoding="UTF-8"?>
<testsuite name="User wants to Forgot his own Password" tests="4" skipped="0" failures="0" errors="0" timestamp="2020-06-22T15:32:21" hostname="dnid0666l01.local" time="13.775">
  <properties/>
  <testcase name="User is on Login Page" classname="User wants to Forgot his own Password" time="1.022"/>
  <testcase name="User click Forgot Password button" classname="User wants to Forgot his own Password" time="12.241"/>
  <testcase name="User directed to Forgot Password Page" classname="User wants to Forgot his own Password" time="0.001"/>
  <testcase name="classMethod" classname="User wants to Forgot his own Password" time="29.896"/>
  <system-out><![CDATA[
@Login @forpassbutton
Scenario: User wants to Forgot his own Password ?[90m# src/test/resources/features/Login.feature:259?[0m
]]></system-out>
  <system-err><![CDATA[Jun 22, 2020 10:32:21 PM io.appium.java_client.remote.AppiumCommandExecutor$1 lambda$0
INFO: Detected dialect: W3C
]]></system-err>
</testsuite>
