<?xml version="1.0" encoding="UTF-8"?>
<testsuite name="User input password and click hide/show password button" tests="5" skipped="0" failures="0" errors="0" timestamp="2020-06-24T05:44:28" hostname="LAPTOP-8ROAKM94" time="6.57">
  <properties/>
  <testcase name="User is on Login Page" classname="User input password and click hide/show password button" time="3.633"/>
  <testcase name="User input password &quot;P@ssw0rd&quot; on password field" classname="User input password and click hide/show password button" time="0.899"/>
  <testcase name="User click show password button" classname="User input password and click hide/show password button" time="0.841"/>
  <testcase name="User see &quot;P@ssw0rd&quot; on password field" classname="User input password and click hide/show password button" time="0.524"/>
  <testcase name="classMethod" classname="User input password and click hide/show password button" time="15.566"/>
  <system-out><![CDATA[
@Login @Show
Scenario: User input password and click hide/show password button ?[90m# src/test/resources/features/Login.feature:230?[0m
]]></system-out>
  <system-err><![CDATA[Jun 24, 2020 12:44:28 PM io.appium.java_client.remote.AppiumCommandExecutor$1 lambda$0
INFO: Detected dialect: W3C
]]></system-err>
</testsuite>
