<?xml version="1.0" encoding="UTF-8"?>
<testsuite name="Validate the functional of Transfer Button on Home Page" tests="8" skipped="0" failures="0" errors="0" timestamp="2020-06-25T06:26:01" hostname="dnid0666l01.local" time="15.834">
  <properties/>
  <testcase name="User is on Login Page" classname="Validate the functional of Transfer Button on Home Page" time="9.077"/>
  <testcase name="User input phone number &quot;81266829795&quot; on phone number field" classname="Validate the functional of Transfer Button on Home Page" time="0.698"/>
  <testcase name="User input password &quot;Pass@123&quot; on password field" classname="Validate the functional of Transfer Button on Home Page" time="1.369"/>
  <testcase name="User click Sign In button on Login Page" classname="Validate the functional of Transfer Button on Home Page" time="0.707"/>
  <testcase name="User is on Home Page" classname="Validate the functional of Transfer Button on Home Page" time="0.002"/>
  <testcase name="User tap Transfer Button on Home Page" classname="Validate the functional of Transfer Button on Home Page" time="2.795"/>
  <testcase name="User see message &quot;Coming soon!&quot;" classname="Validate the functional of Transfer Button on Home Page" time="0.591"/>
  <testcase name="classMethod" classname="Validate the functional of Transfer Button on Home Page" time="26.399"/>
  <system-out><![CDATA[
@Home @ValidateTransferButton
Scenario: Validate the functional of Transfer Button on Home Page ?[90m# src/test/resources/features/Home.feature:45?[0m
]]></system-out>
  <system-err><![CDATA[Jun 25, 2020 1:26:01 PM io.appium.java_client.remote.AppiumCommandExecutor$1 lambda$0
INFO: Detected dialect: W3C
]]></system-err>
</testsuite>
