<?xml version="1.0" encoding="UTF-8"?>
<testsuite name="14. user login with prefix 0 phone number but correct password" tests="6" skipped="0" failures="0" errors="0" timestamp="2020-06-24T07:02:56" hostname="LAPTOP-8ROAKM94" time="5.825">
  <properties/>
  <testcase name="User is on Login Page" classname="14. user login with prefix 0 phone number but correct password" time="3.514"/>
  <testcase name="User input phone number &quot;08130000000&quot; on phone number field" classname="14. user login with prefix 0 phone number but correct password" time="0.14"/>
  <testcase name="User input password &quot;P@ssw0rd&quot; on password field" classname="14. user login with prefix 0 phone number but correct password" time="0.698"/>
  <testcase name="User cannot click Sign In button on Login Page" classname="14. user login with prefix 0 phone number but correct password" time="0.707"/>
  <testcase name="User see error message &quot;Wrong Phone Number format! All Numbers and 9 â€“ 12 digits!&quot;" classname="14. user login with prefix 0 phone number but correct password" time="0.097"/>
  <testcase name="classMethod" classname="14. user login with prefix 0 phone number but correct password" time="14.354"/>
  <system-out><![CDATA[
@Login @Invalid
Scenario: 14. user login with prefix 0 phone number but correct password                  ?[90m# src/test/resources/features/Login.feature:84?[0m
]]></system-out>
  <system-err><![CDATA[Jun 24, 2020 2:02:56 PM io.appium.java_client.remote.AppiumCommandExecutor$1 lambda$0
INFO: Detected dialect: W3C
]]></system-err>
</testsuite>
