<?xml version="1.0" encoding="UTF-8"?>
<testsuite name="18 - 33. user login with corret phone number but invalid password format" tests="96" skipped="0" failures="2" errors="0" timestamp="2020-06-24T05:32:39" hostname="LAPTOP-8ROAKM94" time="238.024">
  <properties/>
  <testcase name="User is on Login Page" classname="18 - 33. user login with corret phone number but invalid password format" time="3.74"/>
  <testcase name="User input phone number &quot;81394577665&quot; on phone number field" classname="18 - 33. user login with corret phone number but invalid password format" time="0.683"/>
  <testcase name="User input password &quot;Passw0rd&quot; on password field" classname="18 - 33. user login with corret phone number but invalid password format" time="1.359"/>
  <testcase name="User cannot click Sign In button on Login Page" classname="18 - 33. user login with corret phone number but invalid password format" time="0.627"/>
  <testcase name="User see error message &quot;Password should be 8 digits and contains : a–z, A–Z, 1–9, Symbol!&quot;" classname="18 - 33. user login with corret phone number but invalid password format" time="0.097"/>
  <testcase name="classMethod" classname="18 - 33. user login with corret phone number but invalid password format" time="15.897"/>
  <testcase name="User is on Login Page" classname="18 - 33. user login with corret phone number but invalid password format" time="3.698"/>
  <testcase name="User input phone number &quot;81394577665&quot; on phone number field" classname="18 - 33. user login with corret phone number but invalid password format" time="0.688"/>
  <testcase name="User input password &quot;P@ssword&quot; on password field" classname="18 - 33. user login with corret phone number but invalid password format" time="0.892"/>
  <testcase name="User cannot click Sign In button on Login Page" classname="18 - 33. user login with corret phone number but invalid password format" time="0.631"/>
  <testcase name="User see error message &quot;Password should be 8 digits and contains : a–z, A–Z, 1–9, Symbol!&quot;" classname="18 - 33. user login with corret phone number but invalid password format" time="0.093"/>
  <testcase name="classMethod" classname="18 - 33. user login with corret phone number but invalid password format" time="15.393"/>
  <testcase name="User is on Login Page" classname="18 - 33. user login with corret phone number but invalid password format" time="3.716"/>
  <testcase name="User input phone number &quot;81394577665&quot; on phone number field" classname="18 - 33. user login with corret phone number but invalid password format" time="0.686"/>
  <testcase name="User input password &quot;Password&quot; on password field" classname="18 - 33. user login with corret phone number but invalid password format" time="1.37"/>
  <testcase name="User cannot click Sign In button on Login Page" classname="18 - 33. user login with corret phone number but invalid password format" time="0.63"/>
  <testcase name="User see error message &quot;Password should be 8 digits and contains : a–z, A–Z, 1–9, Symbol!&quot;" classname="18 - 33. user login with corret phone number but invalid password format" time="0.098"/>
  <testcase name="classMethod" classname="18 - 33. user login with corret phone number but invalid password format" time="15.791"/>
  <testcase name="User is on Login Page" classname="18 - 33. user login with corret phone number but invalid password format" time="3.679"/>
  <testcase name="User input phone number &quot;81394577665&quot; on phone number field" classname="18 - 33. user login with corret phone number but invalid password format" time="0.132"/>
  <testcase name="User input password &quot;p@ssw0rd&quot; on password field" classname="18 - 33. user login with corret phone number but invalid password format" time="0.885"/>
  <testcase name="User cannot click Sign In button on Login Page" classname="18 - 33. user login with corret phone number but invalid password format" time="0.634"/>
  <testcase name="User see error message &quot;Password should be 8 digits and contains : a–z, A–Z, 1–9, Symbol!&quot;" classname="18 - 33. user login with corret phone number but invalid password format" time="0.106"/>
  <testcase name="classMethod" classname="18 - 33. user login with corret phone number but invalid password format" time="14.853"/>
  <testcase name="User is on Login Page" classname="18 - 33. user login with corret phone number but invalid password format" time="3.716"/>
  <testcase name="User input phone number &quot;81394577665&quot; on phone number field" classname="18 - 33. user login with corret phone number but invalid password format" time="0.692"/>
  <testcase name="User input password &quot;passw0rd&quot; on password field" classname="18 - 33. user login with corret phone number but invalid password format" time="1.373"/>
  <testcase name="User cannot click Sign In button on Login Page" classname="18 - 33. user login with corret phone number but invalid password format" time="0.626"/>
  <testcase name="User see error message &quot;Password should be 8 digits and contains : a–z, A–Z, 1–9, Symbol!&quot;" classname="18 - 33. user login with corret phone number but invalid password format" time="0.089"/>
  <testcase name="classMethod" classname="18 - 33. user login with corret phone number but invalid password format" time="15.734"/>
  <testcase name="User is on Login Page" classname="18 - 33. user login with corret phone number but invalid password format" time="4.117"/>
  <testcase name="User input phone number &quot;81394577665&quot; on phone number field" classname="18 - 33. user login with corret phone number but invalid password format" time="0.726"/>
  <testcase name="User input password &quot;p@ssword&quot; on password field" classname="18 - 33. user login with corret phone number but invalid password format" time="1.354"/>
  <testcase name="User cannot click Sign In button on Login Page" classname="18 - 33. user login with corret phone number but invalid password format" time="0.606"/>
  <testcase name="User see error message &quot;Password should be 8 digits and contains : a–z, A–Z, 1–9, Symbol!&quot;" classname="18 - 33. user login with corret phone number but invalid password format" time="0.087"/>
  <testcase name="classMethod" classname="18 - 33. user login with corret phone number but invalid password format" time="16.236"/>
  <testcase name="User is on Login Page" classname="18 - 33. user login with corret phone number but invalid password format" time="3.666"/>
  <testcase name="User input phone number &quot;81394577665&quot; on phone number field" classname="18 - 33. user login with corret phone number but invalid password format" time="0.155"/>
  <testcase name="User input password &quot;password&quot; on password field" classname="18 - 33. user login with corret phone number but invalid password format" time="0.879"/>
  <testcase name="User cannot click Sign In button on Login Page" classname="18 - 33. user login with corret phone number but invalid password format" time="0.634"/>
  <testcase name="User see error message &quot;Password should be 8 digits and contains : a–z, A–Z, 1–9, Symbol!&quot;" classname="18 - 33. user login with corret phone number but invalid password format" time="0.083"/>
  <testcase name="classMethod" classname="18 - 33. user login with corret phone number but invalid password format" time="14.804"/>
  <testcase name="User is on Login Page" classname="18 - 33. user login with corret phone number but invalid password format" time="3.692"/>
  <testcase name="User input phone number &quot;81394577665&quot; on phone number field" classname="18 - 33. user login with corret phone number but invalid password format" time="0.139"/>
  <testcase name="User input password &quot;P@SSW0RD&quot; on password field" classname="18 - 33. user login with corret phone number but invalid password format" time="0.895"/>
  <testcase name="User cannot click Sign In button on Login Page" classname="18 - 33. user login with corret phone number but invalid password format" time="0.631"/>
  <testcase name="User see error message &quot;Password should be 8 digits and contains : a–z, A–Z, 1–9, Symbol!&quot;" classname="18 - 33. user login with corret phone number but invalid password format" time="0.092"/>
  <testcase name="classMethod" classname="18 - 33. user login with corret phone number but invalid password format" time="14.776"/>
  <testcase name="User is on Login Page" classname="18 - 33. user login with corret phone number but invalid password format" time="3.695"/>
  <testcase name="User input phone number &quot;81394577665&quot; on phone number field" classname="18 - 33. user login with corret phone number but invalid password format" time="0.715"/>
  <testcase name="User input password &quot;PASSW0RD&quot; on password field" classname="18 - 33. user login with corret phone number but invalid password format" time="1.371"/>
  <testcase name="User cannot click Sign In button on Login Page" classname="18 - 33. user login with corret phone number but invalid password format" time="0.628"/>
  <testcase name="User see error message &quot;Password should be 8 digits and contains : a–z, A–Z, 1–9, Symbol!&quot;" classname="18 - 33. user login with corret phone number but invalid password format" time="0.092"/>
  <testcase name="classMethod" classname="18 - 33. user login with corret phone number but invalid password format" time="15.803"/>
  <testcase name="User is on Login Page" classname="18 - 33. user login with corret phone number but invalid password format" time="3.794"/>
  <testcase name="User input phone number &quot;81394577665&quot; on phone number field" classname="18 - 33. user login with corret phone number but invalid password format" time="0.141"/>
  <testcase name="User input password &quot;P@SSWORD&quot; on password field" classname="18 - 33. user login with corret phone number but invalid password format" time="1.365"/>
  <testcase name="User cannot click Sign In button on Login Page" classname="18 - 33. user login with corret phone number but invalid password format" time="0.603"/>
  <testcase name="User see error message &quot;Password should be 8 digits and contains : a–z, A–Z, 1–9, Symbol!&quot;" classname="18 - 33. user login with corret phone number but invalid password format" time="0.088"/>
  <testcase name="classMethod" classname="18 - 33. user login with corret phone number but invalid password format" time="15.379"/>
  <testcase name="User is on Login Page" classname="18 - 33. user login with corret phone number but invalid password format" time="3.643"/>
  <testcase name="User input phone number &quot;81394577665&quot; on phone number field" classname="18 - 33. user login with corret phone number but invalid password format" time="0.131"/>
  <testcase name="User input password &quot;PASSWORD&quot; on password field" classname="18 - 33. user login with corret phone number but invalid password format" time="0.892"/>
  <testcase name="User cannot click Sign In button on Login Page" classname="18 - 33. user login with corret phone number but invalid password format" time="0.628"/>
  <testcase name="User see error message &quot;Password should be 8 digits and contains : a–z, A–Z, 1–9, Symbol!&quot;" classname="18 - 33. user login with corret phone number but invalid password format" time="0.095"/>
  <testcase name="classMethod" classname="18 - 33. user login with corret phone number but invalid password format" time="14.968"/>
  <testcase name="User is on Login Page" classname="18 - 33. user login with corret phone number but invalid password format" time="3.708"/>
  <testcase name="User input phone number &quot;81394577665&quot; on phone number field" classname="18 - 33. user login with corret phone number but invalid password format" time="0.177"/>
  <testcase name="User input password &quot;123$%^78&quot; on password field" classname="18 - 33. user login with corret phone number but invalid password format" time="0.839"/>
  <testcase name="User cannot click Sign In button on Login Page" classname="18 - 33. user login with corret phone number but invalid password format" time="0.604"/>
  <testcase name="User see error message &quot;Password should be 8 digits and contains : a–z, A–Z, 1–9, Symbol!&quot;" classname="18 - 33. user login with corret phone number but invalid password format" time="0.089"/>
  <testcase name="classMethod" classname="18 - 33. user login with corret phone number but invalid password format" time="14.738"/>
  <testcase name="User is on Login Page" classname="18 - 33. user login with corret phone number but invalid password format" time="3.719"/>
  <testcase name="User input phone number &quot;81394577665&quot; on phone number field" classname="18 - 33. user login with corret phone number but invalid password format" time="0.14"/>
  <testcase name="User input password &quot;12345678&quot; on password field" classname="18 - 33. user login with corret phone number but invalid password format" time="0.885"/>
  <testcase name="User cannot click Sign In button on Login Page" classname="18 - 33. user login with corret phone number but invalid password format" time="0.63"/>
  <testcase name="User see error message &quot;Password should be 8 digits and contains : a–z, A–Z, 1–9, Symbol!&quot;" classname="18 - 33. user login with corret phone number but invalid password format" time="0.089"/>
  <testcase name="classMethod" classname="18 - 33. user login with corret phone number but invalid password format" time="14.732"/>
  <testcase name="User is on Login Page" classname="18 - 33. user login with corret phone number but invalid password format" time="3.656"/>
  <testcase name="User input phone number &quot;81394577665&quot; on phone number field" classname="18 - 33. user login with corret phone number but invalid password format" time="0.684"/>
  <testcase name="User input password &quot;!@#$%^&amp;*&quot; on password field" classname="18 - 33. user login with corret phone number but invalid password format" time="1.361"/>
  <testcase name="User cannot click Sign In button on Login Page" classname="18 - 33. user login with corret phone number but invalid password format" time="0.638"/>
  <testcase name="User see error message &quot;Password should be 8 digits and contains : a–z, A–Z, 1–9, Symbol!&quot;" classname="18 - 33. user login with corret phone number but invalid password format" time="0.087"/>
  <testcase name="classMethod" classname="18 - 33. user login with corret phone number but invalid password format" time="15.801"/>
  <testcase name="User is on Login Page" classname="18 - 33. user login with corret phone number but invalid password format" time="3.657"/>
  <testcase name="User input phone number &quot;81394577665&quot; on phone number field" classname="18 - 33. user login with corret phone number but invalid password format" time="0.685"/>
  <testcase name="User input password &quot;P@ss w0rd&quot; on password field" classname="18 - 33. user login with corret phone number but invalid password format" time="1.393"/>
  <testcase name="User cannot click Sign In button on Login Page" classname="18 - 33. user login with corret phone number but invalid password format" time="0.622"/>
  <testcase name="User see error message &quot;Password should be 8 digits and contains : a–z, A–Z, 1–9, Symbol!&quot;" classname="18 - 33. user login with corret phone number but invalid password format" time="0.099"/>
  <testcase name="classMethod" classname="18 - 33. user login with corret phone number but invalid password format" time="15.805"/>
  <testcase name="User is on Login Page" classname="18 - 33. user login with corret phone number but invalid password format" time="3.708"/>
  <testcase name="User input phone number &quot;81394577665&quot; on phone number field" classname="18 - 33. user login with corret phone number but invalid password format" time="0.688"/>
  <testcase name="User input password &quot;P@ssw0rd??&quot; on password field" classname="18 - 33. user login with corret phone number but invalid password format" time="1.281"/>
  <testcase name="User cannot click Sign In button on Login Page" classname="18 - 33. user login with corret phone number but invalid password format" time="0.526"/>
  <testcase name="User see error message &quot;Password should be 8 digits and contains : a–z, A–Z, 1–9, Symbol!&quot;" classname="18 - 33. user login with corret phone number but invalid password format" time="0.098">
    <failure message="org.junit.ComparisonFailure: expected:&lt;Password [should be 8 digits and contains : a–z, A–Z, 1–9, Symbol]!&gt; but was:&lt;Password [cannot be empty]!&gt;" type="org.junit.ComparisonFailure">org.junit.ComparisonFailure: expected:&lt;Password [should be 8 digits and contains : a–z, A–Z, 1–9, Symbol]!&gt; but was:&lt;Password [cannot be empty]!&gt;
	at org.junit.Assert.assertEquals(Assert.java:117)
	at org.junit.Assert.assertEquals(Assert.java:146)
	at project.stepsdefinition.LoginStepDefinition.userSeeErrorMessage(LoginStepDefinition.java:47)
	at ✽.User see error message &quot;Password should be 8 digits and contains : a–z, A–Z, 1–9, Symbol!&quot;(file:///D:/DANA/Debrief%202/src/test/resources/features/Login.feature:121)
</failure>
  </testcase>
  <testcase name="classMethod" classname="18 - 33. user login with corret phone number but invalid password format" time="16.134">
    <failure message="org.junit.ComparisonFailure: expected:&lt;Password [should be 8 digits and contains : a–z, A–Z, 1–9, Symbol]!&gt; but was:&lt;Password [cannot be empty]!&gt;" type="org.junit.ComparisonFailure">org.junit.ComparisonFailure: expected:&lt;Password [should be 8 digits and contains : a–z, A–Z, 1–9, Symbol]!&gt; but was:&lt;Password [cannot be empty]!&gt;
	at org.junit.Assert.assertEquals(Assert.java:117)
	at org.junit.Assert.assertEquals(Assert.java:146)
	at project.stepsdefinition.LoginStepDefinition.userSeeErrorMessage(LoginStepDefinition.java:47)
	at ✽.User see error message &quot;Password should be 8 digits and contains : a–z, A–Z, 1–9, Symbol!&quot;(file:///D:/DANA/Debrief%202/src/test/resources/features/Login.feature:121)
</failure>
  </testcase>
  <system-out><![CDATA[
@Login @Invalid @Scenario
Scenario Outline: 18 - 33. user login with corret phone number but invalid password format        ?[90m# src/test/resources/features/Login.feature:126?[0m

@Login @Invalid @Scenario
Scenario Outline: 18 - 33. user login with corret phone number but invalid password format        ?[90m# src/test/resources/features/Login.feature:128?[0m

@Login @Invalid @Scenario
Scenario Outline: 18 - 33. user login with corret phone number but invalid password format        ?[90m# src/test/resources/features/Login.feature:130?[0m

@Login @Invalid @Scenario
Scenario Outline: 18 - 33. user login with corret phone number but invalid password format        ?[90m# src/test/resources/features/Login.feature:132?[0m

@Login @Invalid @Scenario
Scenario Outline: 18 - 33. user login with corret phone number but invalid password format        ?[90m# src/test/resources/features/Login.feature:134?[0m

@Login @Invalid @Scenario
Scenario Outline: 18 - 33. user login with corret phone number but invalid password format        ?[90m# src/test/resources/features/Login.feature:136?[0m

@Login @Invalid @Scenario
Scenario Outline: 18 - 33. user login with corret phone number but invalid password format        ?[90m# src/test/resources/features/Login.feature:138?[0m

@Login @Invalid @Scenario
Scenario Outline: 18 - 33. user login with corret phone number but invalid password format        ?[90m# src/test/resources/features/Login.feature:140?[0m

@Login @Invalid @Scenario
Scenario Outline: 18 - 33. user login with corret phone number but invalid password format        ?[90m# src/test/resources/features/Login.feature:142?[0m

@Login @Invalid @Scenario
Scenario Outline: 18 - 33. user login with corret phone number but invalid password format        ?[90m# src/test/resources/features/Login.feature:144?[0m

@Login @Invalid @Scenario
Scenario Outline: 18 - 33. user login with corret phone number but invalid password format        ?[90m# src/test/resources/features/Login.feature:146?[0m

@Login @Invalid @Scenario
Scenario Outline: 18 - 33. user login with corret phone number but invalid password format        ?[90m# src/test/resources/features/Login.feature:148?[0m

@Login @Invalid @Scenario
Scenario Outline: 18 - 33. user login with corret phone number but invalid password format        ?[90m# src/test/resources/features/Login.feature:150?[0m

@Login @Invalid @Scenario
Scenario Outline: 18 - 33. user login with corret phone number but invalid password format        ?[90m# src/test/resources/features/Login.feature:152?[0m

@Login @Invalid @Scenario
Scenario Outline: 18 - 33. user login with corret phone number but invalid password format        ?[90m# src/test/resources/features/Login.feature:154?[0m

@Login @Invalid @Scenario
Scenario Outline: 18 - 33. user login with corret phone number but invalid password format        ?[90m# src/test/resources/features/Login.feature:156?[0m
]]></system-out>
  <system-err><![CDATA[Jun 24, 2020 12:32:39 PM io.appium.java_client.remote.AppiumCommandExecutor$1 lambda$0
INFO: Detected dialect: W3C
Jun 24, 2020 12:32:54 PM io.appium.java_client.remote.AppiumCommandExecutor$1 lambda$0
INFO: Detected dialect: W3C
Jun 24, 2020 12:33:10 PM io.appium.java_client.remote.AppiumCommandExecutor$1 lambda$0
INFO: Detected dialect: W3C
Jun 24, 2020 12:33:26 PM io.appium.java_client.remote.AppiumCommandExecutor$1 lambda$0
INFO: Detected dialect: W3C
Jun 24, 2020 12:33:40 PM io.appium.java_client.remote.AppiumCommandExecutor$1 lambda$0
INFO: Detected dialect: W3C
Jun 24, 2020 12:33:56 PM io.appium.java_client.remote.AppiumCommandExecutor$1 lambda$0
INFO: Detected dialect: W3C
Jun 24, 2020 12:34:12 PM io.appium.java_client.remote.AppiumCommandExecutor$1 lambda$0
INFO: Detected dialect: W3C
Jun 24, 2020 12:34:27 PM io.appium.java_client.remote.AppiumCommandExecutor$1 lambda$0
INFO: Detected dialect: W3C
Jun 24, 2020 12:34:42 PM io.appium.java_client.remote.AppiumCommandExecutor$1 lambda$0
INFO: Detected dialect: W3C
Jun 24, 2020 12:34:58 PM io.appium.java_client.remote.AppiumCommandExecutor$1 lambda$0
INFO: Detected dialect: W3C
Jun 24, 2020 12:35:13 PM io.appium.java_client.remote.AppiumCommandExecutor$1 lambda$0
INFO: Detected dialect: W3C
Jun 24, 2020 12:35:28 PM io.appium.java_client.remote.AppiumCommandExecutor$1 lambda$0
INFO: Detected dialect: W3C
Jun 24, 2020 12:35:43 PM io.appium.java_client.remote.AppiumCommandExecutor$1 lambda$0
INFO: Detected dialect: W3C
Jun 24, 2020 12:35:58 PM io.appium.java_client.remote.AppiumCommandExecutor$1 lambda$0
INFO: Detected dialect: W3C
Jun 24, 2020 12:36:14 PM io.appium.java_client.remote.AppiumCommandExecutor$1 lambda$0
INFO: Detected dialect: W3C
Jun 24, 2020 12:36:29 PM io.appium.java_client.remote.AppiumCommandExecutor$1 lambda$0
INFO: Detected dialect: W3C
]]></system-err>
</testsuite>
