<?xml version="1.0" encoding="UTF-8"?>
<testsuite name="User input invalid format password" tests="72" skipped="0" failures="6" errors="0" timestamp="2020-06-22T15:20:19" hostname="dnid0666l01.local" time="564.225">
  <properties/>
  <testcase name="User is on Login Page" classname="User input invalid format password" time="1.013"/>
  <testcase name="User input password &quot;P@ssw0r&quot; on password field" classname="User input invalid format password" time="13.0"/>
  <testcase name="User see error message &quot;Password should be 8 digits and contains : a–z, A–Z, 1–9, Symbol!&quot; on password field" classname="User input invalid format password" time="0.689"/>
  <testcase name="classMethod" classname="User input invalid format password" time="31.322"/>
  <testcase name="User is on Login Page" classname="User input invalid format password" time="0.99"/>
  <testcase name="User input password &quot;P@ssw0rd1234567890abc&quot; on password field" classname="User input invalid format password" time="10.473"/>
  <testcase name="User see error message &quot;Password should be 8 digits and contains : a–z, A–Z, 1–9, Symbol!&quot; on password field" classname="User input invalid format password" time="21.225">
    <failure message="org.openqa.selenium.NoSuchElementException: An element could not be located on the page using the given search parameters.&#10;For documentation on this error, please visit: https://www.seleniumhq.org/exceptions/no_such_element.html&#10;Build info: version: '3.141.59', revision: 'e82be7d358', time: '2018-11-14T08:17:03'&#10;System info: host: 'dnid0666l01.local', ip: 'fe80:0:0:0:104e:4346:c63d:a4b7%en0', os.name: 'Mac OS X', os.arch: 'x86_64', os.version: '10.15.4', java.version: '1.8.0_251'&#10;Driver info: io.appium.java_client.android.AndroidDriver&#10;Capabilities {app: /Users/chenr/IdeaProjects/D..., appPackage: com.alfikri.rizky.danabusin..., autoGrantPermissions: true, automationName: UiAutomator2, databaseEnabled: false, desired: {app: /Users/chenr/IdeaProjects/D..., autoGrantPermissions: true, automationName: UiAutomator2, deviceName: device, platformName: android, platformVersion: 6.0, udid: emulator-5554}, deviceApiLevel: 23, deviceManufacturer: unknown, deviceModel: Android SDK built for x86, deviceName: emulator-5554, deviceScreenDensity: 420, deviceScreenSize: 1080x1920, deviceUDID: emulator-5554, javascriptEnabled: true, locationContextEnabled: false, networkConnectionEnabled: true, pixelRatio: 2.625, platform: LINUX, platformName: Android, platformVersion: 6.0, statBarHeight: 63, takesScreenshot: true, udid: emulator-5554, viewportRect: {height: 1731, left: 0, top: 63, width: 1080}, warnings: {}, webStorageEnabled: false}&#10;Session ID: 741a031c-902a-4e3c-9754-1885f94326e7&#10;*** Element info: {Using=xpath, value=//android.widget.TextView[contains(@text, 'Password should be 8 digits and contains : a–z, A–Z, 1–9, Symbol!')]}" type="org.openqa.selenium.NoSuchElementException">org.openqa.selenium.NoSuchElementException: An element could not be located on the page using the given search parameters.
For documentation on this error, please visit: https://www.seleniumhq.org/exceptions/no_such_element.html
Build info: version: '3.141.59', revision: 'e82be7d358', time: '2018-11-14T08:17:03'
System info: host: 'dnid0666l01.local', ip: 'fe80:0:0:0:104e:4346:c63d:a4b7%en0', os.name: 'Mac OS X', os.arch: 'x86_64', os.version: '10.15.4', java.version: '1.8.0_251'
Driver info: io.appium.java_client.android.AndroidDriver
Capabilities {app: /Users/chenr/IdeaProjects/D..., appPackage: com.alfikri.rizky.danabusin..., autoGrantPermissions: true, automationName: UiAutomator2, databaseEnabled: false, desired: {app: /Users/chenr/IdeaProjects/D..., autoGrantPermissions: true, automationName: UiAutomator2, deviceName: device, platformName: android, platformVersion: 6.0, udid: emulator-5554}, deviceApiLevel: 23, deviceManufacturer: unknown, deviceModel: Android SDK built for x86, deviceName: emulator-5554, deviceScreenDensity: 420, deviceScreenSize: 1080x1920, deviceUDID: emulator-5554, javascriptEnabled: true, locationContextEnabled: false, networkConnectionEnabled: true, pixelRatio: 2.625, platform: LINUX, platformName: Android, platformVersion: 6.0, statBarHeight: 63, takesScreenshot: true, udid: emulator-5554, viewportRect: {height: 1731, left: 0, top: 63, width: 1080}, warnings: {}, webStorageEnabled: false}
Session ID: 741a031c-902a-4e3c-9754-1885f94326e7
*** Element info: {Using=xpath, value=//android.widget.TextView[contains(@text, 'Password should be 8 digits and contains : a–z, A–Z, 1–9, Symbol!')]}
	at sun.reflect.NativeConstructorAccessorImpl.newInstance0(Native Method)
	at sun.reflect.NativeConstructorAccessorImpl.newInstance(NativeConstructorAccessorImpl.java:62)
	at sun.reflect.DelegatingConstructorAccessorImpl.newInstance(DelegatingConstructorAccessorImpl.java:45)
	at java.lang.reflect.Constructor.newInstance(Constructor.java:423)
	at org.openqa.selenium.remote.http.W3CHttpResponseCodec.createException(W3CHttpResponseCodec.java:187)
	at org.openqa.selenium.remote.http.W3CHttpResponseCodec.decode(W3CHttpResponseCodec.java:122)
	at org.openqa.selenium.remote.http.W3CHttpResponseCodec.decode(W3CHttpResponseCodec.java:49)
	at org.openqa.selenium.remote.HttpCommandExecutor.execute(HttpCommandExecutor.java:158)
	at io.appium.java_client.remote.AppiumCommandExecutor.execute(AppiumCommandExecutor.java:239)
	at org.openqa.selenium.remote.RemoteWebDriver.execute(RemoteWebDriver.java:552)
	at io.appium.java_client.DefaultGenericMobileDriver.execute(DefaultGenericMobileDriver.java:41)
	at io.appium.java_client.AppiumDriver.execute(AppiumDriver.java:1)
	at io.appium.java_client.android.AndroidDriver.execute(AndroidDriver.java:1)
	at org.openqa.selenium.remote.RemoteWebDriver.findElement(RemoteWebDriver.java:323)
	at io.appium.java_client.DefaultGenericMobileDriver.findElement(DefaultGenericMobileDriver.java:61)
	at io.appium.java_client.AppiumDriver.findElement(AppiumDriver.java:1)
	at io.appium.java_client.android.AndroidDriver.findElement(AndroidDriver.java:1)
	at org.openqa.selenium.remote.RemoteWebDriver.findElementByXPath(RemoteWebDriver.java:428)
	at io.appium.java_client.DefaultGenericMobileDriver.findElementByXPath(DefaultGenericMobileDriver.java:151)
	at io.appium.java_client.AppiumDriver.findElementByXPath(AppiumDriver.java:1)
	at io.appium.java_client.android.AndroidDriver.findElementByXPath(AndroidDriver.java:1)
	at org.openqa.selenium.By$ByXPath.findElement(By.java:353)
	at org.openqa.selenium.remote.RemoteWebDriver.findElement(RemoteWebDriver.java:315)
	at io.appium.java_client.DefaultGenericMobileDriver.findElement(DefaultGenericMobileDriver.java:57)
	at io.appium.java_client.AppiumDriver.findElement(AppiumDriver.java:1)
	at io.appium.java_client.android.AndroidDriver.findElement(AndroidDriver.java:1)
	at project.pages.LoginPage.getWarningTextPassword(LoginPage.java:47)
	at project.stepsdefinition.LoginStepDefinition.userSeeErrorMessageOnPhoneNumberField(LoginStepDefinition.java:106)
	at ✽.User see error message &quot;Password should be 8 digits and contains : a–z, A–Z, 1–9, Symbol!&quot; on password field(file:///Users/chenr/IdeaProjects/DANA-Business-Project/src/test/resources/features/Login.feature:205)
</failure>
  </testcase>
  <testcase name="classMethod" classname="User input invalid format password" time="49.721">
    <failure message="org.openqa.selenium.NoSuchElementException: An element could not be located on the page using the given search parameters.&#10;For documentation on this error, please visit: https://www.seleniumhq.org/exceptions/no_such_element.html&#10;Build info: version: '3.141.59', revision: 'e82be7d358', time: '2018-11-14T08:17:03'&#10;System info: host: 'dnid0666l01.local', ip: 'fe80:0:0:0:104e:4346:c63d:a4b7%en0', os.name: 'Mac OS X', os.arch: 'x86_64', os.version: '10.15.4', java.version: '1.8.0_251'&#10;Driver info: io.appium.java_client.android.AndroidDriver&#10;Capabilities {app: /Users/chenr/IdeaProjects/D..., appPackage: com.alfikri.rizky.danabusin..., autoGrantPermissions: true, automationName: UiAutomator2, databaseEnabled: false, desired: {app: /Users/chenr/IdeaProjects/D..., autoGrantPermissions: true, automationName: UiAutomator2, deviceName: device, platformName: android, platformVersion: 6.0, udid: emulator-5554}, deviceApiLevel: 23, deviceManufacturer: unknown, deviceModel: Android SDK built for x86, deviceName: emulator-5554, deviceScreenDensity: 420, deviceScreenSize: 1080x1920, deviceUDID: emulator-5554, javascriptEnabled: true, locationContextEnabled: false, networkConnectionEnabled: true, pixelRatio: 2.625, platform: LINUX, platformName: Android, platformVersion: 6.0, statBarHeight: 63, takesScreenshot: true, udid: emulator-5554, viewportRect: {height: 1731, left: 0, top: 63, width: 1080}, warnings: {}, webStorageEnabled: false}&#10;Session ID: 741a031c-902a-4e3c-9754-1885f94326e7&#10;*** Element info: {Using=xpath, value=//android.widget.TextView[contains(@text, 'Password should be 8 digits and contains : a–z, A–Z, 1–9, Symbol!')]}" type="org.openqa.selenium.NoSuchElementException">org.openqa.selenium.NoSuchElementException: An element could not be located on the page using the given search parameters.
For documentation on this error, please visit: https://www.seleniumhq.org/exceptions/no_such_element.html
Build info: version: '3.141.59', revision: 'e82be7d358', time: '2018-11-14T08:17:03'
System info: host: 'dnid0666l01.local', ip: 'fe80:0:0:0:104e:4346:c63d:a4b7%en0', os.name: 'Mac OS X', os.arch: 'x86_64', os.version: '10.15.4', java.version: '1.8.0_251'
Driver info: io.appium.java_client.android.AndroidDriver
Capabilities {app: /Users/chenr/IdeaProjects/D..., appPackage: com.alfikri.rizky.danabusin..., autoGrantPermissions: true, automationName: UiAutomator2, databaseEnabled: false, desired: {app: /Users/chenr/IdeaProjects/D..., autoGrantPermissions: true, automationName: UiAutomator2, deviceName: device, platformName: android, platformVersion: 6.0, udid: emulator-5554}, deviceApiLevel: 23, deviceManufacturer: unknown, deviceModel: Android SDK built for x86, deviceName: emulator-5554, deviceScreenDensity: 420, deviceScreenSize: 1080x1920, deviceUDID: emulator-5554, javascriptEnabled: true, locationContextEnabled: false, networkConnectionEnabled: true, pixelRatio: 2.625, platform: LINUX, platformName: Android, platformVersion: 6.0, statBarHeight: 63, takesScreenshot: true, udid: emulator-5554, viewportRect: {height: 1731, left: 0, top: 63, width: 1080}, warnings: {}, webStorageEnabled: false}
Session ID: 741a031c-902a-4e3c-9754-1885f94326e7
*** Element info: {Using=xpath, value=//android.widget.TextView[contains(@text, 'Password should be 8 digits and contains : a–z, A–Z, 1–9, Symbol!')]}
	at sun.reflect.NativeConstructorAccessorImpl.newInstance0(Native Method)
	at sun.reflect.NativeConstructorAccessorImpl.newInstance(NativeConstructorAccessorImpl.java:62)
	at sun.reflect.DelegatingConstructorAccessorImpl.newInstance(DelegatingConstructorAccessorImpl.java:45)
	at java.lang.reflect.Constructor.newInstance(Constructor.java:423)
	at org.openqa.selenium.remote.http.W3CHttpResponseCodec.createException(W3CHttpResponseCodec.java:187)
	at org.openqa.selenium.remote.http.W3CHttpResponseCodec.decode(W3CHttpResponseCodec.java:122)
	at org.openqa.selenium.remote.http.W3CHttpResponseCodec.decode(W3CHttpResponseCodec.java:49)
	at org.openqa.selenium.remote.HttpCommandExecutor.execute(HttpCommandExecutor.java:158)
	at io.appium.java_client.remote.AppiumCommandExecutor.execute(AppiumCommandExecutor.java:239)
	at org.openqa.selenium.remote.RemoteWebDriver.execute(RemoteWebDriver.java:552)
	at io.appium.java_client.DefaultGenericMobileDriver.execute(DefaultGenericMobileDriver.java:41)
	at io.appium.java_client.AppiumDriver.execute(AppiumDriver.java:1)
	at io.appium.java_client.android.AndroidDriver.execute(AndroidDriver.java:1)
	at org.openqa.selenium.remote.RemoteWebDriver.findElement(RemoteWebDriver.java:323)
	at io.appium.java_client.DefaultGenericMobileDriver.findElement(DefaultGenericMobileDriver.java:61)
	at io.appium.java_client.AppiumDriver.findElement(AppiumDriver.java:1)
	at io.appium.java_client.android.AndroidDriver.findElement(AndroidDriver.java:1)
	at org.openqa.selenium.remote.RemoteWebDriver.findElementByXPath(RemoteWebDriver.java:428)
	at io.appium.java_client.DefaultGenericMobileDriver.findElementByXPath(DefaultGenericMobileDriver.java:151)
	at io.appium.java_client.AppiumDriver.findElementByXPath(AppiumDriver.java:1)
	at io.appium.java_client.android.AndroidDriver.findElementByXPath(AndroidDriver.java:1)
	at org.openqa.selenium.By$ByXPath.findElement(By.java:353)
	at org.openqa.selenium.remote.RemoteWebDriver.findElement(RemoteWebDriver.java:315)
	at io.appium.java_client.DefaultGenericMobileDriver.findElement(DefaultGenericMobileDriver.java:57)
	at io.appium.java_client.AppiumDriver.findElement(AppiumDriver.java:1)
	at io.appium.java_client.android.AndroidDriver.findElement(AndroidDriver.java:1)
	at project.pages.LoginPage.getWarningTextPassword(LoginPage.java:47)
	at project.stepsdefinition.LoginStepDefinition.userSeeErrorMessageOnPhoneNumberField(LoginStepDefinition.java:106)
	at ✽.User see error message &quot;Password should be 8 digits and contains : a–z, A–Z, 1–9, Symbol!&quot; on password field(file:///Users/chenr/IdeaProjects/DANA-Business-Project/src/test/resources/features/Login.feature:205)
</failure>
  </testcase>
  <testcase name="User is on Login Page" classname="User input invalid format password" time="0.771"/>
  <testcase name="User input password &quot;Passw0rd&quot; on password field" classname="User input invalid format password" time="11.216"/>
  <testcase name="User see error message &quot;Password should be 8 digits and contains : a–z, A–Z, 1–9, Symbol!&quot; on password field" classname="User input invalid format password" time="0.768"/>
  <testcase name="classMethod" classname="User input invalid format password" time="24.513"/>
  <testcase name="User is on Login Page" classname="User input invalid format password" time="1.527"/>
  <testcase name="User input password &quot;P@ssword&quot; on password field" classname="User input invalid format password" time="12.505"/>
  <testcase name="User see error message &quot;Password should be 8 digits and contains : a–z, A–Z, 1–9, Symbol!&quot; on password field" classname="User input invalid format password" time="0.716"/>
  <testcase name="classMethod" classname="User input invalid format password" time="26.494"/>
  <testcase name="User is on Login Page" classname="User input invalid format password" time="0.994"/>
  <testcase name="User input password &quot;Password&quot; on password field" classname="User input invalid format password" time="13.12"/>
  <testcase name="User see error message &quot;Password should be 8 digits and contains : a–z, A–Z, 1–9, Symbol!&quot; on password field" classname="User input invalid format password" time="0.737"/>
  <testcase name="classMethod" classname="User input invalid format password" time="31.89"/>
  <testcase name="User is on Login Page" classname="User input invalid format password" time="0.953"/>
  <testcase name="User input password &quot;p@ssw0rd&quot; on password field" classname="User input invalid format password" time="13.092"/>
  <testcase name="User see error message &quot;Password should be 8 digits and contains : a–z, A–Z, 1–9, Symbol!&quot; on password field" classname="User input invalid format password" time="0.751"/>
  <testcase name="classMethod" classname="User input invalid format password" time="30.052"/>
  <testcase name="User is on Login Page" classname="User input invalid format password" time="0.984"/>
  <testcase name="User input password &quot;passw0rd&quot; on password field" classname="User input invalid format password" time="10.199"/>
  <testcase name="User see error message &quot;Password should be 8 digits and contains : a–z, A–Z, 1–9, Symbol!&quot; on password field" classname="User input invalid format password" time="0.716"/>
  <testcase name="classMethod" classname="User input invalid format password" time="29.157"/>
  <testcase name="User is on Login Page" classname="User input invalid format password" time="0.962"/>
  <testcase name="User input password &quot;p@ssword&quot; on password field" classname="User input invalid format password" time="6.841"/>
  <testcase name="User see error message &quot;Password should be 8 digits and contains : a–z, A–Z, 1–9, Symbol!&quot; on password field" classname="User input invalid format password" time="0.756"/>
  <testcase name="classMethod" classname="User input invalid format password" time="17.054"/>
  <testcase name="User is on Login Page" classname="User input invalid format password" time="1.035"/>
  <testcase name="User input password &quot;password&quot; on password field" classname="User input invalid format password" time="13.01"/>
  <testcase name="User see error message &quot;Password should be 8 digits and contains : a–z, A–Z, 1–9, Symbol!&quot; on password field" classname="User input invalid format password" time="0.754"/>
  <testcase name="classMethod" classname="User input invalid format password" time="32.055"/>
  <testcase name="User is on Login Page" classname="User input invalid format password" time="0.863"/>
  <testcase name="User input password &quot;P@SSW0RD&quot; on password field" classname="User input invalid format password" time="8.842"/>
  <testcase name="User see error message &quot;Password should be 8 digits and contains : a–z, A–Z, 1–9, Symbol!&quot; on password field" classname="User input invalid format password" time="0.743"/>
  <testcase name="classMethod" classname="User input invalid format password" time="27.953"/>
  <testcase name="User is on Login Page" classname="User input invalid format password" time="0.943"/>
  <testcase name="User input password &quot;PASSW0RD&quot; on password field" classname="User input invalid format password" time="13.048"/>
  <testcase name="User see error message &quot;Password should be 8 digits and contains : a–z, A–Z, 1–9, Symbol!&quot; on password field" classname="User input invalid format password" time="0.743"/>
  <testcase name="classMethod" classname="User input invalid format password" time="32.088"/>
  <testcase name="User is on Login Page" classname="User input invalid format password" time="0.946"/>
  <testcase name="User input password &quot;P@SSWORD&quot; on password field" classname="User input invalid format password" time="9.388"/>
  <testcase name="User see error message &quot;Password should be 8 digits and contains : a–z, A–Z, 1–9, Symbol!&quot; on password field" classname="User input invalid format password" time="0.708"/>
  <testcase name="classMethod" classname="User input invalid format password" time="27.796"/>
  <testcase name="User is on Login Page" classname="User input invalid format password" time="0.983"/>
  <testcase name="User input password &quot;PASSWORD&quot; on password field" classname="User input invalid format password" time="4.888"/>
  <testcase name="User see error message &quot;Password should be 8 digits and contains : a–z, A–Z, 1–9, Symbol!&quot; on password field" classname="User input invalid format password" time="0.686"/>
  <testcase name="classMethod" classname="User input invalid format password" time="23.182"/>
  <testcase name="User is on Login Page" classname="User input invalid format password" time="0.931"/>
  <testcase name="User input password &quot;123$%^78&quot; on password field" classname="User input invalid format password" time="5.802"/>
  <testcase name="User see error message &quot;Password should be 8 digits and contains : a–z, A–Z, 1–9, Symbol!&quot; on password field" classname="User input invalid format password" time="0.75"/>
  <testcase name="classMethod" classname="User input invalid format password" time="24.973"/>
  <testcase name="User is on Login Page" classname="User input invalid format password" time="0.937"/>
  <testcase name="User input password &quot;12345678&quot; on password field" classname="User input invalid format password" time="13.0"/>
  <testcase name="User see error message &quot;Password should be 8 digits and contains : a–z, A–Z, 1–9, Symbol!&quot; on password field" classname="User input invalid format password" time="0.749"/>
  <testcase name="classMethod" classname="User input invalid format password" time="25.802"/>
  <testcase name="User is on Login Page" classname="User input invalid format password" time="0.999"/>
  <testcase name="User input password &quot;!@#$%^&amp;*&quot; on password field" classname="User input invalid format password" time="13.004"/>
  <testcase name="User see error message &quot;Password should be 8 digits and contains : a–z, A–Z, 1–9, Symbol!&quot; on password field" classname="User input invalid format password" time="0.741"/>
  <testcase name="classMethod" classname="User input invalid format password" time="32.33"/>
  <testcase name="User is on Login Page" classname="User input invalid format password" time="1.021"/>
  <testcase name="User input password &quot;P@ss w0rd&quot; on password field" classname="User input invalid format password" time="13.006"/>
  <testcase name="User see error message &quot;Password should be 8 digits and contains : a–z, A–Z, 1–9, Symbol!&quot; on password field" classname="User input invalid format password" time="24.177">
    <failure message="org.openqa.selenium.NoSuchElementException: An element could not be located on the page using the given search parameters.&#10;For documentation on this error, please visit: https://www.seleniumhq.org/exceptions/no_such_element.html&#10;Build info: version: '3.141.59', revision: 'e82be7d358', time: '2018-11-14T08:17:03'&#10;System info: host: 'dnid0666l01.local', ip: 'fe80:0:0:0:104e:4346:c63d:a4b7%en0', os.name: 'Mac OS X', os.arch: 'x86_64', os.version: '10.15.4', java.version: '1.8.0_251'&#10;Driver info: io.appium.java_client.android.AndroidDriver&#10;Capabilities {app: /Users/chenr/IdeaProjects/D..., appPackage: com.alfikri.rizky.danabusin..., autoGrantPermissions: true, automationName: UiAutomator2, databaseEnabled: false, desired: {app: /Users/chenr/IdeaProjects/D..., autoGrantPermissions: true, automationName: UiAutomator2, deviceName: device, platformName: android, platformVersion: 6.0, udid: emulator-5554}, deviceApiLevel: 23, deviceManufacturer: unknown, deviceModel: Android SDK built for x86, deviceName: emulator-5554, deviceScreenDensity: 420, deviceScreenSize: 1080x1920, deviceUDID: emulator-5554, javascriptEnabled: true, locationContextEnabled: false, networkConnectionEnabled: true, pixelRatio: 2.625, platform: LINUX, platformName: Android, platformVersion: 6.0, statBarHeight: 63, takesScreenshot: true, udid: emulator-5554, viewportRect: {height: 1731, left: 0, top: 63, width: 1080}, warnings: {}, webStorageEnabled: false}&#10;Session ID: 6b3c15a4-fdfd-4517-bcd7-4791dd386c56&#10;*** Element info: {Using=xpath, value=//android.widget.TextView[contains(@text, 'Password should be 8 digits and contains : a–z, A–Z, 1–9, Symbol!')]}" type="org.openqa.selenium.NoSuchElementException">org.openqa.selenium.NoSuchElementException: An element could not be located on the page using the given search parameters.
For documentation on this error, please visit: https://www.seleniumhq.org/exceptions/no_such_element.html
Build info: version: '3.141.59', revision: 'e82be7d358', time: '2018-11-14T08:17:03'
System info: host: 'dnid0666l01.local', ip: 'fe80:0:0:0:104e:4346:c63d:a4b7%en0', os.name: 'Mac OS X', os.arch: 'x86_64', os.version: '10.15.4', java.version: '1.8.0_251'
Driver info: io.appium.java_client.android.AndroidDriver
Capabilities {app: /Users/chenr/IdeaProjects/D..., appPackage: com.alfikri.rizky.danabusin..., autoGrantPermissions: true, automationName: UiAutomator2, databaseEnabled: false, desired: {app: /Users/chenr/IdeaProjects/D..., autoGrantPermissions: true, automationName: UiAutomator2, deviceName: device, platformName: android, platformVersion: 6.0, udid: emulator-5554}, deviceApiLevel: 23, deviceManufacturer: unknown, deviceModel: Android SDK built for x86, deviceName: emulator-5554, deviceScreenDensity: 420, deviceScreenSize: 1080x1920, deviceUDID: emulator-5554, javascriptEnabled: true, locationContextEnabled: false, networkConnectionEnabled: true, pixelRatio: 2.625, platform: LINUX, platformName: Android, platformVersion: 6.0, statBarHeight: 63, takesScreenshot: true, udid: emulator-5554, viewportRect: {height: 1731, left: 0, top: 63, width: 1080}, warnings: {}, webStorageEnabled: false}
Session ID: 6b3c15a4-fdfd-4517-bcd7-4791dd386c56
*** Element info: {Using=xpath, value=//android.widget.TextView[contains(@text, 'Password should be 8 digits and contains : a–z, A–Z, 1–9, Symbol!')]}
	at sun.reflect.NativeConstructorAccessorImpl.newInstance0(Native Method)
	at sun.reflect.NativeConstructorAccessorImpl.newInstance(NativeConstructorAccessorImpl.java:62)
	at sun.reflect.DelegatingConstructorAccessorImpl.newInstance(DelegatingConstructorAccessorImpl.java:45)
	at java.lang.reflect.Constructor.newInstance(Constructor.java:423)
	at org.openqa.selenium.remote.http.W3CHttpResponseCodec.createException(W3CHttpResponseCodec.java:187)
	at org.openqa.selenium.remote.http.W3CHttpResponseCodec.decode(W3CHttpResponseCodec.java:122)
	at org.openqa.selenium.remote.http.W3CHttpResponseCodec.decode(W3CHttpResponseCodec.java:49)
	at org.openqa.selenium.remote.HttpCommandExecutor.execute(HttpCommandExecutor.java:158)
	at io.appium.java_client.remote.AppiumCommandExecutor.execute(AppiumCommandExecutor.java:239)
	at org.openqa.selenium.remote.RemoteWebDriver.execute(RemoteWebDriver.java:552)
	at io.appium.java_client.DefaultGenericMobileDriver.execute(DefaultGenericMobileDriver.java:41)
	at io.appium.java_client.AppiumDriver.execute(AppiumDriver.java:1)
	at io.appium.java_client.android.AndroidDriver.execute(AndroidDriver.java:1)
	at org.openqa.selenium.remote.RemoteWebDriver.findElement(RemoteWebDriver.java:323)
	at io.appium.java_client.DefaultGenericMobileDriver.findElement(DefaultGenericMobileDriver.java:61)
	at io.appium.java_client.AppiumDriver.findElement(AppiumDriver.java:1)
	at io.appium.java_client.android.AndroidDriver.findElement(AndroidDriver.java:1)
	at org.openqa.selenium.remote.RemoteWebDriver.findElementByXPath(RemoteWebDriver.java:428)
	at io.appium.java_client.DefaultGenericMobileDriver.findElementByXPath(DefaultGenericMobileDriver.java:151)
	at io.appium.java_client.AppiumDriver.findElementByXPath(AppiumDriver.java:1)
	at io.appium.java_client.android.AndroidDriver.findElementByXPath(AndroidDriver.java:1)
	at org.openqa.selenium.By$ByXPath.findElement(By.java:353)
	at org.openqa.selenium.remote.RemoteWebDriver.findElement(RemoteWebDriver.java:315)
	at io.appium.java_client.DefaultGenericMobileDriver.findElement(DefaultGenericMobileDriver.java:57)
	at io.appium.java_client.AppiumDriver.findElement(AppiumDriver.java:1)
	at io.appium.java_client.android.AndroidDriver.findElement(AndroidDriver.java:1)
	at project.pages.LoginPage.getWarningTextPassword(LoginPage.java:47)
	at project.stepsdefinition.LoginStepDefinition.userSeeErrorMessageOnPhoneNumberField(LoginStepDefinition.java:106)
	at ✽.User see error message &quot;Password should be 8 digits and contains : a–z, A–Z, 1–9, Symbol!&quot; on password field(file:///Users/chenr/IdeaProjects/DANA-Business-Project/src/test/resources/features/Login.feature:205)
</failure>
  </testcase>
  <testcase name="classMethod" classname="User input invalid format password" time="51.257">
    <failure message="org.openqa.selenium.NoSuchElementException: An element could not be located on the page using the given search parameters.&#10;For documentation on this error, please visit: https://www.seleniumhq.org/exceptions/no_such_element.html&#10;Build info: version: '3.141.59', revision: 'e82be7d358', time: '2018-11-14T08:17:03'&#10;System info: host: 'dnid0666l01.local', ip: 'fe80:0:0:0:104e:4346:c63d:a4b7%en0', os.name: 'Mac OS X', os.arch: 'x86_64', os.version: '10.15.4', java.version: '1.8.0_251'&#10;Driver info: io.appium.java_client.android.AndroidDriver&#10;Capabilities {app: /Users/chenr/IdeaProjects/D..., appPackage: com.alfikri.rizky.danabusin..., autoGrantPermissions: true, automationName: UiAutomator2, databaseEnabled: false, desired: {app: /Users/chenr/IdeaProjects/D..., autoGrantPermissions: true, automationName: UiAutomator2, deviceName: device, platformName: android, platformVersion: 6.0, udid: emulator-5554}, deviceApiLevel: 23, deviceManufacturer: unknown, deviceModel: Android SDK built for x86, deviceName: emulator-5554, deviceScreenDensity: 420, deviceScreenSize: 1080x1920, deviceUDID: emulator-5554, javascriptEnabled: true, locationContextEnabled: false, networkConnectionEnabled: true, pixelRatio: 2.625, platform: LINUX, platformName: Android, platformVersion: 6.0, statBarHeight: 63, takesScreenshot: true, udid: emulator-5554, viewportRect: {height: 1731, left: 0, top: 63, width: 1080}, warnings: {}, webStorageEnabled: false}&#10;Session ID: 6b3c15a4-fdfd-4517-bcd7-4791dd386c56&#10;*** Element info: {Using=xpath, value=//android.widget.TextView[contains(@text, 'Password should be 8 digits and contains : a–z, A–Z, 1–9, Symbol!')]}" type="org.openqa.selenium.NoSuchElementException">org.openqa.selenium.NoSuchElementException: An element could not be located on the page using the given search parameters.
For documentation on this error, please visit: https://www.seleniumhq.org/exceptions/no_such_element.html
Build info: version: '3.141.59', revision: 'e82be7d358', time: '2018-11-14T08:17:03'
System info: host: 'dnid0666l01.local', ip: 'fe80:0:0:0:104e:4346:c63d:a4b7%en0', os.name: 'Mac OS X', os.arch: 'x86_64', os.version: '10.15.4', java.version: '1.8.0_251'
Driver info: io.appium.java_client.android.AndroidDriver
Capabilities {app: /Users/chenr/IdeaProjects/D..., appPackage: com.alfikri.rizky.danabusin..., autoGrantPermissions: true, automationName: UiAutomator2, databaseEnabled: false, desired: {app: /Users/chenr/IdeaProjects/D..., autoGrantPermissions: true, automationName: UiAutomator2, deviceName: device, platformName: android, platformVersion: 6.0, udid: emulator-5554}, deviceApiLevel: 23, deviceManufacturer: unknown, deviceModel: Android SDK built for x86, deviceName: emulator-5554, deviceScreenDensity: 420, deviceScreenSize: 1080x1920, deviceUDID: emulator-5554, javascriptEnabled: true, locationContextEnabled: false, networkConnectionEnabled: true, pixelRatio: 2.625, platform: LINUX, platformName: Android, platformVersion: 6.0, statBarHeight: 63, takesScreenshot: true, udid: emulator-5554, viewportRect: {height: 1731, left: 0, top: 63, width: 1080}, warnings: {}, webStorageEnabled: false}
Session ID: 6b3c15a4-fdfd-4517-bcd7-4791dd386c56
*** Element info: {Using=xpath, value=//android.widget.TextView[contains(@text, 'Password should be 8 digits and contains : a–z, A–Z, 1–9, Symbol!')]}
	at sun.reflect.NativeConstructorAccessorImpl.newInstance0(Native Method)
	at sun.reflect.NativeConstructorAccessorImpl.newInstance(NativeConstructorAccessorImpl.java:62)
	at sun.reflect.DelegatingConstructorAccessorImpl.newInstance(DelegatingConstructorAccessorImpl.java:45)
	at java.lang.reflect.Constructor.newInstance(Constructor.java:423)
	at org.openqa.selenium.remote.http.W3CHttpResponseCodec.createException(W3CHttpResponseCodec.java:187)
	at org.openqa.selenium.remote.http.W3CHttpResponseCodec.decode(W3CHttpResponseCodec.java:122)
	at org.openqa.selenium.remote.http.W3CHttpResponseCodec.decode(W3CHttpResponseCodec.java:49)
	at org.openqa.selenium.remote.HttpCommandExecutor.execute(HttpCommandExecutor.java:158)
	at io.appium.java_client.remote.AppiumCommandExecutor.execute(AppiumCommandExecutor.java:239)
	at org.openqa.selenium.remote.RemoteWebDriver.execute(RemoteWebDriver.java:552)
	at io.appium.java_client.DefaultGenericMobileDriver.execute(DefaultGenericMobileDriver.java:41)
	at io.appium.java_client.AppiumDriver.execute(AppiumDriver.java:1)
	at io.appium.java_client.android.AndroidDriver.execute(AndroidDriver.java:1)
	at org.openqa.selenium.remote.RemoteWebDriver.findElement(RemoteWebDriver.java:323)
	at io.appium.java_client.DefaultGenericMobileDriver.findElement(DefaultGenericMobileDriver.java:61)
	at io.appium.java_client.AppiumDriver.findElement(AppiumDriver.java:1)
	at io.appium.java_client.android.AndroidDriver.findElement(AndroidDriver.java:1)
	at org.openqa.selenium.remote.RemoteWebDriver.findElementByXPath(RemoteWebDriver.java:428)
	at io.appium.java_client.DefaultGenericMobileDriver.findElementByXPath(DefaultGenericMobileDriver.java:151)
	at io.appium.java_client.AppiumDriver.findElementByXPath(AppiumDriver.java:1)
	at io.appium.java_client.android.AndroidDriver.findElementByXPath(AndroidDriver.java:1)
	at org.openqa.selenium.By$ByXPath.findElement(By.java:353)
	at org.openqa.selenium.remote.RemoteWebDriver.findElement(RemoteWebDriver.java:315)
	at io.appium.java_client.DefaultGenericMobileDriver.findElement(DefaultGenericMobileDriver.java:57)
	at io.appium.java_client.AppiumDriver.findElement(AppiumDriver.java:1)
	at io.appium.java_client.android.AndroidDriver.findElement(AndroidDriver.java:1)
	at project.pages.LoginPage.getWarningTextPassword(LoginPage.java:47)
	at project.stepsdefinition.LoginStepDefinition.userSeeErrorMessageOnPhoneNumberField(LoginStepDefinition.java:106)
	at ✽.User see error message &quot;Password should be 8 digits and contains : a–z, A–Z, 1–9, Symbol!&quot; on password field(file:///Users/chenr/IdeaProjects/DANA-Business-Project/src/test/resources/features/Login.feature:205)
</failure>
  </testcase>
  <testcase name="User is on Login Page" classname="User input invalid format password" time="0.263"/>
  <testcase name="User input password &quot;P@ssw0rd??&quot; on password field" classname="User input invalid format password" time="9.391"/>
  <testcase name="User see error message &quot;Password should be 8 digits and contains : a–z, A–Z, 1–9, Symbol!&quot; on password field" classname="User input invalid format password" time="21.246">
    <failure message="org.openqa.selenium.NoSuchElementException: An element could not be located on the page using the given search parameters.&#10;For documentation on this error, please visit: https://www.seleniumhq.org/exceptions/no_such_element.html&#10;Build info: version: '3.141.59', revision: 'e82be7d358', time: '2018-11-14T08:17:03'&#10;System info: host: 'dnid0666l01.local', ip: 'fe80:0:0:0:104e:4346:c63d:a4b7%en0', os.name: 'Mac OS X', os.arch: 'x86_64', os.version: '10.15.4', java.version: '1.8.0_251'&#10;Driver info: io.appium.java_client.android.AndroidDriver&#10;Capabilities {app: /Users/chenr/IdeaProjects/D..., appPackage: com.alfikri.rizky.danabusin..., autoGrantPermissions: true, automationName: UiAutomator2, databaseEnabled: false, desired: {app: /Users/chenr/IdeaProjects/D..., autoGrantPermissions: true, automationName: UiAutomator2, deviceName: device, platformName: android, platformVersion: 6.0, udid: emulator-5554}, deviceApiLevel: 23, deviceManufacturer: unknown, deviceModel: Android SDK built for x86, deviceName: emulator-5554, deviceScreenDensity: 420, deviceScreenSize: 1080x1920, deviceUDID: emulator-5554, javascriptEnabled: true, locationContextEnabled: false, networkConnectionEnabled: true, pixelRatio: 2.625, platform: LINUX, platformName: Android, platformVersion: 6.0, statBarHeight: 63, takesScreenshot: true, udid: emulator-5554, viewportRect: {height: 1731, left: 0, top: 63, width: 1080}, warnings: {}, webStorageEnabled: false}&#10;Session ID: 3f6850e7-c8f8-4fbc-8de5-4037dc53a960&#10;*** Element info: {Using=xpath, value=//android.widget.TextView[contains(@text, 'Password should be 8 digits and contains : a–z, A–Z, 1–9, Symbol!')]}" type="org.openqa.selenium.NoSuchElementException">org.openqa.selenium.NoSuchElementException: An element could not be located on the page using the given search parameters.
For documentation on this error, please visit: https://www.seleniumhq.org/exceptions/no_such_element.html
Build info: version: '3.141.59', revision: 'e82be7d358', time: '2018-11-14T08:17:03'
System info: host: 'dnid0666l01.local', ip: 'fe80:0:0:0:104e:4346:c63d:a4b7%en0', os.name: 'Mac OS X', os.arch: 'x86_64', os.version: '10.15.4', java.version: '1.8.0_251'
Driver info: io.appium.java_client.android.AndroidDriver
Capabilities {app: /Users/chenr/IdeaProjects/D..., appPackage: com.alfikri.rizky.danabusin..., autoGrantPermissions: true, automationName: UiAutomator2, databaseEnabled: false, desired: {app: /Users/chenr/IdeaProjects/D..., autoGrantPermissions: true, automationName: UiAutomator2, deviceName: device, platformName: android, platformVersion: 6.0, udid: emulator-5554}, deviceApiLevel: 23, deviceManufacturer: unknown, deviceModel: Android SDK built for x86, deviceName: emulator-5554, deviceScreenDensity: 420, deviceScreenSize: 1080x1920, deviceUDID: emulator-5554, javascriptEnabled: true, locationContextEnabled: false, networkConnectionEnabled: true, pixelRatio: 2.625, platform: LINUX, platformName: Android, platformVersion: 6.0, statBarHeight: 63, takesScreenshot: true, udid: emulator-5554, viewportRect: {height: 1731, left: 0, top: 63, width: 1080}, warnings: {}, webStorageEnabled: false}
Session ID: 3f6850e7-c8f8-4fbc-8de5-4037dc53a960
*** Element info: {Using=xpath, value=//android.widget.TextView[contains(@text, 'Password should be 8 digits and contains : a–z, A–Z, 1–9, Symbol!')]}
	at sun.reflect.NativeConstructorAccessorImpl.newInstance0(Native Method)
	at sun.reflect.NativeConstructorAccessorImpl.newInstance(NativeConstructorAccessorImpl.java:62)
	at sun.reflect.DelegatingConstructorAccessorImpl.newInstance(DelegatingConstructorAccessorImpl.java:45)
	at java.lang.reflect.Constructor.newInstance(Constructor.java:423)
	at org.openqa.selenium.remote.http.W3CHttpResponseCodec.createException(W3CHttpResponseCodec.java:187)
	at org.openqa.selenium.remote.http.W3CHttpResponseCodec.decode(W3CHttpResponseCodec.java:122)
	at org.openqa.selenium.remote.http.W3CHttpResponseCodec.decode(W3CHttpResponseCodec.java:49)
	at org.openqa.selenium.remote.HttpCommandExecutor.execute(HttpCommandExecutor.java:158)
	at io.appium.java_client.remote.AppiumCommandExecutor.execute(AppiumCommandExecutor.java:239)
	at org.openqa.selenium.remote.RemoteWebDriver.execute(RemoteWebDriver.java:552)
	at io.appium.java_client.DefaultGenericMobileDriver.execute(DefaultGenericMobileDriver.java:41)
	at io.appium.java_client.AppiumDriver.execute(AppiumDriver.java:1)
	at io.appium.java_client.android.AndroidDriver.execute(AndroidDriver.java:1)
	at org.openqa.selenium.remote.RemoteWebDriver.findElement(RemoteWebDriver.java:323)
	at io.appium.java_client.DefaultGenericMobileDriver.findElement(DefaultGenericMobileDriver.java:61)
	at io.appium.java_client.AppiumDriver.findElement(AppiumDriver.java:1)
	at io.appium.java_client.android.AndroidDriver.findElement(AndroidDriver.java:1)
	at org.openqa.selenium.remote.RemoteWebDriver.findElementByXPath(RemoteWebDriver.java:428)
	at io.appium.java_client.DefaultGenericMobileDriver.findElementByXPath(DefaultGenericMobileDriver.java:151)
	at io.appium.java_client.AppiumDriver.findElementByXPath(AppiumDriver.java:1)
	at io.appium.java_client.android.AndroidDriver.findElementByXPath(AndroidDriver.java:1)
	at org.openqa.selenium.By$ByXPath.findElement(By.java:353)
	at org.openqa.selenium.remote.RemoteWebDriver.findElement(RemoteWebDriver.java:315)
	at io.appium.java_client.DefaultGenericMobileDriver.findElement(DefaultGenericMobileDriver.java:57)
	at io.appium.java_client.AppiumDriver.findElement(AppiumDriver.java:1)
	at io.appium.java_client.android.AndroidDriver.findElement(AndroidDriver.java:1)
	at project.pages.LoginPage.getWarningTextPassword(LoginPage.java:47)
	at project.stepsdefinition.LoginStepDefinition.userSeeErrorMessageOnPhoneNumberField(LoginStepDefinition.java:106)
	at ✽.User see error message &quot;Password should be 8 digits and contains : a–z, A–Z, 1–9, Symbol!&quot; on password field(file:///Users/chenr/IdeaProjects/DANA-Business-Project/src/test/resources/features/Login.feature:205)
</failure>
  </testcase>
  <testcase name="classMethod" classname="User input invalid format password" time="62.73">
    <failure message="org.openqa.selenium.NoSuchElementException: An element could not be located on the page using the given search parameters.&#10;For documentation on this error, please visit: https://www.seleniumhq.org/exceptions/no_such_element.html&#10;Build info: version: '3.141.59', revision: 'e82be7d358', time: '2018-11-14T08:17:03'&#10;System info: host: 'dnid0666l01.local', ip: 'fe80:0:0:0:104e:4346:c63d:a4b7%en0', os.name: 'Mac OS X', os.arch: 'x86_64', os.version: '10.15.4', java.version: '1.8.0_251'&#10;Driver info: io.appium.java_client.android.AndroidDriver&#10;Capabilities {app: /Users/chenr/IdeaProjects/D..., appPackage: com.alfikri.rizky.danabusin..., autoGrantPermissions: true, automationName: UiAutomator2, databaseEnabled: false, desired: {app: /Users/chenr/IdeaProjects/D..., autoGrantPermissions: true, automationName: UiAutomator2, deviceName: device, platformName: android, platformVersion: 6.0, udid: emulator-5554}, deviceApiLevel: 23, deviceManufacturer: unknown, deviceModel: Android SDK built for x86, deviceName: emulator-5554, deviceScreenDensity: 420, deviceScreenSize: 1080x1920, deviceUDID: emulator-5554, javascriptEnabled: true, locationContextEnabled: false, networkConnectionEnabled: true, pixelRatio: 2.625, platform: LINUX, platformName: Android, platformVersion: 6.0, statBarHeight: 63, takesScreenshot: true, udid: emulator-5554, viewportRect: {height: 1731, left: 0, top: 63, width: 1080}, warnings: {}, webStorageEnabled: false}&#10;Session ID: 3f6850e7-c8f8-4fbc-8de5-4037dc53a960&#10;*** Element info: {Using=xpath, value=//android.widget.TextView[contains(@text, 'Password should be 8 digits and contains : a–z, A–Z, 1–9, Symbol!')]}" type="org.openqa.selenium.NoSuchElementException">org.openqa.selenium.NoSuchElementException: An element could not be located on the page using the given search parameters.
For documentation on this error, please visit: https://www.seleniumhq.org/exceptions/no_such_element.html
Build info: version: '3.141.59', revision: 'e82be7d358', time: '2018-11-14T08:17:03'
System info: host: 'dnid0666l01.local', ip: 'fe80:0:0:0:104e:4346:c63d:a4b7%en0', os.name: 'Mac OS X', os.arch: 'x86_64', os.version: '10.15.4', java.version: '1.8.0_251'
Driver info: io.appium.java_client.android.AndroidDriver
Capabilities {app: /Users/chenr/IdeaProjects/D..., appPackage: com.alfikri.rizky.danabusin..., autoGrantPermissions: true, automationName: UiAutomator2, databaseEnabled: false, desired: {app: /Users/chenr/IdeaProjects/D..., autoGrantPermissions: true, automationName: UiAutomator2, deviceName: device, platformName: android, platformVersion: 6.0, udid: emulator-5554}, deviceApiLevel: 23, deviceManufacturer: unknown, deviceModel: Android SDK built for x86, deviceName: emulator-5554, deviceScreenDensity: 420, deviceScreenSize: 1080x1920, deviceUDID: emulator-5554, javascriptEnabled: true, locationContextEnabled: false, networkConnectionEnabled: true, pixelRatio: 2.625, platform: LINUX, platformName: Android, platformVersion: 6.0, statBarHeight: 63, takesScreenshot: true, udid: emulator-5554, viewportRect: {height: 1731, left: 0, top: 63, width: 1080}, warnings: {}, webStorageEnabled: false}
Session ID: 3f6850e7-c8f8-4fbc-8de5-4037dc53a960
*** Element info: {Using=xpath, value=//android.widget.TextView[contains(@text, 'Password should be 8 digits and contains : a–z, A–Z, 1–9, Symbol!')]}
	at sun.reflect.NativeConstructorAccessorImpl.newInstance0(Native Method)
	at sun.reflect.NativeConstructorAccessorImpl.newInstance(NativeConstructorAccessorImpl.java:62)
	at sun.reflect.DelegatingConstructorAccessorImpl.newInstance(DelegatingConstructorAccessorImpl.java:45)
	at java.lang.reflect.Constructor.newInstance(Constructor.java:423)
	at org.openqa.selenium.remote.http.W3CHttpResponseCodec.createException(W3CHttpResponseCodec.java:187)
	at org.openqa.selenium.remote.http.W3CHttpResponseCodec.decode(W3CHttpResponseCodec.java:122)
	at org.openqa.selenium.remote.http.W3CHttpResponseCodec.decode(W3CHttpResponseCodec.java:49)
	at org.openqa.selenium.remote.HttpCommandExecutor.execute(HttpCommandExecutor.java:158)
	at io.appium.java_client.remote.AppiumCommandExecutor.execute(AppiumCommandExecutor.java:239)
	at org.openqa.selenium.remote.RemoteWebDriver.execute(RemoteWebDriver.java:552)
	at io.appium.java_client.DefaultGenericMobileDriver.execute(DefaultGenericMobileDriver.java:41)
	at io.appium.java_client.AppiumDriver.execute(AppiumDriver.java:1)
	at io.appium.java_client.android.AndroidDriver.execute(AndroidDriver.java:1)
	at org.openqa.selenium.remote.RemoteWebDriver.findElement(RemoteWebDriver.java:323)
	at io.appium.java_client.DefaultGenericMobileDriver.findElement(DefaultGenericMobileDriver.java:61)
	at io.appium.java_client.AppiumDriver.findElement(AppiumDriver.java:1)
	at io.appium.java_client.android.AndroidDriver.findElement(AndroidDriver.java:1)
	at org.openqa.selenium.remote.RemoteWebDriver.findElementByXPath(RemoteWebDriver.java:428)
	at io.appium.java_client.DefaultGenericMobileDriver.findElementByXPath(DefaultGenericMobileDriver.java:151)
	at io.appium.java_client.AppiumDriver.findElementByXPath(AppiumDriver.java:1)
	at io.appium.java_client.android.AndroidDriver.findElementByXPath(AndroidDriver.java:1)
	at org.openqa.selenium.By$ByXPath.findElement(By.java:353)
	at org.openqa.selenium.remote.RemoteWebDriver.findElement(RemoteWebDriver.java:315)
	at io.appium.java_client.DefaultGenericMobileDriver.findElement(DefaultGenericMobileDriver.java:57)
	at io.appium.java_client.AppiumDriver.findElement(AppiumDriver.java:1)
	at io.appium.java_client.android.AndroidDriver.findElement(AndroidDriver.java:1)
	at project.pages.LoginPage.getWarningTextPassword(LoginPage.java:47)
	at project.stepsdefinition.LoginStepDefinition.userSeeErrorMessageOnPhoneNumberField(LoginStepDefinition.java:106)
	at ✽.User see error message &quot;Password should be 8 digits and contains : a–z, A–Z, 1–9, Symbol!&quot; on password field(file:///Users/chenr/IdeaProjects/DANA-Business-Project/src/test/resources/features/Login.feature:205)
</failure>
  </testcase>
  <system-out><![CDATA[
@Login @PasswordField
Scenario Outline: User input invalid format password                                                                ?[90m# src/test/resources/features/Login.feature:209?[0m

@Login @PasswordField
Scenario Outline: User input invalid format password                                                                ?[90m# src/test/resources/features/Login.feature:210?[0m

@Login @PasswordField
Scenario Outline: User input invalid format password                                                                ?[90m# src/test/resources/features/Login.feature:211?[0m

@Login @PasswordField
Scenario Outline: User input invalid format password                                                                ?[90m# src/test/resources/features/Login.feature:212?[0m

@Login @PasswordField
Scenario Outline: User input invalid format password                                                                ?[90m# src/test/resources/features/Login.feature:213?[0m

@Login @PasswordField
Scenario Outline: User input invalid format password                                                                ?[90m# src/test/resources/features/Login.feature:214?[0m

@Login @PasswordField
Scenario Outline: User input invalid format password                                                                ?[90m# src/test/resources/features/Login.feature:215?[0m

@Login @PasswordField
Scenario Outline: User input invalid format password                                                                ?[90m# src/test/resources/features/Login.feature:216?[0m

@Login @PasswordField
Scenario Outline: User input invalid format password                                                                ?[90m# src/test/resources/features/Login.feature:217?[0m

@Login @PasswordField
Scenario Outline: User input invalid format password                                                                ?[90m# src/test/resources/features/Login.feature:218?[0m

@Login @PasswordField
Scenario Outline: User input invalid format password                                                                ?[90m# src/test/resources/features/Login.feature:219?[0m

@Login @PasswordField
Scenario Outline: User input invalid format password                                                                ?[90m# src/test/resources/features/Login.feature:220?[0m

@Login @PasswordField
Scenario Outline: User input invalid format password                                                                ?[90m# src/test/resources/features/Login.feature:221?[0m

@Login @PasswordField
Scenario Outline: User input invalid format password                                                                ?[90m# src/test/resources/features/Login.feature:222?[0m

@Login @PasswordField
Scenario Outline: User input invalid format password                                                                ?[90m# src/test/resources/features/Login.feature:223?[0m

@Login @PasswordField
Scenario Outline: User input invalid format password                                                                ?[90m# src/test/resources/features/Login.feature:224?[0m

@Login @PasswordField
Scenario Outline: User input invalid format password                                                                ?[90m# src/test/resources/features/Login.feature:225?[0m

@Login @PasswordField
Scenario Outline: User input invalid format password                                                                ?[90m# src/test/resources/features/Login.feature:226?[0m
]]></system-out>
  <system-err><![CDATA[Jun 22, 2020 10:20:19 PM io.appium.java_client.remote.AppiumCommandExecutor$1 lambda$0
INFO: Detected dialect: W3C
Jun 22, 2020 10:20:50 PM io.appium.java_client.remote.AppiumCommandExecutor$1 lambda$0
INFO: Detected dialect: W3C
Jun 22, 2020 10:21:35 PM io.appium.java_client.remote.AppiumCommandExecutor$1 lambda$0
INFO: Detected dialect: W3C
Jun 22, 2020 10:21:59 PM io.appium.java_client.remote.AppiumCommandExecutor$1 lambda$0
INFO: Detected dialect: W3C
Jun 22, 2020 10:22:31 PM io.appium.java_client.remote.AppiumCommandExecutor$1 lambda$0
INFO: Detected dialect: W3C
Jun 22, 2020 10:23:01 PM io.appium.java_client.remote.AppiumCommandExecutor$1 lambda$0
INFO: Detected dialect: W3C
Jun 22, 2020 10:23:33 PM io.appium.java_client.remote.AppiumCommandExecutor$1 lambda$0
INFO: Detected dialect: W3C
Jun 22, 2020 10:23:54 PM io.appium.java_client.remote.AppiumCommandExecutor$1 lambda$0
INFO: Detected dialect: W3C
Jun 22, 2020 10:24:20 PM io.appium.java_client.remote.AppiumCommandExecutor$1 lambda$0
INFO: Detected dialect: W3C
Jun 22, 2020 10:24:52 PM io.appium.java_client.remote.AppiumCommandExecutor$1 lambda$0
INFO: Detected dialect: W3C
Jun 22, 2020 10:25:20 PM io.appium.java_client.remote.AppiumCommandExecutor$1 lambda$0
INFO: Detected dialect: W3C
Jun 22, 2020 10:25:51 PM io.appium.java_client.remote.AppiumCommandExecutor$1 lambda$0
INFO: Detected dialect: W3C
Jun 22, 2020 10:26:19 PM io.appium.java_client.remote.AppiumCommandExecutor$1 lambda$0
INFO: Detected dialect: W3C
Jun 22, 2020 10:26:43 PM io.appium.java_client.remote.AppiumCommandExecutor$1 lambda$0
INFO: Detected dialect: W3C
Jun 22, 2020 10:27:01 PM io.appium.java_client.remote.AppiumCommandExecutor$1 lambda$0
INFO: Detected dialect: W3C
Jun 22, 2020 10:27:34 PM io.appium.java_client.remote.AppiumCommandExecutor$1 lambda$0
INFO: Detected dialect: W3C
Jun 22, 2020 10:28:01 PM io.appium.java_client.remote.AppiumCommandExecutor$1 lambda$0
INFO: Detected dialect: W3C
Jun 22, 2020 10:29:11 PM io.appium.java_client.remote.AppiumCommandExecutor$1 lambda$0
INFO: Detected dialect: W3C
]]></system-err>
</testsuite>
