<?xml version="1.0" encoding="UTF-8"?>
<testsuite name="User input invalid format password and click hide/show password button" tests="9" skipped="0" failures="0" errors="0" timestamp="2020-06-24T07:15:26" hostname="LAPTOP-8ROAKM94" time="18.836">
  <properties/>
  <testcase name="User is on Login Page" classname="User input invalid format password and click hide/show password button" time="3.534"/>
  <testcase name="User input password &quot;P@ssw0r&quot; on password field" classname="User input invalid format password and click hide/show password button" time="0.159"/>
  <testcase name="User click show password button" classname="User input invalid format password and click hide/show password button" time="0.758"/>
  <testcase name="User see &quot;P@ssw0r&quot; on password field" classname="User input invalid format password and click hide/show password button" time="0.52"/>
  <testcase name="classMethod" classname="User input invalid format password and click hide/show password button" time="13.779"/>
  <testcase name="User is on Login Page" classname="User input invalid format password and click hide/show password button" time="3.561"/>
  <testcase name="User input password &quot;P@ssw0r&quot; on password field" classname="User input invalid format password and click hide/show password button" time="0.137"/>
  <testcase name="User see password is masked" classname="User input invalid format password and click hide/show password button" time="0.712"/>
  <testcase name="classMethod" classname="User input invalid format password and click hide/show password button" time="13.251"/>
  <system-out><![CDATA[
@Login @Show @2
Scenario: User input invalid format password and click hide/show password button ?[90m# src/test/resources/features/Login.feature:245?[0m

@Login @Show
Scenario: User input invalid format password and click hide/show password button ?[90m# src/test/resources/features/Login.feature:252?[0m
]]></system-out>
  <system-err><![CDATA[Jun 24, 2020 2:15:26 PM io.appium.java_client.remote.AppiumCommandExecutor$1 lambda$0
INFO: Detected dialect: W3C
Jun 24, 2020 2:15:40 PM io.appium.java_client.remote.AppiumCommandExecutor$1 lambda$0
INFO: Detected dialect: W3C
]]></system-err>
</testsuite>
