<?xml version="1.0" encoding="UTF-8"?>
<testsuite name="18 - 33. user login with corret phone number but invalid password format" tests="96" skipped="2" failures="4" errors="0" timestamp="2020-06-22T15:05:01" hostname="dnid0666l01.local" time="529.667">
  <properties/>
  <testcase name="User is on Login Page" classname="18 - 33. user login with corret phone number but invalid password format" time="1.023"/>
  <testcase name="User input phone number &quot;81394577665&quot; on phone number field" classname="18 - 33. user login with corret phone number but invalid password format" time="22.801"/>
  <testcase name="User input password &quot;Passw0rd&quot; on password field" classname="18 - 33. user login with corret phone number but invalid password format" time="1.357"/>
  <testcase name="User cannot click Sign In button on Login Page" classname="18 - 33. user login with corret phone number but invalid password format" time="0.624"/>
  <testcase name="User see error message &quot;Password should be 8 digits and contains : a–z, A–Z, 1–9, Symbol!&quot;" classname="18 - 33. user login with corret phone number but invalid password format" time="0.069"/>
  <testcase name="classMethod" classname="18 - 33. user login with corret phone number but invalid password format" time="36.932"/>
  <testcase name="User is on Login Page" classname="18 - 33. user login with corret phone number but invalid password format" time="1.023"/>
  <testcase name="User input phone number &quot;81394577665&quot; on phone number field" classname="18 - 33. user login with corret phone number but invalid password format" time="22.707"/>
  <testcase name="User input password &quot;P@ssword&quot; on password field" classname="18 - 33. user login with corret phone number but invalid password format" time="1.724"/>
  <testcase name="User cannot click Sign In button on Login Page" classname="18 - 33. user login with corret phone number but invalid password format" time="0.635"/>
  <testcase name="User see error message &quot;Password should be 8 digits and contains : a–z, A–Z, 1–9, Symbol!&quot;" classname="18 - 33. user login with corret phone number but invalid password format" time="0.075"/>
  <testcase name="classMethod" classname="18 - 33. user login with corret phone number but invalid password format" time="34.26"/>
  <testcase name="User is on Login Page" classname="18 - 33. user login with corret phone number but invalid password format" time="1.038"/>
  <testcase name="User input phone number &quot;81394577665&quot; on phone number field" classname="18 - 33. user login with corret phone number but invalid password format" time="23.039"/>
  <testcase name="User input password &quot;Password&quot; on password field" classname="18 - 33. user login with corret phone number but invalid password format" time="1.374"/>
  <testcase name="User cannot click Sign In button on Login Page" classname="18 - 33. user login with corret phone number but invalid password format" time="0.622"/>
  <testcase name="User see error message &quot;Password should be 8 digits and contains : a–z, A–Z, 1–9, Symbol!&quot;" classname="18 - 33. user login with corret phone number but invalid password format" time="0.079"/>
  <testcase name="classMethod" classname="18 - 33. user login with corret phone number but invalid password format" time="52.595"/>
  <testcase name="User is on Login Page" classname="18 - 33. user login with corret phone number but invalid password format" time="1.051"/>
  <testcase name="User input phone number &quot;81394577665&quot; on phone number field" classname="18 - 33. user login with corret phone number but invalid password format" time="22.771"/>
  <testcase name="User input password &quot;p@ssw0rd&quot; on password field" classname="18 - 33. user login with corret phone number but invalid password format" time="1.382"/>
  <testcase name="User cannot click Sign In button on Login Page" classname="18 - 33. user login with corret phone number but invalid password format" time="0.619"/>
  <testcase name="User see error message &quot;Password should be 8 digits and contains : a–z, A–Z, 1–9, Symbol!&quot;" classname="18 - 33. user login with corret phone number but invalid password format" time="0.074"/>
  <testcase name="classMethod" classname="18 - 33. user login with corret phone number but invalid password format" time="32.977"/>
  <testcase name="User is on Login Page" classname="18 - 33. user login with corret phone number but invalid password format" time="1.021"/>
  <testcase name="User input phone number &quot;81394577665&quot; on phone number field" classname="18 - 33. user login with corret phone number but invalid password format" time="6.623"/>
  <testcase name="User input password &quot;passw0rd&quot; on password field" classname="18 - 33. user login with corret phone number but invalid password format" time="1.38"/>
  <testcase name="User cannot click Sign In button on Login Page" classname="18 - 33. user login with corret phone number but invalid password format" time="0.628"/>
  <testcase name="User see error message &quot;Password should be 8 digits and contains : a–z, A–Z, 1–9, Symbol!&quot;" classname="18 - 33. user login with corret phone number but invalid password format" time="0.067"/>
  <testcase name="classMethod" classname="18 - 33. user login with corret phone number but invalid password format" time="36.413"/>
  <testcase name="User is on Login Page" classname="18 - 33. user login with corret phone number but invalid password format" time="1.054"/>
  <testcase name="User input phone number &quot;81394577665&quot; on phone number field" classname="18 - 33. user login with corret phone number but invalid password format" time="6.769"/>
  <testcase name="User input password &quot;p@ssword&quot; on password field" classname="18 - 33. user login with corret phone number but invalid password format" time="1.378"/>
  <testcase name="User cannot click Sign In button on Login Page" classname="18 - 33. user login with corret phone number but invalid password format" time="0.606"/>
  <testcase name="User see error message &quot;Password should be 8 digits and contains : a–z, A–Z, 1–9, Symbol!&quot;" classname="18 - 33. user login with corret phone number but invalid password format" time="0.077"/>
  <testcase name="classMethod" classname="18 - 33. user login with corret phone number but invalid password format" time="36.409"/>
  <testcase name="User is on Login Page" classname="18 - 33. user login with corret phone number but invalid password format" time="0.988"/>
  <testcase name="User input phone number &quot;81394577665&quot; on phone number field" classname="18 - 33. user login with corret phone number but invalid password format" time="3.39"/>
  <testcase name="User input password &quot;password&quot; on password field" classname="18 - 33. user login with corret phone number but invalid password format" time="1.347"/>
  <testcase name="User cannot click Sign In button on Login Page" classname="18 - 33. user login with corret phone number but invalid password format" time="0.621"/>
  <testcase name="User see error message &quot;Password should be 8 digits and contains : a–z, A–Z, 1–9, Symbol!&quot;" classname="18 - 33. user login with corret phone number but invalid password format" time="0.103"/>
  <testcase name="classMethod" classname="18 - 33. user login with corret phone number but invalid password format" time="16.687"/>
  <testcase name="User is on Login Page" classname="18 - 33. user login with corret phone number but invalid password format" time="0.985"/>
  <testcase name="User input phone number &quot;81394577665&quot; on phone number field" classname="18 - 33. user login with corret phone number but invalid password format" time="22.852"/>
  <testcase name="User input password &quot;P@SSW0RD&quot; on password field" classname="18 - 33. user login with corret phone number but invalid password format" time="1.369"/>
  <testcase name="User cannot click Sign In button on Login Page" classname="18 - 33. user login with corret phone number but invalid password format" time="0.627"/>
  <testcase name="User see error message &quot;Password should be 8 digits and contains : a–z, A–Z, 1–9, Symbol!&quot;" classname="18 - 33. user login with corret phone number but invalid password format" time="0.152"/>
  <testcase name="classMethod" classname="18 - 33. user login with corret phone number but invalid password format" time="52.825"/>
  <testcase name="User is on Login Page" classname="18 - 33. user login with corret phone number but invalid password format" time="1.028"/>
  <testcase name="User input phone number &quot;81394577665&quot; on phone number field" classname="18 - 33. user login with corret phone number but invalid password format" time="12.802"/>
  <testcase name="User input password &quot;PASSW0RD&quot; on password field" classname="18 - 33. user login with corret phone number but invalid password format" time="1.364"/>
  <testcase name="User cannot click Sign In button on Login Page" classname="18 - 33. user login with corret phone number but invalid password format" time="0.616"/>
  <testcase name="User see error message &quot;Password should be 8 digits and contains : a–z, A–Z, 1–9, Symbol!&quot;" classname="18 - 33. user login with corret phone number but invalid password format" time="0.078"/>
  <testcase name="classMethod" classname="18 - 33. user login with corret phone number but invalid password format" time="27.772"/>
  <testcase name="User is on Login Page" classname="18 - 33. user login with corret phone number but invalid password format" time="1.023"/>
  <testcase name="User input phone number &quot;81394577665&quot; on phone number field" classname="18 - 33. user login with corret phone number but invalid password format" time="12.811"/>
  <testcase name="User input password &quot;P@SSWORD&quot; on password field" classname="18 - 33. user login with corret phone number but invalid password format" time="1.355"/>
  <testcase name="User cannot click Sign In button on Login Page" classname="18 - 33. user login with corret phone number but invalid password format" time="0.605"/>
  <testcase name="User see error message &quot;Password should be 8 digits and contains : a–z, A–Z, 1–9, Symbol!&quot;" classname="18 - 33. user login with corret phone number but invalid password format" time="0.078"/>
  <testcase name="classMethod" classname="18 - 33. user login with corret phone number but invalid password format" time="32.651"/>
  <testcase name="User is on Login Page" classname="18 - 33. user login with corret phone number but invalid password format" time="1.012"/>
  <testcase name="User input phone number &quot;81394577665&quot; on phone number field" classname="18 - 33. user login with corret phone number but invalid password format" time="12.828"/>
  <testcase name="User input password &quot;PASSWORD&quot; on password field" classname="18 - 33. user login with corret phone number but invalid password format" time="1.353"/>
  <testcase name="User cannot click Sign In button on Login Page" classname="18 - 33. user login with corret phone number but invalid password format" time="0.628"/>
  <testcase name="User see error message &quot;Password should be 8 digits and contains : a–z, A–Z, 1–9, Symbol!&quot;" classname="18 - 33. user login with corret phone number but invalid password format" time="0.082"/>
  <testcase name="classMethod" classname="18 - 33. user login with corret phone number but invalid password format" time="27.639"/>
  <testcase name="User is on Login Page" classname="18 - 33. user login with corret phone number but invalid password format" time="1.043"/>
  <testcase name="User input phone number &quot;81394577665&quot; on phone number field" classname="18 - 33. user login with corret phone number but invalid password format" time="12.784"/>
  <testcase name="User input password &quot;123$%^78&quot; on password field" classname="18 - 33. user login with corret phone number but invalid password format" time="1.368"/>
  <testcase name="User cannot click Sign In button on Login Page" classname="18 - 33. user login with corret phone number but invalid password format" time="0.603"/>
  <testcase name="User see error message &quot;Password should be 8 digits and contains : a–z, A–Z, 1–9, Symbol!&quot;" classname="18 - 33. user login with corret phone number but invalid password format" time="0.069"/>
  <testcase name="classMethod" classname="18 - 33. user login with corret phone number but invalid password format" time="32.437"/>
  <testcase name="User is on Login Page" classname="18 - 33. user login with corret phone number but invalid password format" time="1.002"/>
  <testcase name="User input phone number &quot;81394577665&quot; on phone number field" classname="18 - 33. user login with corret phone number but invalid password format" time="12.774"/>
  <testcase name="User input password &quot;12345678&quot; on password field" classname="18 - 33. user login with corret phone number but invalid password format" time="1.353"/>
  <testcase name="User cannot click Sign In button on Login Page" classname="18 - 33. user login with corret phone number but invalid password format" time="0.621"/>
  <testcase name="User see error message &quot;Password should be 8 digits and contains : a–z, A–Z, 1–9, Symbol!&quot;" classname="18 - 33. user login with corret phone number but invalid password format" time="0.083"/>
  <testcase name="classMethod" classname="18 - 33. user login with corret phone number but invalid password format" time="27.278"/>
  <testcase name="User is on Login Page" classname="18 - 33. user login with corret phone number but invalid password format" time="1.006"/>
  <testcase name="User input phone number &quot;81394577665&quot; on phone number field" classname="18 - 33. user login with corret phone number but invalid password format" time="12.774"/>
  <testcase name="User input password &quot;!@#$%^&amp;*&quot; on password field" classname="18 - 33. user login with corret phone number but invalid password format" time="1.368"/>
  <testcase name="User cannot click Sign In button on Login Page" classname="18 - 33. user login with corret phone number but invalid password format" time="0.604"/>
  <testcase name="User see error message &quot;Password should be 8 digits and contains : a–z, A–Z, 1–9, Symbol!&quot;" classname="18 - 33. user login with corret phone number but invalid password format" time="0.087"/>
  <testcase name="classMethod" classname="18 - 33. user login with corret phone number but invalid password format" time="32.7"/>
  <testcase name="User is on Login Page" classname="18 - 33. user login with corret phone number but invalid password format" time="0.998"/>
  <testcase name="User input phone number &quot;81394577665&quot; on phone number field" classname="18 - 33. user login with corret phone number but invalid password format" time="12.79"/>
  <testcase name="User input password &quot;P@ss w0rd&quot; on password field" classname="18 - 33. user login with corret phone number but invalid password format" time="1.351"/>
  <testcase name="User cannot click Sign In button on Login Page" classname="18 - 33. user login with corret phone number but invalid password format" time="0.714">
    <failure message="java.lang.AssertionError" type="java.lang.AssertionError">java.lang.AssertionError
	at org.junit.Assert.fail(Assert.java:87)
	at org.junit.Assert.assertTrue(Assert.java:42)
	at org.junit.Assert.assertFalse(Assert.java:65)
	at org.junit.Assert.assertFalse(Assert.java:75)
	at project.stepsdefinition.LoginStepDefinition.userCannotClickSignInButtonOnLoginPage(LoginStepDefinition.java:58)
	at ✽.User cannot click Sign In button on Login Page(file:///Users/chenr/IdeaProjects/DANA-Business-Project/src/test/resources/features/Login.feature:120)
</failure>
  </testcase>
  <testcase name="User see error message &quot;Password should be 8 digits and contains : a–z, A–Z, 1–9, Symbol!&quot;" classname="18 - 33. user login with corret phone number but invalid password format" time="0.0">
    <skipped/>
  </testcase>
  <testcase name="classMethod" classname="18 - 33. user login with corret phone number but invalid password format" time="27.852">
    <failure message="java.lang.AssertionError" type="java.lang.AssertionError">java.lang.AssertionError
	at org.junit.Assert.fail(Assert.java:87)
	at org.junit.Assert.assertTrue(Assert.java:42)
	at org.junit.Assert.assertFalse(Assert.java:65)
	at org.junit.Assert.assertFalse(Assert.java:75)
	at project.stepsdefinition.LoginStepDefinition.userCannotClickSignInButtonOnLoginPage(LoginStepDefinition.java:58)
	at ✽.User cannot click Sign In button on Login Page(file:///Users/chenr/IdeaProjects/DANA-Business-Project/src/test/resources/features/Login.feature:120)
</failure>
  </testcase>
  <testcase name="User is on Login Page" classname="18 - 33. user login with corret phone number but invalid password format" time="1.039"/>
  <testcase name="User input phone number &quot;81394577665&quot; on phone number field" classname="18 - 33. user login with corret phone number but invalid password format" time="12.827"/>
  <testcase name="User input password &quot;P@ssw0rd??&quot; on password field" classname="18 - 33. user login with corret phone number but invalid password format" time="1.36"/>
  <testcase name="User cannot click Sign In button on Login Page" classname="18 - 33. user login with corret phone number but invalid password format" time="0.681">
    <failure message="java.lang.AssertionError" type="java.lang.AssertionError">java.lang.AssertionError
	at org.junit.Assert.fail(Assert.java:87)
	at org.junit.Assert.assertTrue(Assert.java:42)
	at org.junit.Assert.assertFalse(Assert.java:65)
	at org.junit.Assert.assertFalse(Assert.java:75)
	at project.stepsdefinition.LoginStepDefinition.userCannotClickSignInButtonOnLoginPage(LoginStepDefinition.java:58)
	at ✽.User cannot click Sign In button on Login Page(file:///Users/chenr/IdeaProjects/DANA-Business-Project/src/test/resources/features/Login.feature:120)
</failure>
  </testcase>
  <testcase name="User see error message &quot;Password should be 8 digits and contains : a–z, A–Z, 1–9, Symbol!&quot;" classname="18 - 33. user login with corret phone number but invalid password format" time="0.001">
    <skipped/>
  </testcase>
  <testcase name="classMethod" classname="18 - 33. user login with corret phone number but invalid password format" time="32.787">
    <failure message="java.lang.AssertionError" type="java.lang.AssertionError">java.lang.AssertionError
	at org.junit.Assert.fail(Assert.java:87)
	at org.junit.Assert.assertTrue(Assert.java:42)
	at org.junit.Assert.assertFalse(Assert.java:65)
	at org.junit.Assert.assertFalse(Assert.java:75)
	at project.stepsdefinition.LoginStepDefinition.userCannotClickSignInButtonOnLoginPage(LoginStepDefinition.java:58)
	at ✽.User cannot click Sign In button on Login Page(file:///Users/chenr/IdeaProjects/DANA-Business-Project/src/test/resources/features/Login.feature:120)
</failure>
  </testcase>
  <system-out><![CDATA[
@Login @Invalid @Scenario
Scenario Outline: 18 - 33. user login with corret phone number but invalid password format        ?[90m# src/test/resources/features/Login.feature:126?[0m

@Login @Invalid @Scenario
Scenario Outline: 18 - 33. user login with corret phone number but invalid password format        ?[90m# src/test/resources/features/Login.feature:128?[0m

@Login @Invalid @Scenario
Scenario Outline: 18 - 33. user login with corret phone number but invalid password format        ?[90m# src/test/resources/features/Login.feature:130?[0m

@Login @Invalid @Scenario
Scenario Outline: 18 - 33. user login with corret phone number but invalid password format        ?[90m# src/test/resources/features/Login.feature:132?[0m

@Login @Invalid @Scenario
Scenario Outline: 18 - 33. user login with corret phone number but invalid password format        ?[90m# src/test/resources/features/Login.feature:134?[0m

@Login @Invalid @Scenario
Scenario Outline: 18 - 33. user login with corret phone number but invalid password format        ?[90m# src/test/resources/features/Login.feature:136?[0m

@Login @Invalid @Scenario
Scenario Outline: 18 - 33. user login with corret phone number but invalid password format        ?[90m# src/test/resources/features/Login.feature:138?[0m

@Login @Invalid @Scenario
Scenario Outline: 18 - 33. user login with corret phone number but invalid password format        ?[90m# src/test/resources/features/Login.feature:140?[0m

@Login @Invalid @Scenario
Scenario Outline: 18 - 33. user login with corret phone number but invalid password format        ?[90m# src/test/resources/features/Login.feature:142?[0m

@Login @Invalid @Scenario
Scenario Outline: 18 - 33. user login with corret phone number but invalid password format        ?[90m# src/test/resources/features/Login.feature:144?[0m

@Login @Invalid @Scenario
Scenario Outline: 18 - 33. user login with corret phone number but invalid password format        ?[90m# src/test/resources/features/Login.feature:146?[0m

@Login @Invalid @Scenario
Scenario Outline: 18 - 33. user login with corret phone number but invalid password format        ?[90m# src/test/resources/features/Login.feature:148?[0m

@Login @Invalid @Scenario
Scenario Outline: 18 - 33. user login with corret phone number but invalid password format        ?[90m# src/test/resources/features/Login.feature:150?[0m

@Login @Invalid @Scenario
Scenario Outline: 18 - 33. user login with corret phone number but invalid password format        ?[90m# src/test/resources/features/Login.feature:152?[0m

@Login @Invalid @Scenario
Scenario Outline: 18 - 33. user login with corret phone number but invalid password format        ?[90m# src/test/resources/features/Login.feature:154?[0m

@Login @Invalid @Scenario
Scenario Outline: 18 - 33. user login with corret phone number but invalid password format        ?[90m# src/test/resources/features/Login.feature:156?[0m
]]></system-out>
  <system-err><![CDATA[Jun 22, 2020 10:05:01 PM io.appium.java_client.remote.AppiumCommandExecutor$1 lambda$0
INFO: Detected dialect: W3C
Jun 22, 2020 10:05:35 PM io.appium.java_client.remote.AppiumCommandExecutor$1 lambda$0
INFO: Detected dialect: W3C
Jun 22, 2020 10:06:28 PM io.appium.java_client.remote.AppiumCommandExecutor$1 lambda$0
INFO: Detected dialect: W3C
Jun 22, 2020 10:07:01 PM io.appium.java_client.remote.AppiumCommandExecutor$1 lambda$0
INFO: Detected dialect: W3C
Jun 22, 2020 10:07:54 PM io.appium.java_client.remote.AppiumCommandExecutor$1 lambda$0
INFO: Detected dialect: W3C
Jun 22, 2020 10:08:30 PM io.appium.java_client.remote.AppiumCommandExecutor$1 lambda$0
INFO: Detected dialect: W3C
Jun 22, 2020 10:08:50 PM io.appium.java_client.remote.AppiumCommandExecutor$1 lambda$0
INFO: Detected dialect: W3C
Jun 22, 2020 10:09:23 PM io.appium.java_client.remote.AppiumCommandExecutor$1 lambda$0
INFO: Detected dialect: W3C
Jun 22, 2020 10:10:01 PM io.appium.java_client.remote.AppiumCommandExecutor$1 lambda$0
INFO: Detected dialect: W3C
Jun 22, 2020 10:10:34 PM io.appium.java_client.remote.AppiumCommandExecutor$1 lambda$0
INFO: Detected dialect: W3C
Jun 22, 2020 10:11:01 PM io.appium.java_client.remote.AppiumCommandExecutor$1 lambda$0
INFO: Detected dialect: W3C
Jun 22, 2020 10:11:34 PM io.appium.java_client.remote.AppiumCommandExecutor$1 lambda$0
INFO: Detected dialect: W3C
Jun 22, 2020 10:12:01 PM io.appium.java_client.remote.AppiumCommandExecutor$1 lambda$0
INFO: Detected dialect: W3C
Jun 22, 2020 10:12:34 PM io.appium.java_client.remote.AppiumCommandExecutor$1 lambda$0
INFO: Detected dialect: W3C
Jun 22, 2020 10:13:01 PM io.appium.java_client.remote.AppiumCommandExecutor$1 lambda$0
INFO: Detected dialect: W3C
Jun 22, 2020 10:13:34 PM io.appium.java_client.remote.AppiumCommandExecutor$1 lambda$0
INFO: Detected dialect: W3C
]]></system-err>
</testsuite>
