<?xml version="1.0" encoding="UTF-8"?>
<testsuite name="User input invalid format password" tests="72" skipped="0" failures="2" errors="0" timestamp="2020-06-24T05:39:51" hostname="LAPTOP-8ROAKM94" time="267.645">
  <properties/>
  <testcase name="User is on Login Page" classname="User input invalid format password" time="3.716"/>
  <testcase name="User input password &quot;P@ssw0r&quot; on password field" classname="User input invalid format password" time="0.887"/>
  <testcase name="User see error message &quot;Password should be 8 digits and contains : a–z, A–Z, 1–9, Symbol!&quot; on password field" classname="User input invalid format password" time="0.762"/>
  <testcase name="classMethod" classname="User input invalid format password" time="14.91"/>
  <testcase name="User is on Login Page" classname="User input invalid format password" time="3.706"/>
  <testcase name="User input password &quot;P@ssw0rd1234567890abc&quot; on password field" classname="User input invalid format password" time="0.872"/>
  <testcase name="User see error message &quot;Password should be 8 digits and contains : a–z, A–Z, 1–9, Symbol!&quot; on password field" classname="User input invalid format password" time="0.772"/>
  <testcase name="classMethod" classname="User input invalid format password" time="15.027"/>
  <testcase name="User is on Login Page" classname="User input invalid format password" time="3.722"/>
  <testcase name="User input password &quot;Passw0rd&quot; on password field" classname="User input invalid format password" time="0.877"/>
  <testcase name="User see error message &quot;Password should be 8 digits and contains : a–z, A–Z, 1–9, Symbol!&quot; on password field" classname="User input invalid format password" time="0.782"/>
  <testcase name="classMethod" classname="User input invalid format password" time="14.794"/>
  <testcase name="User is on Login Page" classname="User input invalid format password" time="3.685"/>
  <testcase name="User input password &quot;P@ssword&quot; on password field" classname="User input invalid format password" time="0.89"/>
  <testcase name="User see error message &quot;Password should be 8 digits and contains : a–z, A–Z, 1–9, Symbol!&quot; on password field" classname="User input invalid format password" time="0.768"/>
  <testcase name="classMethod" classname="User input invalid format password" time="14.752"/>
  <testcase name="User is on Login Page" classname="User input invalid format password" time="3.7"/>
  <testcase name="User input password &quot;Password&quot; on password field" classname="User input invalid format password" time="0.887"/>
  <testcase name="User see error message &quot;Password should be 8 digits and contains : a–z, A–Z, 1–9, Symbol!&quot; on password field" classname="User input invalid format password" time="0.776"/>
  <testcase name="classMethod" classname="User input invalid format password" time="14.757"/>
  <testcase name="User is on Login Page" classname="User input invalid format password" time="3.701"/>
  <testcase name="User input password &quot;p@ssw0rd&quot; on password field" classname="User input invalid format password" time="0.155"/>
  <testcase name="User see error message &quot;Password should be 8 digits and contains : a–z, A–Z, 1–9, Symbol!&quot; on password field" classname="User input invalid format password" time="0.774"/>
  <testcase name="classMethod" classname="User input invalid format password" time="13.941"/>
  <testcase name="User is on Login Page" classname="User input invalid format password" time="3.706"/>
  <testcase name="User input password &quot;passw0rd&quot; on password field" classname="User input invalid format password" time="0.136"/>
  <testcase name="User see error message &quot;Password should be 8 digits and contains : a–z, A–Z, 1–9, Symbol!&quot; on password field" classname="User input invalid format password" time="0.767"/>
  <testcase name="classMethod" classname="User input invalid format password" time="14.027"/>
  <testcase name="User is on Login Page" classname="User input invalid format password" time="3.704"/>
  <testcase name="User input password &quot;p@ssword&quot; on password field" classname="User input invalid format password" time="0.137"/>
  <testcase name="User see error message &quot;Password should be 8 digits and contains : a–z, A–Z, 1–9, Symbol!&quot; on password field" classname="User input invalid format password" time="0.765"/>
  <testcase name="classMethod" classname="User input invalid format password" time="13.787"/>
  <testcase name="User is on Login Page" classname="User input invalid format password" time="3.732"/>
  <testcase name="User input password &quot;password&quot; on password field" classname="User input invalid format password" time="0.879"/>
  <testcase name="User see error message &quot;Password should be 8 digits and contains : a–z, A–Z, 1–9, Symbol!&quot; on password field" classname="User input invalid format password" time="0.76"/>
  <testcase name="classMethod" classname="User input invalid format password" time="14.759"/>
  <testcase name="User is on Login Page" classname="User input invalid format password" time="3.712"/>
  <testcase name="User input password &quot;P@SSW0RD&quot; on password field" classname="User input invalid format password" time="0.141"/>
  <testcase name="User see error message &quot;Password should be 8 digits and contains : a–z, A–Z, 1–9, Symbol!&quot; on password field" classname="User input invalid format password" time="0.793"/>
  <testcase name="classMethod" classname="User input invalid format password" time="14.11"/>
  <testcase name="User is on Login Page" classname="User input invalid format password" time="3.782"/>
  <testcase name="User input password &quot;PASSW0RD&quot; on password field" classname="User input invalid format password" time="0.879"/>
  <testcase name="User see error message &quot;Password should be 8 digits and contains : a–z, A–Z, 1–9, Symbol!&quot; on password field" classname="User input invalid format password" time="0.768"/>
  <testcase name="classMethod" classname="User input invalid format password" time="14.823"/>
  <testcase name="User is on Login Page" classname="User input invalid format password" time="3.711"/>
  <testcase name="User input password &quot;P@SSWORD&quot; on password field" classname="User input invalid format password" time="0.905"/>
  <testcase name="User see error message &quot;Password should be 8 digits and contains : a–z, A–Z, 1–9, Symbol!&quot; on password field" classname="User input invalid format password" time="0.762"/>
  <testcase name="classMethod" classname="User input invalid format password" time="14.657"/>
  <testcase name="User is on Login Page" classname="User input invalid format password" time="3.709"/>
  <testcase name="User input password &quot;PASSWORD&quot; on password field" classname="User input invalid format password" time="0.136"/>
  <testcase name="User see error message &quot;Password should be 8 digits and contains : a–z, A–Z, 1–9, Symbol!&quot; on password field" classname="User input invalid format password" time="0.754"/>
  <testcase name="classMethod" classname="User input invalid format password" time="13.944"/>
  <testcase name="User is on Login Page" classname="User input invalid format password" time="3.733"/>
  <testcase name="User input password &quot;123$%^78&quot; on password field" classname="User input invalid format password" time="0.879"/>
  <testcase name="User see error message &quot;Password should be 8 digits and contains : a–z, A–Z, 1–9, Symbol!&quot; on password field" classname="User input invalid format password" time="1.011"/>
  <testcase name="classMethod" classname="User input invalid format password" time="15.062"/>
  <testcase name="User is on Login Page" classname="User input invalid format password" time="3.679"/>
  <testcase name="User input password &quot;12345678&quot; on password field" classname="User input invalid format password" time="0.142"/>
  <testcase name="User see error message &quot;Password should be 8 digits and contains : a–z, A–Z, 1–9, Symbol!&quot; on password field" classname="User input invalid format password" time="0.748"/>
  <testcase name="classMethod" classname="User input invalid format password" time="14.034"/>
  <testcase name="User is on Login Page" classname="User input invalid format password" time="3.658"/>
  <testcase name="User input password &quot;!@#$%^&amp;*&quot; on password field" classname="User input invalid format password" time="0.886"/>
  <testcase name="User see error message &quot;Password should be 8 digits and contains : a–z, A–Z, 1–9, Symbol!&quot; on password field" classname="User input invalid format password" time="0.782"/>
  <testcase name="classMethod" classname="User input invalid format password" time="14.643"/>
  <testcase name="User is on Login Page" classname="User input invalid format password" time="3.67"/>
  <testcase name="User input password &quot;P@ss w0rd&quot; on password field" classname="User input invalid format password" time="0.157"/>
  <testcase name="User see error message &quot;Password should be 8 digits and contains : a–z, A–Z, 1–9, Symbol!&quot; on password field" classname="User input invalid format password" time="0.775"/>
  <testcase name="classMethod" classname="User input invalid format password" time="13.901"/>
  <testcase name="User is on Login Page" classname="User input invalid format password" time="3.702"/>
  <testcase name="User input password &quot;P@ssw0rd??&quot; on password field" classname="User input invalid format password" time="0.909"/>
  <testcase name="User see error message &quot;Password should be 8 digits and contains : a–z, A–Z, 1–9, Symbol!&quot; on password field" classname="User input invalid format password" time="16.042">
    <failure message="org.openqa.selenium.NoSuchElementException: An element could not be located on the page using the given search parameters.&#10;For documentation on this error, please visit: https://www.seleniumhq.org/exceptions/no_such_element.html&#10;Build info: version: '3.141.59', revision: 'e82be7d358', time: '2018-11-14T08:17:03'&#10;System info: host: 'LAPTOP-8ROAKM94', ip: '192.168.0.5', os.name: 'Windows 10', os.arch: 'amd64', os.version: '10.0', java.version: '1.8.0_251'&#10;Driver info: io.appium.java_client.android.AndroidDriver&#10;Capabilities {app: D:\DANA\Debrief 2\APP\DANAB..., appPackage: com.alfikri.rizky.danabusin..., autoGrantPermissions: true, automationName: UiAutomator2, databaseEnabled: false, desired: {app: D:\DANA\Debrief 2\APP\DANAB..., autoGrantPermissions: true, automationName: UiAutomator2, deviceName: device, platformName: android, platformVersion: 6.0, udid: emulator-5554}, deviceApiLevel: 29, deviceManufacturer: Google, deviceModel: Android SDK built for x86, deviceName: emulator-5554, deviceScreenDensity: 440, deviceScreenSize: 1080x2160, deviceUDID: emulator-5554, javascriptEnabled: true, locationContextEnabled: false, networkConnectionEnabled: true, pixelRatio: 2.75, platform: LINUX, platformName: Android, platformVersion: 10, statBarHeight: 66, takesScreenshot: true, udid: emulator-5554, viewportRect: {height: 1962, left: 0, top: 66, width: 1080}, warnings: {}, webStorageEnabled: false}&#10;Session ID: c5a08757-1ea6-4a85-9467-42ba4e1e8c14&#10;*** Element info: {Using=xpath, value=//android.widget.TextView[contains(@text, 'Password should be 8 digits and contains : a–z, A–Z, 1–9, Symbol!')]}" type="org.openqa.selenium.NoSuchElementException">org.openqa.selenium.NoSuchElementException: An element could not be located on the page using the given search parameters.
For documentation on this error, please visit: https://www.seleniumhq.org/exceptions/no_such_element.html
Build info: version: '3.141.59', revision: 'e82be7d358', time: '2018-11-14T08:17:03'
System info: host: 'LAPTOP-8ROAKM94', ip: '192.168.0.5', os.name: 'Windows 10', os.arch: 'amd64', os.version: '10.0', java.version: '1.8.0_251'
Driver info: io.appium.java_client.android.AndroidDriver
Capabilities {app: D:\DANA\Debrief 2\APP\DANAB..., appPackage: com.alfikri.rizky.danabusin..., autoGrantPermissions: true, automationName: UiAutomator2, databaseEnabled: false, desired: {app: D:\DANA\Debrief 2\APP\DANAB..., autoGrantPermissions: true, automationName: UiAutomator2, deviceName: device, platformName: android, platformVersion: 6.0, udid: emulator-5554}, deviceApiLevel: 29, deviceManufacturer: Google, deviceModel: Android SDK built for x86, deviceName: emulator-5554, deviceScreenDensity: 440, deviceScreenSize: 1080x2160, deviceUDID: emulator-5554, javascriptEnabled: true, locationContextEnabled: false, networkConnectionEnabled: true, pixelRatio: 2.75, platform: LINUX, platformName: Android, platformVersion: 10, statBarHeight: 66, takesScreenshot: true, udid: emulator-5554, viewportRect: {height: 1962, left: 0, top: 66, width: 1080}, warnings: {}, webStorageEnabled: false}
Session ID: c5a08757-1ea6-4a85-9467-42ba4e1e8c14
*** Element info: {Using=xpath, value=//android.widget.TextView[contains(@text, 'Password should be 8 digits and contains : a–z, A–Z, 1–9, Symbol!')]}
	at sun.reflect.NativeConstructorAccessorImpl.newInstance0(Native Method)
	at sun.reflect.NativeConstructorAccessorImpl.newInstance(NativeConstructorAccessorImpl.java:62)
	at sun.reflect.DelegatingConstructorAccessorImpl.newInstance(DelegatingConstructorAccessorImpl.java:45)
	at java.lang.reflect.Constructor.newInstance(Constructor.java:423)
	at org.openqa.selenium.remote.http.W3CHttpResponseCodec.createException(W3CHttpResponseCodec.java:187)
	at org.openqa.selenium.remote.http.W3CHttpResponseCodec.decode(W3CHttpResponseCodec.java:122)
	at org.openqa.selenium.remote.http.W3CHttpResponseCodec.decode(W3CHttpResponseCodec.java:49)
	at org.openqa.selenium.remote.HttpCommandExecutor.execute(HttpCommandExecutor.java:158)
	at io.appium.java_client.remote.AppiumCommandExecutor.execute(AppiumCommandExecutor.java:239)
	at org.openqa.selenium.remote.RemoteWebDriver.execute(RemoteWebDriver.java:552)
	at io.appium.java_client.DefaultGenericMobileDriver.execute(DefaultGenericMobileDriver.java:41)
	at io.appium.java_client.AppiumDriver.execute(AppiumDriver.java:1)
	at io.appium.java_client.android.AndroidDriver.execute(AndroidDriver.java:1)
	at org.openqa.selenium.remote.RemoteWebDriver.findElement(RemoteWebDriver.java:323)
	at io.appium.java_client.DefaultGenericMobileDriver.findElement(DefaultGenericMobileDriver.java:61)
	at io.appium.java_client.AppiumDriver.findElement(AppiumDriver.java:1)
	at io.appium.java_client.android.AndroidDriver.findElement(AndroidDriver.java:1)
	at org.openqa.selenium.remote.RemoteWebDriver.findElementByXPath(RemoteWebDriver.java:428)
	at io.appium.java_client.DefaultGenericMobileDriver.findElementByXPath(DefaultGenericMobileDriver.java:151)
	at io.appium.java_client.AppiumDriver.findElementByXPath(AppiumDriver.java:1)
	at io.appium.java_client.android.AndroidDriver.findElementByXPath(AndroidDriver.java:1)
	at org.openqa.selenium.By$ByXPath.findElement(By.java:353)
	at org.openqa.selenium.remote.RemoteWebDriver.findElement(RemoteWebDriver.java:315)
	at io.appium.java_client.DefaultGenericMobileDriver.findElement(DefaultGenericMobileDriver.java:57)
	at io.appium.java_client.AppiumDriver.findElement(AppiumDriver.java:1)
	at io.appium.java_client.android.AndroidDriver.findElement(AndroidDriver.java:1)
	at project.pages.LoginPage.getWarningTextPassword(LoginPage.java:47)
	at project.stepsdefinition.LoginStepDefinition.userSeeErrorMessageOnPhoneNumberField(LoginStepDefinition.java:106)
	at ✽.User see error message &quot;Password should be 8 digits and contains : a–z, A–Z, 1–9, Symbol!&quot; on password field(file:///D:/DANA/Debrief%202/src/test/resources/features/Login.feature:205)
</failure>
  </testcase>
  <testcase name="classMethod" classname="User input invalid format password" time="30.636">
    <failure message="org.openqa.selenium.NoSuchElementException: An element could not be located on the page using the given search parameters.&#10;For documentation on this error, please visit: https://www.seleniumhq.org/exceptions/no_such_element.html&#10;Build info: version: '3.141.59', revision: 'e82be7d358', time: '2018-11-14T08:17:03'&#10;System info: host: 'LAPTOP-8ROAKM94', ip: '192.168.0.5', os.name: 'Windows 10', os.arch: 'amd64', os.version: '10.0', java.version: '1.8.0_251'&#10;Driver info: io.appium.java_client.android.AndroidDriver&#10;Capabilities {app: D:\DANA\Debrief 2\APP\DANAB..., appPackage: com.alfikri.rizky.danabusin..., autoGrantPermissions: true, automationName: UiAutomator2, databaseEnabled: false, desired: {app: D:\DANA\Debrief 2\APP\DANAB..., autoGrantPermissions: true, automationName: UiAutomator2, deviceName: device, platformName: android, platformVersion: 6.0, udid: emulator-5554}, deviceApiLevel: 29, deviceManufacturer: Google, deviceModel: Android SDK built for x86, deviceName: emulator-5554, deviceScreenDensity: 440, deviceScreenSize: 1080x2160, deviceUDID: emulator-5554, javascriptEnabled: true, locationContextEnabled: false, networkConnectionEnabled: true, pixelRatio: 2.75, platform: LINUX, platformName: Android, platformVersion: 10, statBarHeight: 66, takesScreenshot: true, udid: emulator-5554, viewportRect: {height: 1962, left: 0, top: 66, width: 1080}, warnings: {}, webStorageEnabled: false}&#10;Session ID: c5a08757-1ea6-4a85-9467-42ba4e1e8c14&#10;*** Element info: {Using=xpath, value=//android.widget.TextView[contains(@text, 'Password should be 8 digits and contains : a–z, A–Z, 1–9, Symbol!')]}" type="org.openqa.selenium.NoSuchElementException">org.openqa.selenium.NoSuchElementException: An element could not be located on the page using the given search parameters.
For documentation on this error, please visit: https://www.seleniumhq.org/exceptions/no_such_element.html
Build info: version: '3.141.59', revision: 'e82be7d358', time: '2018-11-14T08:17:03'
System info: host: 'LAPTOP-8ROAKM94', ip: '192.168.0.5', os.name: 'Windows 10', os.arch: 'amd64', os.version: '10.0', java.version: '1.8.0_251'
Driver info: io.appium.java_client.android.AndroidDriver
Capabilities {app: D:\DANA\Debrief 2\APP\DANAB..., appPackage: com.alfikri.rizky.danabusin..., autoGrantPermissions: true, automationName: UiAutomator2, databaseEnabled: false, desired: {app: D:\DANA\Debrief 2\APP\DANAB..., autoGrantPermissions: true, automationName: UiAutomator2, deviceName: device, platformName: android, platformVersion: 6.0, udid: emulator-5554}, deviceApiLevel: 29, deviceManufacturer: Google, deviceModel: Android SDK built for x86, deviceName: emulator-5554, deviceScreenDensity: 440, deviceScreenSize: 1080x2160, deviceUDID: emulator-5554, javascriptEnabled: true, locationContextEnabled: false, networkConnectionEnabled: true, pixelRatio: 2.75, platform: LINUX, platformName: Android, platformVersion: 10, statBarHeight: 66, takesScreenshot: true, udid: emulator-5554, viewportRect: {height: 1962, left: 0, top: 66, width: 1080}, warnings: {}, webStorageEnabled: false}
Session ID: c5a08757-1ea6-4a85-9467-42ba4e1e8c14
*** Element info: {Using=xpath, value=//android.widget.TextView[contains(@text, 'Password should be 8 digits and contains : a–z, A–Z, 1–9, Symbol!')]}
	at sun.reflect.NativeConstructorAccessorImpl.newInstance0(Native Method)
	at sun.reflect.NativeConstructorAccessorImpl.newInstance(NativeConstructorAccessorImpl.java:62)
	at sun.reflect.DelegatingConstructorAccessorImpl.newInstance(DelegatingConstructorAccessorImpl.java:45)
	at java.lang.reflect.Constructor.newInstance(Constructor.java:423)
	at org.openqa.selenium.remote.http.W3CHttpResponseCodec.createException(W3CHttpResponseCodec.java:187)
	at org.openqa.selenium.remote.http.W3CHttpResponseCodec.decode(W3CHttpResponseCodec.java:122)
	at org.openqa.selenium.remote.http.W3CHttpResponseCodec.decode(W3CHttpResponseCodec.java:49)
	at org.openqa.selenium.remote.HttpCommandExecutor.execute(HttpCommandExecutor.java:158)
	at io.appium.java_client.remote.AppiumCommandExecutor.execute(AppiumCommandExecutor.java:239)
	at org.openqa.selenium.remote.RemoteWebDriver.execute(RemoteWebDriver.java:552)
	at io.appium.java_client.DefaultGenericMobileDriver.execute(DefaultGenericMobileDriver.java:41)
	at io.appium.java_client.AppiumDriver.execute(AppiumDriver.java:1)
	at io.appium.java_client.android.AndroidDriver.execute(AndroidDriver.java:1)
	at org.openqa.selenium.remote.RemoteWebDriver.findElement(RemoteWebDriver.java:323)
	at io.appium.java_client.DefaultGenericMobileDriver.findElement(DefaultGenericMobileDriver.java:61)
	at io.appium.java_client.AppiumDriver.findElement(AppiumDriver.java:1)
	at io.appium.java_client.android.AndroidDriver.findElement(AndroidDriver.java:1)
	at org.openqa.selenium.remote.RemoteWebDriver.findElementByXPath(RemoteWebDriver.java:428)
	at io.appium.java_client.DefaultGenericMobileDriver.findElementByXPath(DefaultGenericMobileDriver.java:151)
	at io.appium.java_client.AppiumDriver.findElementByXPath(AppiumDriver.java:1)
	at io.appium.java_client.android.AndroidDriver.findElementByXPath(AndroidDriver.java:1)
	at org.openqa.selenium.By$ByXPath.findElement(By.java:353)
	at org.openqa.selenium.remote.RemoteWebDriver.findElement(RemoteWebDriver.java:315)
	at io.appium.java_client.DefaultGenericMobileDriver.findElement(DefaultGenericMobileDriver.java:57)
	at io.appium.java_client.AppiumDriver.findElement(AppiumDriver.java:1)
	at io.appium.java_client.android.AndroidDriver.findElement(AndroidDriver.java:1)
	at project.pages.LoginPage.getWarningTextPassword(LoginPage.java:47)
	at project.stepsdefinition.LoginStepDefinition.userSeeErrorMessageOnPhoneNumberField(LoginStepDefinition.java:106)
	at ✽.User see error message &quot;Password should be 8 digits and contains : a–z, A–Z, 1–9, Symbol!&quot; on password field(file:///D:/DANA/Debrief%202/src/test/resources/features/Login.feature:205)
</failure>
  </testcase>
  <system-out><![CDATA[
@Login @PasswordField
Scenario Outline: User input invalid format password                                                                ?[90m# src/test/resources/features/Login.feature:209?[0m

@Login @PasswordField
Scenario Outline: User input invalid format password                                                                ?[90m# src/test/resources/features/Login.feature:210?[0m

@Login @PasswordField
Scenario Outline: User input invalid format password                                                                ?[90m# src/test/resources/features/Login.feature:211?[0m

@Login @PasswordField
Scenario Outline: User input invalid format password                                                                ?[90m# src/test/resources/features/Login.feature:212?[0m

@Login @PasswordField
Scenario Outline: User input invalid format password                                                                ?[90m# src/test/resources/features/Login.feature:213?[0m

@Login @PasswordField
Scenario Outline: User input invalid format password                                                                ?[90m# src/test/resources/features/Login.feature:214?[0m

@Login @PasswordField
Scenario Outline: User input invalid format password                                                                ?[90m# src/test/resources/features/Login.feature:215?[0m

@Login @PasswordField
Scenario Outline: User input invalid format password                                                                ?[90m# src/test/resources/features/Login.feature:216?[0m

@Login @PasswordField
Scenario Outline: User input invalid format password                                                                ?[90m# src/test/resources/features/Login.feature:217?[0m

@Login @PasswordField
Scenario Outline: User input invalid format password                                                                ?[90m# src/test/resources/features/Login.feature:218?[0m

@Login @PasswordField
Scenario Outline: User input invalid format password                                                                ?[90m# src/test/resources/features/Login.feature:219?[0m

@Login @PasswordField
Scenario Outline: User input invalid format password                                                                ?[90m# src/test/resources/features/Login.feature:220?[0m

@Login @PasswordField
Scenario Outline: User input invalid format password                                                                ?[90m# src/test/resources/features/Login.feature:221?[0m

@Login @PasswordField
Scenario Outline: User input invalid format password                                                                ?[90m# src/test/resources/features/Login.feature:222?[0m

@Login @PasswordField
Scenario Outline: User input invalid format password                                                                ?[90m# src/test/resources/features/Login.feature:223?[0m

@Login @PasswordField
Scenario Outline: User input invalid format password                                                                ?[90m# src/test/resources/features/Login.feature:224?[0m

@Login @PasswordField
Scenario Outline: User input invalid format password                                                                ?[90m# src/test/resources/features/Login.feature:225?[0m

@Login @PasswordField
Scenario Outline: User input invalid format password                                                                ?[90m# src/test/resources/features/Login.feature:226?[0m
]]></system-out>
  <system-err><![CDATA[Jun 24, 2020 12:39:51 PM io.appium.java_client.remote.AppiumCommandExecutor$1 lambda$0
INFO: Detected dialect: W3C
Jun 24, 2020 12:40:06 PM io.appium.java_client.remote.AppiumCommandExecutor$1 lambda$0
INFO: Detected dialect: W3C
Jun 24, 2020 12:40:21 PM io.appium.java_client.remote.AppiumCommandExecutor$1 lambda$0
INFO: Detected dialect: W3C
Jun 24, 2020 12:40:36 PM io.appium.java_client.remote.AppiumCommandExecutor$1 lambda$0
INFO: Detected dialect: W3C
Jun 24, 2020 12:40:51 PM io.appium.java_client.remote.AppiumCommandExecutor$1 lambda$0
INFO: Detected dialect: W3C
Jun 24, 2020 12:41:05 PM io.appium.java_client.remote.AppiumCommandExecutor$1 lambda$0
INFO: Detected dialect: W3C
Jun 24, 2020 12:41:19 PM io.appium.java_client.remote.AppiumCommandExecutor$1 lambda$0
INFO: Detected dialect: W3C
Jun 24, 2020 12:41:33 PM io.appium.java_client.remote.AppiumCommandExecutor$1 lambda$0
INFO: Detected dialect: W3C
Jun 24, 2020 12:41:47 PM io.appium.java_client.remote.AppiumCommandExecutor$1 lambda$0
INFO: Detected dialect: W3C
Jun 24, 2020 12:42:02 PM io.appium.java_client.remote.AppiumCommandExecutor$1 lambda$0
INFO: Detected dialect: W3C
Jun 24, 2020 12:42:16 PM io.appium.java_client.remote.AppiumCommandExecutor$1 lambda$0
INFO: Detected dialect: W3C
Jun 24, 2020 12:42:31 PM io.appium.java_client.remote.AppiumCommandExecutor$1 lambda$0
INFO: Detected dialect: W3C
Jun 24, 2020 12:42:46 PM io.appium.java_client.remote.AppiumCommandExecutor$1 lambda$0
INFO: Detected dialect: W3C
Jun 24, 2020 12:43:00 PM io.appium.java_client.remote.AppiumCommandExecutor$1 lambda$0
INFO: Detected dialect: W3C
Jun 24, 2020 12:43:15 PM io.appium.java_client.remote.AppiumCommandExecutor$1 lambda$0
INFO: Detected dialect: W3C
Jun 24, 2020 12:43:29 PM io.appium.java_client.remote.AppiumCommandExecutor$1 lambda$0
INFO: Detected dialect: W3C
Jun 24, 2020 12:43:43 PM io.appium.java_client.remote.AppiumCommandExecutor$1 lambda$0
INFO: Detected dialect: W3C
Jun 24, 2020 12:43:57 PM io.appium.java_client.remote.AppiumCommandExecutor$1 lambda$0
INFO: Detected dialect: W3C
]]></system-err>
</testsuite>
