<?xml version="1.0" encoding="UTF-8"?>
<testsuite name="User left empty phone number" tests="4" skipped="0" failures="0" errors="0" timestamp="2020-06-24T05:36:59" hostname="LAPTOP-8ROAKM94" time="5.662">
  <properties/>
  <testcase name="User is on Login Page" classname="User left empty phone number" time="3.75"/>
  <testcase name="User input phone number &quot;&quot; on phone number field" classname="User left empty phone number" time="0.682"/>
  <testcase name="User see error message &quot;Phone Number cannot be empty!&quot;" classname="User left empty phone number" time="0.595"/>
  <testcase name="classMethod" classname="User left empty phone number" time="14.443"/>
  <system-out><![CDATA[
@Login @PhoneField @1
Scenario: User left empty phone number                        ?[90m# src/test/resources/features/Login.feature:166?[0m
]]></system-out>
  <system-err><![CDATA[Jun 24, 2020 12:36:59 PM io.appium.java_client.remote.AppiumCommandExecutor$1 lambda$0
INFO: Detected dialect: W3C
]]></system-err>
</testsuite>
