<?xml version="1.0" encoding="UTF-8"?>
<testsuite name="User input valid format password" tests="4" skipped="0" failures="0" errors="0" timestamp="2020-06-24T05:39:23" hostname="LAPTOP-8ROAKM94" time="5.094">
  <properties/>
  <testcase name="User is on Login Page" classname="User input valid format password" time="3.604"/>
  <testcase name="User input password &quot;P@ssw0rd&quot; on password field" classname="User input valid format password" time="0.893"/>
  <testcase name="User see no error message" classname="User input valid format password" time="0.0"/>
  <testcase name="classMethod" classname="User input valid format password" time="13.958"/>
  <system-out><![CDATA[
@Login @PasswordField
Scenario: User input valid format password              ?[90m# src/test/resources/features/Login.feature:191?[0m
]]></system-out>
  <system-err><![CDATA[Jun 24, 2020 12:39:23 PM io.appium.java_client.remote.AppiumCommandExecutor$1 lambda$0
INFO: Detected dialect: W3C
]]></system-err>
</testsuite>
