<?xml version="1.0" encoding="UTF-8"?>
<testsuite name="User input invalid format password" tests="72" skipped="0" failures="0" errors="0" timestamp="2020-06-24T07:10:48" hostname="LAPTOP-8ROAKM94" time="241.868">
  <properties/>
  <testcase name="User is on Login Page" classname="User input invalid format password" time="3.614"/>
  <testcase name="User input password &quot;P@ssw0r&quot; on password field" classname="User input invalid format password" time="0.145"/>
  <testcase name="User see error message &quot;Password should be 8 digits and contains : a–z, A–Z, 1–9, Symbol!&quot; on password field" classname="User input invalid format password" time="0.767"/>
  <testcase name="classMethod" classname="User input invalid format password" time="13.275"/>
  <testcase name="User is on Login Page" classname="User input invalid format password" time="3.451"/>
  <testcase name="User input password &quot;P@ssw0rd1234567890abc&quot; on password field" classname="User input invalid format password" time="0.891"/>
  <testcase name="User see error message &quot;Password should be 8 digits and contains : a–z, A–Z, 1–9, Symbol!&quot; on password field" classname="User input invalid format password" time="0.765"/>
  <testcase name="classMethod" classname="User input invalid format password" time="14.09"/>
  <testcase name="User is on Login Page" classname="User input invalid format password" time="3.554"/>
  <testcase name="User input password &quot;Passw0rd&quot; on password field" classname="User input invalid format password" time="0.125"/>
  <testcase name="User see error message &quot;Password should be 8 digits and contains : a–z, A–Z, 1–9, Symbol!&quot; on password field" classname="User input invalid format password" time="0.748"/>
  <testcase name="classMethod" classname="User input invalid format password" time="13.302"/>
  <testcase name="User is on Login Page" classname="User input invalid format password" time="3.493"/>
  <testcase name="User input password &quot;P@ssword&quot; on password field" classname="User input invalid format password" time="0.892"/>
  <testcase name="User see error message &quot;Password should be 8 digits and contains : a–z, A–Z, 1–9, Symbol!&quot; on password field" classname="User input invalid format password" time="0.765"/>
  <testcase name="classMethod" classname="User input invalid format password" time="14.001"/>
  <testcase name="User is on Login Page" classname="User input invalid format password" time="3.52"/>
  <testcase name="User input password &quot;Password&quot; on password field" classname="User input invalid format password" time="0.921"/>
  <testcase name="User see error message &quot;Password should be 8 digits and contains : a–z, A–Z, 1–9, Symbol!&quot; on password field" classname="User input invalid format password" time="0.769"/>
  <testcase name="classMethod" classname="User input invalid format password" time="14.013"/>
  <testcase name="User is on Login Page" classname="User input invalid format password" time="3.596"/>
  <testcase name="User input password &quot;p@ssw0rd&quot; on password field" classname="User input invalid format password" time="0.922"/>
  <testcase name="User see error message &quot;Password should be 8 digits and contains : a–z, A–Z, 1–9, Symbol!&quot; on password field" classname="User input invalid format password" time="0.761"/>
  <testcase name="classMethod" classname="User input invalid format password" time="14.068"/>
  <testcase name="User is on Login Page" classname="User input invalid format password" time="3.463"/>
  <testcase name="User input password &quot;passw0rd&quot; on password field" classname="User input invalid format password" time="0.886"/>
  <testcase name="User see error message &quot;Password should be 8 digits and contains : a–z, A–Z, 1–9, Symbol!&quot; on password field" classname="User input invalid format password" time="0.768"/>
  <testcase name="classMethod" classname="User input invalid format password" time="13.993"/>
  <testcase name="User is on Login Page" classname="User input invalid format password" time="3.525"/>
  <testcase name="User input password &quot;p@ssword&quot; on password field" classname="User input invalid format password" time="0.871"/>
  <testcase name="User see error message &quot;Password should be 8 digits and contains : a–z, A–Z, 1–9, Symbol!&quot; on password field" classname="User input invalid format password" time="0.791"/>
  <testcase name="classMethod" classname="User input invalid format password" time="14.075"/>
  <testcase name="User is on Login Page" classname="User input invalid format password" time="3.511"/>
  <testcase name="User input password &quot;password&quot; on password field" classname="User input invalid format password" time="0.916"/>
  <testcase name="User see error message &quot;Password should be 8 digits and contains : a–z, A–Z, 1–9, Symbol!&quot; on password field" classname="User input invalid format password" time="0.793"/>
  <testcase name="classMethod" classname="User input invalid format password" time="14.196"/>
  <testcase name="User is on Login Page" classname="User input invalid format password" time="3.571"/>
  <testcase name="User input password &quot;P@SSW0RD&quot; on password field" classname="User input invalid format password" time="0.882"/>
  <testcase name="User see error message &quot;Password should be 8 digits and contains : a–z, A–Z, 1–9, Symbol!&quot; on password field" classname="User input invalid format password" time="0.759"/>
  <testcase name="classMethod" classname="User input invalid format password" time="14.245"/>
  <testcase name="User is on Login Page" classname="User input invalid format password" time="3.604"/>
  <testcase name="User input password &quot;PASSW0RD&quot; on password field" classname="User input invalid format password" time="0.149"/>
  <testcase name="User see error message &quot;Password should be 8 digits and contains : a–z, A–Z, 1–9, Symbol!&quot; on password field" classname="User input invalid format password" time="0.769"/>
  <testcase name="classMethod" classname="User input invalid format password" time="13.32"/>
  <testcase name="User is on Login Page" classname="User input invalid format password" time="3.597"/>
  <testcase name="User input password &quot;P@SSWORD&quot; on password field" classname="User input invalid format password" time="0.881"/>
  <testcase name="User see error message &quot;Password should be 8 digits and contains : a–z, A–Z, 1–9, Symbol!&quot; on password field" classname="User input invalid format password" time="0.758"/>
  <testcase name="classMethod" classname="User input invalid format password" time="13.95"/>
  <testcase name="User is on Login Page" classname="User input invalid format password" time="3.525"/>
  <testcase name="User input password &quot;PASSWORD&quot; on password field" classname="User input invalid format password" time="0.165"/>
  <testcase name="User see error message &quot;Password should be 8 digits and contains : a–z, A–Z, 1–9, Symbol!&quot; on password field" classname="User input invalid format password" time="0.775"/>
  <testcase name="classMethod" classname="User input invalid format password" time="13.246"/>
  <testcase name="User is on Login Page" classname="User input invalid format password" time="3.528"/>
  <testcase name="User input password &quot;123$%^78&quot; on password field" classname="User input invalid format password" time="0.896"/>
  <testcase name="User see error message &quot;Password should be 8 digits and contains : a–z, A–Z, 1–9, Symbol!&quot; on password field" classname="User input invalid format password" time="0.777"/>
  <testcase name="classMethod" classname="User input invalid format password" time="14.43"/>
  <testcase name="User is on Login Page" classname="User input invalid format password" time="3.547"/>
  <testcase name="User input password &quot;12345678&quot; on password field" classname="User input invalid format password" time="0.88"/>
  <testcase name="User see error message &quot;Password should be 8 digits and contains : a–z, A–Z, 1–9, Symbol!&quot; on password field" classname="User input invalid format password" time="0.818"/>
  <testcase name="classMethod" classname="User input invalid format password" time="14.392"/>
  <testcase name="User is on Login Page" classname="User input invalid format password" time="3.535"/>
  <testcase name="User input password &quot;!@#$%^&amp;*&quot; on password field" classname="User input invalid format password" time="0.819"/>
  <testcase name="User see error message &quot;Password should be 8 digits and contains : a–z, A–Z, 1–9, Symbol!&quot; on password field" classname="User input invalid format password" time="0.795"/>
  <testcase name="classMethod" classname="User input invalid format password" time="14.073"/>
  <testcase name="User is on Login Page" classname="User input invalid format password" time="3.555"/>
  <testcase name="User input password &quot;P@ss w0rd&quot; on password field" classname="User input invalid format password" time="0.901"/>
  <testcase name="User see error message &quot;Password should be 8 digits and contains : a–z, A–Z, 1–9, Symbol!&quot; on password field" classname="User input invalid format password" time="0.778"/>
  <testcase name="classMethod" classname="User input invalid format password" time="14.109"/>
  <testcase name="User is on Login Page" classname="User input invalid format password" time="3.562"/>
  <testcase name="User input password &quot;P@ssw0rd??&quot; on password field" classname="User input invalid format password" time="0.128"/>
  <testcase name="User see error message &quot;Password cannot be empty!&quot; on password field" classname="User input invalid format password" time="0.739"/>
  <testcase name="classMethod" classname="User input invalid format password" time="13.264"/>
  <system-out><![CDATA[
@Login @PasswordField
Scenario Outline: User input invalid format password                                                                ?[90m# src/test/resources/features/Login.feature:210?[0m

@Login @PasswordField
Scenario Outline: User input invalid format password                                                                ?[90m# src/test/resources/features/Login.feature:211?[0m

@Login @PasswordField
Scenario Outline: User input invalid format password                                                                ?[90m# src/test/resources/features/Login.feature:212?[0m

@Login @PasswordField
Scenario Outline: User input invalid format password                                                                ?[90m# src/test/resources/features/Login.feature:213?[0m

@Login @PasswordField
Scenario Outline: User input invalid format password                                                                ?[90m# src/test/resources/features/Login.feature:214?[0m

@Login @PasswordField
Scenario Outline: User input invalid format password                                                                ?[90m# src/test/resources/features/Login.feature:215?[0m

@Login @PasswordField
Scenario Outline: User input invalid format password                                                                ?[90m# src/test/resources/features/Login.feature:216?[0m

@Login @PasswordField
Scenario Outline: User input invalid format password                                                                ?[90m# src/test/resources/features/Login.feature:217?[0m

@Login @PasswordField
Scenario Outline: User input invalid format password                                                                ?[90m# src/test/resources/features/Login.feature:218?[0m

@Login @PasswordField
Scenario Outline: User input invalid format password                                                                ?[90m# src/test/resources/features/Login.feature:219?[0m

@Login @PasswordField
Scenario Outline: User input invalid format password                                                                ?[90m# src/test/resources/features/Login.feature:220?[0m

@Login @PasswordField
Scenario Outline: User input invalid format password                                                                ?[90m# src/test/resources/features/Login.feature:221?[0m

@Login @PasswordField
Scenario Outline: User input invalid format password                                                                ?[90m# src/test/resources/features/Login.feature:222?[0m

@Login @PasswordField
Scenario Outline: User input invalid format password                                                                ?[90m# src/test/resources/features/Login.feature:223?[0m

@Login @PasswordField
Scenario Outline: User input invalid format password                                                                ?[90m# src/test/resources/features/Login.feature:224?[0m

@Login @PasswordField
Scenario Outline: User input invalid format password                                                                ?[90m# src/test/resources/features/Login.feature:225?[0m

@Login @PasswordField
Scenario Outline: User input invalid format password                                                                ?[90m# src/test/resources/features/Login.feature:226?[0m

@Login @PasswordField
Scenario Outline: User input invalid format password                        ?[90m# src/test/resources/features/Login.feature:227?[0m
]]></system-out>
  <system-err><![CDATA[Jun 24, 2020 2:10:48 PM io.appium.java_client.remote.AppiumCommandExecutor$1 lambda$0
INFO: Detected dialect: W3C
Jun 24, 2020 2:11:01 PM io.appium.java_client.remote.AppiumCommandExecutor$1 lambda$0
INFO: Detected dialect: W3C
Jun 24, 2020 2:11:15 PM io.appium.java_client.remote.AppiumCommandExecutor$1 lambda$0
INFO: Detected dialect: W3C
Jun 24, 2020 2:11:28 PM io.appium.java_client.remote.AppiumCommandExecutor$1 lambda$0
INFO: Detected dialect: W3C
Jun 24, 2020 2:11:42 PM io.appium.java_client.remote.AppiumCommandExecutor$1 lambda$0
INFO: Detected dialect: W3C
Jun 24, 2020 2:11:56 PM io.appium.java_client.remote.AppiumCommandExecutor$1 lambda$0
INFO: Detected dialect: W3C
Jun 24, 2020 2:12:11 PM io.appium.java_client.remote.AppiumCommandExecutor$1 lambda$0
INFO: Detected dialect: W3C
Jun 24, 2020 2:12:24 PM io.appium.java_client.remote.AppiumCommandExecutor$1 lambda$0
INFO: Detected dialect: W3C
Jun 24, 2020 2:12:39 PM io.appium.java_client.remote.AppiumCommandExecutor$1 lambda$0
INFO: Detected dialect: W3C
Jun 24, 2020 2:12:53 PM io.appium.java_client.remote.AppiumCommandExecutor$1 lambda$0
INFO: Detected dialect: W3C
Jun 24, 2020 2:13:07 PM io.appium.java_client.remote.AppiumCommandExecutor$1 lambda$0
INFO: Detected dialect: W3C
Jun 24, 2020 2:13:20 PM io.appium.java_client.remote.AppiumCommandExecutor$1 lambda$0
INFO: Detected dialect: W3C
Jun 24, 2020 2:13:34 PM io.appium.java_client.remote.AppiumCommandExecutor$1 lambda$0
INFO: Detected dialect: W3C
Jun 24, 2020 2:13:48 PM io.appium.java_client.remote.AppiumCommandExecutor$1 lambda$0
INFO: Detected dialect: W3C
Jun 24, 2020 2:14:02 PM io.appium.java_client.remote.AppiumCommandExecutor$1 lambda$0
INFO: Detected dialect: W3C
Jun 24, 2020 2:14:16 PM io.appium.java_client.remote.AppiumCommandExecutor$1 lambda$0
INFO: Detected dialect: W3C
Jun 24, 2020 2:14:30 PM io.appium.java_client.remote.AppiumCommandExecutor$1 lambda$0
INFO: Detected dialect: W3C
Jun 24, 2020 2:14:45 PM io.appium.java_client.remote.AppiumCommandExecutor$1 lambda$0
INFO: Detected dialect: W3C
]]></system-err>
</testsuite>
