<?xml version="1.0" encoding="UTF-8"?>
<testsuite name="User wants to create new account" tests="4" skipped="0" failures="0" errors="0" timestamp="2020-06-24T05:45:41" hostname="LAPTOP-8ROAKM94" time="5.275">
  <properties/>
  <testcase name="User is on Login Page" classname="User wants to create new account" time="3.697"/>
  <testcase name="User click Register button" classname="User wants to create new account" time="0.095"/>
  <testcase name="User directed to Register Page" classname="User wants to create new account" time="0.865"/>
  <testcase name="classMethod" classname="User wants to create new account" time="14.188"/>
  <system-out><![CDATA[
@Login @registerbutton
Scenario: User wants to create new account ?[90m# src/test/resources/features/Login.feature:266?[0m
]]></system-out>
  <system-err><![CDATA[Jun 24, 2020 12:45:41 PM io.appium.java_client.remote.AppiumCommandExecutor$1 lambda$0
INFO: Detected dialect: W3C
]]></system-err>
</testsuite>
