<?xml version="1.0" encoding="UTF-8"?>
<testsuite name="3. user login with incorrect phone number but correct password" tests="6" skipped="0" failures="0" errors="0" timestamp="2020-06-24T07:00:03" hostname="LAPTOP-8ROAKM94" time="7.989">
  <properties/>
  <testcase name="User is on Login Page" classname="3. user login with incorrect phone number but correct password" time="3.53"/>
  <testcase name="User input phone number &quot;81394577000&quot; on phone number field" classname="3. user login with incorrect phone number but correct password" time="0.707"/>
  <testcase name="User input password &quot;P@ssw0rd&quot; on password field" classname="3. user login with incorrect phone number but correct password" time="0.83"/>
  <testcase name="User click Sign In button on Login Page" classname="3. user login with incorrect phone number but correct password" time="0.741"/>
  <testcase name="User see pop up message &quot;Incorrect Phone Number or Password. Please input your correct Phone Number and Password&quot;" classname="3. user login with incorrect phone number but correct password" time="1.426"/>
  <testcase name="classMethod" classname="3. user login with incorrect phone number but correct password" time="16.412"/>
  <system-out><![CDATA[
@Login
Scenario: 3. user login with incorrect phone number but correct password                                                 ?[90m# src/test/resources/features/Login.feature:21?[0m
]]></system-out>
  <system-err><![CDATA[Jun 24, 2020 2:00:03 PM io.appium.java_client.remote.AppiumCommandExecutor$1 lambda$0
INFO: Detected dialect: W3C
]]></system-err>
</testsuite>
