<?xml version="1.0" encoding="UTF-8"?>
<testsuite name="18 - 33. user login with corret phone number but invalid password format" tests="96" skipped="0" failures="0" errors="0" timestamp="2020-06-24T07:03:55" hostname="LAPTOP-8ROAKM94" time="228.465">
  <properties/>
  <testcase name="User is on Login Page" classname="18 - 33. user login with corret phone number but invalid password format" time="3.456"/>
  <testcase name="User input phone number &quot;81394577665&quot; on phone number field" classname="18 - 33. user login with corret phone number but invalid password format" time="0.159"/>
  <testcase name="User input password &quot;Passw0rd&quot; on password field" classname="18 - 33. user login with corret phone number but invalid password format" time="0.88"/>
  <testcase name="User cannot click Sign In button on Login Page" classname="18 - 33. user login with corret phone number but invalid password format" time="0.632"/>
  <testcase name="User see error message &quot;Password should be 8 digits and contains : a–z, A–Z, 1–9, Symbol!&quot;" classname="18 - 33. user login with corret phone number but invalid password format" time="0.098"/>
  <testcase name="classMethod" classname="18 - 33. user login with corret phone number but invalid password format" time="14.726"/>
  <testcase name="User is on Login Page" classname="18 - 33. user login with corret phone number but invalid password format" time="3.621"/>
  <testcase name="User input phone number &quot;81394577665&quot; on phone number field" classname="18 - 33. user login with corret phone number but invalid password format" time="0.158"/>
  <testcase name="User input password &quot;P@ssword&quot; on password field" classname="18 - 33. user login with corret phone number but invalid password format" time="1.373"/>
  <testcase name="User cannot click Sign In button on Login Page" classname="18 - 33. user login with corret phone number but invalid password format" time="0.605"/>
  <testcase name="User see error message &quot;Password should be 8 digits and contains : a–z, A–Z, 1–9, Symbol!&quot;" classname="18 - 33. user login with corret phone number but invalid password format" time="0.083"/>
  <testcase name="classMethod" classname="18 - 33. user login with corret phone number but invalid password format" time="14.848"/>
  <testcase name="User is on Login Page" classname="18 - 33. user login with corret phone number but invalid password format" time="3.528"/>
  <testcase name="User input phone number &quot;81394577665&quot; on phone number field" classname="18 - 33. user login with corret phone number but invalid password format" time="0.711"/>
  <testcase name="User input password &quot;Password&quot; on password field" classname="18 - 33. user login with corret phone number but invalid password format" time="1.365"/>
  <testcase name="User cannot click Sign In button on Login Page" classname="18 - 33. user login with corret phone number but invalid password format" time="0.629"/>
  <testcase name="User see error message &quot;Password should be 8 digits and contains : a–z, A–Z, 1–9, Symbol!&quot;" classname="18 - 33. user login with corret phone number but invalid password format" time="0.1"/>
  <testcase name="classMethod" classname="18 - 33. user login with corret phone number but invalid password format" time="15.252"/>
  <testcase name="User is on Login Page" classname="18 - 33. user login with corret phone number but invalid password format" time="3.532"/>
  <testcase name="User input phone number &quot;81394577665&quot; on phone number field" classname="18 - 33. user login with corret phone number but invalid password format" time="0.136"/>
  <testcase name="User input password &quot;p@ssw0rd&quot; on password field" classname="18 - 33. user login with corret phone number but invalid password format" time="1.29"/>
  <testcase name="User cannot click Sign In button on Login Page" classname="18 - 33. user login with corret phone number but invalid password format" time="0.634"/>
  <testcase name="User see error message &quot;Password should be 8 digits and contains : a–z, A–Z, 1–9, Symbol!&quot;" classname="18 - 33. user login with corret phone number but invalid password format" time="0.088"/>
  <testcase name="classMethod" classname="18 - 33. user login with corret phone number but invalid password format" time="14.667"/>
  <testcase name="User is on Login Page" classname="18 - 33. user login with corret phone number but invalid password format" time="3.57"/>
  <testcase name="User input phone number &quot;81394577665&quot; on phone number field" classname="18 - 33. user login with corret phone number but invalid password format" time="0.137"/>
  <testcase name="User input password &quot;passw0rd&quot; on password field" classname="18 - 33. user login with corret phone number but invalid password format" time="1.378"/>
  <testcase name="User cannot click Sign In button on Login Page" classname="18 - 33. user login with corret phone number but invalid password format" time="0.631"/>
  <testcase name="User see error message &quot;Password should be 8 digits and contains : a–z, A–Z, 1–9, Symbol!&quot;" classname="18 - 33. user login with corret phone number but invalid password format" time="0.087"/>
  <testcase name="classMethod" classname="18 - 33. user login with corret phone number but invalid password format" time="14.617"/>
  <testcase name="User is on Login Page" classname="18 - 33. user login with corret phone number but invalid password format" time="3.524"/>
  <testcase name="User input phone number &quot;81394577665&quot; on phone number field" classname="18 - 33. user login with corret phone number but invalid password format" time="0.695"/>
  <testcase name="User input password &quot;p@ssword&quot; on password field" classname="18 - 33. user login with corret phone number but invalid password format" time="0.881"/>
  <testcase name="User cannot click Sign In button on Login Page" classname="18 - 33. user login with corret phone number but invalid password format" time="0.632"/>
  <testcase name="User see error message &quot;Password should be 8 digits and contains : a–z, A–Z, 1–9, Symbol!&quot;" classname="18 - 33. user login with corret phone number but invalid password format" time="0.097"/>
  <testcase name="classMethod" classname="18 - 33. user login with corret phone number but invalid password format" time="14.75"/>
  <testcase name="User is on Login Page" classname="18 - 33. user login with corret phone number but invalid password format" time="3.48"/>
  <testcase name="User input phone number &quot;81394577665&quot; on phone number field" classname="18 - 33. user login with corret phone number but invalid password format" time="0.706"/>
  <testcase name="User input password &quot;password&quot; on password field" classname="18 - 33. user login with corret phone number but invalid password format" time="1.371"/>
  <testcase name="User cannot click Sign In button on Login Page" classname="18 - 33. user login with corret phone number but invalid password format" time="0.63"/>
  <testcase name="User see error message &quot;Password should be 8 digits and contains : a–z, A–Z, 1–9, Symbol!&quot;" classname="18 - 33. user login with corret phone number but invalid password format" time="0.101"/>
  <testcase name="classMethod" classname="18 - 33. user login with corret phone number but invalid password format" time="15.188"/>
  <testcase name="User is on Login Page" classname="18 - 33. user login with corret phone number but invalid password format" time="3.563"/>
  <testcase name="User input phone number &quot;81394577665&quot; on phone number field" classname="18 - 33. user login with corret phone number but invalid password format" time="0.686"/>
  <testcase name="User input password &quot;P@SSW0RD&quot; on password field" classname="18 - 33. user login with corret phone number but invalid password format" time="0.875"/>
  <testcase name="User cannot click Sign In button on Login Page" classname="18 - 33. user login with corret phone number but invalid password format" time="0.625"/>
  <testcase name="User see error message &quot;Password should be 8 digits and contains : a–z, A–Z, 1–9, Symbol!&quot;" classname="18 - 33. user login with corret phone number but invalid password format" time="0.084"/>
  <testcase name="classMethod" classname="18 - 33. user login with corret phone number but invalid password format" time="14.573"/>
  <testcase name="User is on Login Page" classname="18 - 33. user login with corret phone number but invalid password format" time="3.556"/>
  <testcase name="User input phone number &quot;81394577665&quot; on phone number field" classname="18 - 33. user login with corret phone number but invalid password format" time="0.152"/>
  <testcase name="User input password &quot;PASSW0RD&quot; on password field" classname="18 - 33. user login with corret phone number but invalid password format" time="1.367"/>
  <testcase name="User cannot click Sign In button on Login Page" classname="18 - 33. user login with corret phone number but invalid password format" time="0.627"/>
  <testcase name="User see error message &quot;Password should be 8 digits and contains : a–z, A–Z, 1–9, Symbol!&quot;" classname="18 - 33. user login with corret phone number but invalid password format" time="0.088"/>
  <testcase name="classMethod" classname="18 - 33. user login with corret phone number but invalid password format" time="14.553"/>
  <testcase name="User is on Login Page" classname="18 - 33. user login with corret phone number but invalid password format" time="3.554"/>
  <testcase name="User input phone number &quot;81394577665&quot; on phone number field" classname="18 - 33. user login with corret phone number but invalid password format" time="0.689"/>
  <testcase name="User input password &quot;P@SSWORD&quot; on password field" classname="18 - 33. user login with corret phone number but invalid password format" time="0.879"/>
  <testcase name="User cannot click Sign In button on Login Page" classname="18 - 33. user login with corret phone number but invalid password format" time="0.628"/>
  <testcase name="User see error message &quot;Password should be 8 digits and contains : a–z, A–Z, 1–9, Symbol!&quot;" classname="18 - 33. user login with corret phone number but invalid password format" time="0.088"/>
  <testcase name="classMethod" classname="18 - 33. user login with corret phone number but invalid password format" time="14.713"/>
  <testcase name="User is on Login Page" classname="18 - 33. user login with corret phone number but invalid password format" time="3.53"/>
  <testcase name="User input phone number &quot;81394577665&quot; on phone number field" classname="18 - 33. user login with corret phone number but invalid password format" time="0.697"/>
  <testcase name="User input password &quot;PASSWORD&quot; on password field" classname="18 - 33. user login with corret phone number but invalid password format" time="0.88"/>
  <testcase name="User cannot click Sign In button on Login Page" classname="18 - 33. user login with corret phone number but invalid password format" time="0.64"/>
  <testcase name="User see error message &quot;Password should be 8 digits and contains : a–z, A–Z, 1–9, Symbol!&quot;" classname="18 - 33. user login with corret phone number but invalid password format" time="0.091"/>
  <testcase name="classMethod" classname="18 - 33. user login with corret phone number but invalid password format" time="14.621"/>
  <testcase name="User is on Login Page" classname="18 - 33. user login with corret phone number but invalid password format" time="3.503"/>
  <testcase name="User input phone number &quot;81394577665&quot; on phone number field" classname="18 - 33. user login with corret phone number but invalid password format" time="0.129"/>
  <testcase name="User input password &quot;123$%^78&quot; on password field" classname="18 - 33. user login with corret phone number but invalid password format" time="1.366"/>
  <testcase name="User cannot click Sign In button on Login Page" classname="18 - 33. user login with corret phone number but invalid password format" time="0.624"/>
  <testcase name="User see error message &quot;Password should be 8 digits and contains : a–z, A–Z, 1–9, Symbol!&quot;" classname="18 - 33. user login with corret phone number but invalid password format" time="0.096"/>
  <testcase name="classMethod" classname="18 - 33. user login with corret phone number but invalid password format" time="14.603"/>
  <testcase name="User is on Login Page" classname="18 - 33. user login with corret phone number but invalid password format" time="3.474"/>
  <testcase name="User input phone number &quot;81394577665&quot; on phone number field" classname="18 - 33. user login with corret phone number but invalid password format" time="0.689"/>
  <testcase name="User input password &quot;12345678&quot; on password field" classname="18 - 33. user login with corret phone number but invalid password format" time="0.892"/>
  <testcase name="User cannot click Sign In button on Login Page" classname="18 - 33. user login with corret phone number but invalid password format" time="0.63"/>
  <testcase name="User see error message &quot;Password should be 8 digits and contains : a–z, A–Z, 1–9, Symbol!&quot;" classname="18 - 33. user login with corret phone number but invalid password format" time="0.089"/>
  <testcase name="classMethod" classname="18 - 33. user login with corret phone number but invalid password format" time="14.57"/>
  <testcase name="User is on Login Page" classname="18 - 33. user login with corret phone number but invalid password format" time="3.509"/>
  <testcase name="User input phone number &quot;81394577665&quot; on phone number field" classname="18 - 33. user login with corret phone number but invalid password format" time="0.699"/>
  <testcase name="User input password &quot;!@#$%^&amp;*&quot; on password field" classname="18 - 33. user login with corret phone number but invalid password format" time="1.374"/>
  <testcase name="User cannot click Sign In button on Login Page" classname="18 - 33. user login with corret phone number but invalid password format" time="0.642"/>
  <testcase name="User see error message &quot;Password should be 8 digits and contains : a–z, A–Z, 1–9, Symbol!&quot;" classname="18 - 33. user login with corret phone number but invalid password format" time="0.088"/>
  <testcase name="classMethod" classname="18 - 33. user login with corret phone number but invalid password format" time="15.285"/>
  <testcase name="User is on Login Page" classname="18 - 33. user login with corret phone number but invalid password format" time="3.533"/>
  <testcase name="User input phone number &quot;81394577665&quot; on phone number field" classname="18 - 33. user login with corret phone number but invalid password format" time="0.687"/>
  <testcase name="User input password &quot;P@ss w0rd&quot; on password field" classname="18 - 33. user login with corret phone number but invalid password format" time="1.364"/>
  <testcase name="User cannot click Sign In button on Login Page" classname="18 - 33. user login with corret phone number but invalid password format" time="0.633"/>
  <testcase name="User see error message &quot;Password should be 8 digits and contains : a–z, A–Z, 1–9, Symbol!&quot;" classname="18 - 33. user login with corret phone number but invalid password format" time="0.086"/>
  <testcase name="classMethod" classname="18 - 33. user login with corret phone number but invalid password format" time="15.077"/>
  <testcase name="User is on Login Page" classname="18 - 33. user login with corret phone number but invalid password format" time="3.534"/>
  <testcase name="User input phone number &quot;81394577665&quot; on phone number field" classname="18 - 33. user login with corret phone number but invalid password format" time="0.707"/>
  <testcase name="User input password &quot;P@ssw0rd??&quot; on password field" classname="18 - 33. user login with corret phone number but invalid password format" time="1.36"/>
  <testcase name="User cannot click Sign In button on Login Page" classname="18 - 33. user login with corret phone number but invalid password format" time="0.526"/>
  <testcase name="User see error message &quot;Password cannot be empty!&quot;" classname="18 - 33. user login with corret phone number but invalid password format" time="0.09"/>
  <testcase name="classMethod" classname="18 - 33. user login with corret phone number but invalid password format" time="15.276"/>
  <system-out><![CDATA[
@Login @Invalid @Scenario
Scenario Outline: 18 - 33. user login with corret phone number but invalid password format        ?[90m# src/test/resources/features/Login.feature:126?[0m

@Login @Invalid @Scenario
Scenario Outline: 18 - 33. user login with corret phone number but invalid password format        ?[90m# src/test/resources/features/Login.feature:128?[0m

@Login @Invalid @Scenario
Scenario Outline: 18 - 33. user login with corret phone number but invalid password format        ?[90m# src/test/resources/features/Login.feature:130?[0m

@Login @Invalid @Scenario
Scenario Outline: 18 - 33. user login with corret phone number but invalid password format        ?[90m# src/test/resources/features/Login.feature:132?[0m

@Login @Invalid @Scenario
Scenario Outline: 18 - 33. user login with corret phone number but invalid password format        ?[90m# src/test/resources/features/Login.feature:134?[0m

@Login @Invalid @Scenario
Scenario Outline: 18 - 33. user login with corret phone number but invalid password format        ?[90m# src/test/resources/features/Login.feature:136?[0m

@Login @Invalid @Scenario
Scenario Outline: 18 - 33. user login with corret phone number but invalid password format        ?[90m# src/test/resources/features/Login.feature:138?[0m

@Login @Invalid @Scenario
Scenario Outline: 18 - 33. user login with corret phone number but invalid password format        ?[90m# src/test/resources/features/Login.feature:140?[0m

@Login @Invalid @Scenario
Scenario Outline: 18 - 33. user login with corret phone number but invalid password format        ?[90m# src/test/resources/features/Login.feature:142?[0m

@Login @Invalid @Scenario
Scenario Outline: 18 - 33. user login with corret phone number but invalid password format        ?[90m# src/test/resources/features/Login.feature:144?[0m

@Login @Invalid @Scenario
Scenario Outline: 18 - 33. user login with corret phone number but invalid password format        ?[90m# src/test/resources/features/Login.feature:146?[0m

@Login @Invalid @Scenario
Scenario Outline: 18 - 33. user login with corret phone number but invalid password format        ?[90m# src/test/resources/features/Login.feature:148?[0m

@Login @Invalid @Scenario
Scenario Outline: 18 - 33. user login with corret phone number but invalid password format        ?[90m# src/test/resources/features/Login.feature:150?[0m

@Login @Invalid @Scenario
Scenario Outline: 18 - 33. user login with corret phone number but invalid password format        ?[90m# src/test/resources/features/Login.feature:152?[0m

@Login @Invalid @Scenario
Scenario Outline: 18 - 33. user login with corret phone number but invalid password format        ?[90m# src/test/resources/features/Login.feature:154?[0m

@Login @Invalid @Scenario
Scenario Outline: 18 - 33. user login with corret phone number but invalid password format ?[90m# src/test/resources/features/Login.feature:156?[0m
]]></system-out>
  <system-err><![CDATA[Jun 24, 2020 2:03:55 PM io.appium.java_client.remote.AppiumCommandExecutor$1 lambda$0
INFO: Detected dialect: W3C
Jun 24, 2020 2:04:09 PM io.appium.java_client.remote.AppiumCommandExecutor$1 lambda$0
INFO: Detected dialect: W3C
Jun 24, 2020 2:04:24 PM io.appium.java_client.remote.AppiumCommandExecutor$1 lambda$0
INFO: Detected dialect: W3C
Jun 24, 2020 2:04:39 PM io.appium.java_client.remote.AppiumCommandExecutor$1 lambda$0
INFO: Detected dialect: W3C
Jun 24, 2020 2:04:53 PM io.appium.java_client.remote.AppiumCommandExecutor$1 lambda$0
INFO: Detected dialect: W3C
Jun 24, 2020 2:05:08 PM io.appium.java_client.remote.AppiumCommandExecutor$1 lambda$0
INFO: Detected dialect: W3C
Jun 24, 2020 2:05:23 PM io.appium.java_client.remote.AppiumCommandExecutor$1 lambda$0
INFO: Detected dialect: W3C
Jun 24, 2020 2:05:38 PM io.appium.java_client.remote.AppiumCommandExecutor$1 lambda$0
INFO: Detected dialect: W3C
Jun 24, 2020 2:05:52 PM io.appium.java_client.remote.AppiumCommandExecutor$1 lambda$0
INFO: Detected dialect: W3C
Jun 24, 2020 2:06:07 PM io.appium.java_client.remote.AppiumCommandExecutor$1 lambda$0
INFO: Detected dialect: W3C
Jun 24, 2020 2:06:22 PM io.appium.java_client.remote.AppiumCommandExecutor$1 lambda$0
INFO: Detected dialect: W3C
Jun 24, 2020 2:06:36 PM io.appium.java_client.remote.AppiumCommandExecutor$1 lambda$0
INFO: Detected dialect: W3C
Jun 24, 2020 2:06:51 PM io.appium.java_client.remote.AppiumCommandExecutor$1 lambda$0
INFO: Detected dialect: W3C
Jun 24, 2020 2:07:06 PM io.appium.java_client.remote.AppiumCommandExecutor$1 lambda$0
INFO: Detected dialect: W3C
Jun 24, 2020 2:07:21 PM io.appium.java_client.remote.AppiumCommandExecutor$1 lambda$0
INFO: Detected dialect: W3C
Jun 24, 2020 2:07:36 PM io.appium.java_client.remote.AppiumCommandExecutor$1 lambda$0
INFO: Detected dialect: W3C
]]></system-err>
</testsuite>
