<?xml version="1.0" encoding="UTF-8"?>
<testsuite name="2. user login with correct phone number but incorrect password" tests="6" skipped="0" failures="0" errors="0" timestamp="2020-06-24T05:28:28" hostname="LAPTOP-8ROAKM94" time="8.03">
  <properties/>
  <testcase name="User is on Login Page" classname="2. user login with correct phone number but incorrect password" time="3.667"/>
  <testcase name="User input phone number &quot;81394577665&quot; on phone number field" classname="2. user login with correct phone number but incorrect password" time="0.706"/>
  <testcase name="User input password &quot;P@ssword123&quot; on password field" classname="2. user login with correct phone number but incorrect password" time="0.887"/>
  <testcase name="User click Sign In button on Login Page" classname="2. user login with correct phone number but incorrect password" time="0.751"/>
  <testcase name="User see pop up message &quot;Incorrect Phone Number or Password. Please input your correct Phone Number and Password&quot;" classname="2. user login with correct phone number but incorrect password" time="1.429"/>
  <testcase name="classMethod" classname="2. user login with correct phone number but incorrect password" time="16.813"/>
  <system-out><![CDATA[
@Login @Negative
Scenario: 2. user login with correct phone number but incorrect password                                                 ?[90m# src/test/resources/features/Login.feature:14?[0m
]]></system-out>
  <system-err><![CDATA[Jun 24, 2020 12:28:28 PM io.appium.java_client.remote.AppiumCommandExecutor$1 lambda$0
INFO: Detected dialect: W3C
]]></system-err>
</testsuite>
