<?xml version="1.0" encoding="UTF-8"?>
<testsuite name="project.CucumberRunner" tests="0" skipped="0" failures="0" errors="0" timestamp="1970-01-01T00:00:00" hostname="LAPTOP-8ROAKM94" time="0.0">
  <properties/>
  <system-out><![CDATA[  ?[32mGiven ?[0m?[32mUser is on Login Page?[0m                                      ?[90m# project.stepsdefinition.LoginStepDefinition.userIsOnLoginPage()?[0m
  ?[32mWhen ?[0m?[32mUser input phone number ?[0m?[32m?[1m"81394577665"?[0m?[32m on phone number field?[0m ?[90m# project.stepsdefinition.LoginStepDefinition.userInputPhoneNumberOnPhoneNumberField(java.lang.String)?[0m
  ?[32mAnd ?[0m?[32mUser input password ?[0m?[32m?[1m"P@ssw0rd"?[0m?[32m on password field?[0m             ?[90m# project.stepsdefinition.LoginStepDefinition.userInputPasswordOnPasswordField(java.lang.String)?[0m
  ?[32mAnd ?[0m?[32mUser click Sign In button on Login Page?[0m                      ?[90m# project.stepsdefinition.LoginStepDefinition.userClickSignInButton()?[0m
  ?[32mThen ?[0m?[32mUser directed to Home Page?[0m                                  ?[90m# project.stepsdefinition.LoginStepDefinition.userDirectedToHomePage()?[0m
  ?[32mGiven ?[0m?[32mUser is on Login Page?[0m                                                                                            ?[90m# project.stepsdefinition.LoginStepDefinition.userIsOnLoginPage()?[0m
  ?[32mWhen ?[0m?[32mUser input phone number ?[0m?[32m?[1m"81394577665"?[0m?[32m on phone number field?[0m                                                       ?[90m# project.stepsdefinition.LoginStepDefinition.userInputPhoneNumberOnPhoneNumberField(java.lang.String)?[0m
  ?[32mAnd ?[0m?[32mUser input password ?[0m?[32m?[1m"P@ssword123"?[0m?[32m on password field?[0m                                                                ?[90m# project.stepsdefinition.LoginStepDefinition.userInputPasswordOnPasswordField(java.lang.String)?[0m
  ?[32mAnd ?[0m?[32mUser click Sign In button on Login Page?[0m                                                                            ?[90m# project.stepsdefinition.LoginStepDefinition.userClickSignInButton()?[0m
  ?[32mThen ?[0m?[32mUser see pop up message ?[0m?[32m?[1m"Incorrect Phone Number or Password. Please input your correct Phone Number and Password"?[0m ?[90m# project.stepsdefinition.LoginStepDefinition.userSeePopUpMessage(java.lang.String)?[0m
  ?[32mGiven ?[0m?[32mUser is on Login Page?[0m                                                                                            ?[90m# project.stepsdefinition.LoginStepDefinition.userIsOnLoginPage()?[0m
  ?[32mWhen ?[0m?[32mUser input phone number ?[0m?[32m?[1m"81394577000"?[0m?[32m on phone number field?[0m                                                       ?[90m# project.stepsdefinition.LoginStepDefinition.userInputPhoneNumberOnPhoneNumberField(java.lang.String)?[0m
  ?[32mAnd ?[0m?[32mUser input password ?[0m?[32m?[1m"P@ssw0rd"?[0m?[32m on password field?[0m                                                                   ?[90m# project.stepsdefinition.LoginStepDefinition.userInputPasswordOnPasswordField(java.lang.String)?[0m
  ?[32mAnd ?[0m?[32mUser click Sign In button on Login Page?[0m                                                                            ?[90m# project.stepsdefinition.LoginStepDefinition.userClickSignInButton()?[0m
  ?[32mThen ?[0m?[32mUser see pop up message ?[0m?[32m?[1m"Incorrect Phone Number or Password. Please input your correct Phone Number and Password"?[0m ?[90m# project.stepsdefinition.LoginStepDefinition.userSeePopUpMessage(java.lang.String)?[0m
  ?[32mGiven ?[0m?[32mUser is on Login Page?[0m                                                                                            ?[90m# project.stepsdefinition.LoginStepDefinition.userIsOnLoginPage()?[0m
  ?[32mWhen ?[0m?[32mUser input phone number ?[0m?[32m?[1m"81394577000"?[0m?[32m on phone number field?[0m                                                       ?[90m# project.stepsdefinition.LoginStepDefinition.userInputPhoneNumberOnPhoneNumberField(java.lang.String)?[0m
  ?[32mAnd ?[0m?[32mUser input password ?[0m?[32m?[1m"P@ssword123"?[0m?[32m on password field?[0m                                                                ?[90m# project.stepsdefinition.LoginStepDefinition.userInputPasswordOnPasswordField(java.lang.String)?[0m
  ?[32mAnd ?[0m?[32mUser click Sign In button on Login Page?[0m                                                                            ?[90m# project.stepsdefinition.LoginStepDefinition.userClickSignInButton()?[0m
  ?[32mThen ?[0m?[32mUser see pop up message ?[0m?[32m?[1m"Incorrect Phone Number or Password. Please input your correct Phone Number and Password"?[0m ?[90m# project.stepsdefinition.LoginStepDefinition.userSeePopUpMessage(java.lang.String)?[0m
  ?[32mGiven ?[0m?[32mUser is on Login Page?[0m                                        ?[90m# project.stepsdefinition.LoginStepDefinition.userIsOnLoginPage()?[0m
  ?[32mWhen ?[0m?[32mUser input phone number ?[0m?[32m?[1m""?[0m?[32m on phone number field?[0m              ?[90m# project.stepsdefinition.LoginStepDefinition.userInputPhoneNumberOnPhoneNumberField(java.lang.String)?[0m
  ?[32mAnd ?[0m?[32mUser input password ?[0m?[32m?[1m"P@ssw0rd"?[0m?[32m on password field?[0m               ?[90m# project.stepsdefinition.LoginStepDefinition.userInputPasswordOnPasswordField(java.lang.String)?[0m
  ?[32mAnd ?[0m?[32mUser cannot click Sign In button on Login Page?[0m                 ?[90m# project.stepsdefinition.LoginStepDefinition.userCannotClickSignInButtonOnLoginPage()?[0m
  ?[32mThen ?[0m?[32mUser see error message ?[0m?[32m?[1m"Phone Number cannot be empty!"?[0m        ?[90m# project.stepsdefinition.LoginStepDefinition.userSeeErrorMessage(java.lang.String)?[0m
  ?[32mGiven ?[0m?[32mUser is on Login Page?[0m                                                             ?[90m# project.stepsdefinition.LoginStepDefinition.userIsOnLoginPage()?[0m
  ?[32mWhen ?[0m?[32mUser input phone number ?[0m?[32m?[1m"81300000"?[0m?[32m on phone number field?[0m                           ?[90m# project.stepsdefinition.LoginStepDefinition.userInputPhoneNumberOnPhoneNumberField(java.lang.String)?[0m
  ?[32mAnd ?[0m?[32mUser input password ?[0m?[32m?[1m"P@ssw0rd"?[0m?[32m on password field?[0m                                    ?[90m# project.stepsdefinition.LoginStepDefinition.userInputPasswordOnPasswordField(java.lang.String)?[0m
  ?[32mAnd ?[0m?[32mUser cannot click Sign In button on Login Page?[0m                                      ?[90m# project.stepsdefinition.LoginStepDefinition.userCannotClickSignInButtonOnLoginPage()?[0m
  ?[32mThen ?[0m?[32mUser see error message ?[0m?[32m?[1m"Wrong Phone Number format! All Numbers and 9 – 12 digits!"?[0m ?[90m# project.stepsdefinition.LoginStepDefinition.userSeeErrorMessage(java.lang.String)?[0m
  ?[32mGiven ?[0m?[32mUser is on Login Page?[0m                                                             ?[90m# project.stepsdefinition.LoginStepDefinition.userIsOnLoginPage()?[0m
  ?[32mWhen ?[0m?[32mUser input phone number ?[0m?[32m?[1m"8130000000000"?[0m?[32m on phone number field?[0m                      ?[90m# project.stepsdefinition.LoginStepDefinition.userInputPhoneNumberOnPhoneNumberField(java.lang.String)?[0m
  ?[32mAnd ?[0m?[32mUser input password ?[0m?[32m?[1m"P@ssw0rd"?[0m?[32m on password field?[0m                                    ?[90m# project.stepsdefinition.LoginStepDefinition.userInputPasswordOnPasswordField(java.lang.String)?[0m
  ?[32mAnd ?[0m?[32mUser cannot click Sign In button on Login Page?[0m                                      ?[90m# project.stepsdefinition.LoginStepDefinition.userCannotClickSignInButtonOnLoginPage()?[0m
  ?[32mThen ?[0m?[32mUser see error message ?[0m?[32m?[1m"Wrong Phone Number format! All Numbers and 9 – 12 digits!"?[0m ?[90m# project.stepsdefinition.LoginStepDefinition.userSeeErrorMessage(java.lang.String)?[0m
  ?[32mGiven ?[0m?[32mUser is on Login Page?[0m                                                             ?[90m# project.stepsdefinition.LoginStepDefinition.userIsOnLoginPage()?[0m
  ?[32mWhen ?[0m?[32mUser input phone number ?[0m?[32m?[1m"813abcd00"?[0m?[32m on phone number field?[0m                          ?[90m# project.stepsdefinition.LoginStepDefinition.userInputPhoneNumberOnPhoneNumberField(java.lang.String)?[0m
  ?[32mAnd ?[0m?[32mUser input password ?[0m?[32m?[1m"P@ssw0rd"?[0m?[32m on password field?[0m                                    ?[90m# project.stepsdefinition.LoginStepDefinition.userInputPasswordOnPasswordField(java.lang.String)?[0m
  ?[32mAnd ?[0m?[32mUser cannot click Sign In button on Login Page?[0m                                      ?[90m# project.stepsdefinition.LoginStepDefinition.userCannotClickSignInButtonOnLoginPage()?[0m
  ?[32mThen ?[0m?[32mUser see error message ?[0m?[32m?[1m"Wrong Phone Number format! All Numbers and 9 – 12 digits!"?[0m ?[90m# project.stepsdefinition.LoginStepDefinition.userSeeErrorMessage(java.lang.String)?[0m
  ?[32mGiven ?[0m?[32mUser is on Login Page?[0m                                                             ?[90m# project.stepsdefinition.LoginStepDefinition.userIsOnLoginPage()?[0m
  ?[32mWhen ?[0m?[32mUser input phone number ?[0m?[32m?[1m"abcdefghi"?[0m?[32m on phone number field?[0m                          ?[90m# project.stepsdefinition.LoginStepDefinition.userInputPhoneNumberOnPhoneNumberField(java.lang.String)?[0m
  ?[32mAnd ?[0m?[32mUser input password ?[0m?[32m?[1m"P@ssw0rd"?[0m?[32m on password field?[0m                                    ?[90m# project.stepsdefinition.LoginStepDefinition.userInputPasswordOnPasswordField(java.lang.String)?[0m
  ?[32mAnd ?[0m?[32mUser cannot click Sign In button on Login Page?[0m                                      ?[90m# project.stepsdefinition.LoginStepDefinition.userCannotClickSignInButtonOnLoginPage()?[0m
  ?[32mThen ?[0m?[32mUser see error message ?[0m?[32m?[1m"Wrong Phone Number format! All Numbers and 9 – 12 digits!"?[0m ?[90m# project.stepsdefinition.LoginStepDefinition.userSeeErrorMessage(java.lang.String)?[0m
  ?[32mGiven ?[0m?[32mUser is on Login Page?[0m                                                             ?[90m# project.stepsdefinition.LoginStepDefinition.userIsOnLoginPage()?[0m
  ?[32mWhen ?[0m?[32mUser input phone number ?[0m?[32m?[1m"81300000!"?[0m?[32m on phone number field?[0m                          ?[90m# project.stepsdefinition.LoginStepDefinition.userInputPhoneNumberOnPhoneNumberField(java.lang.String)?[0m
  ?[32mAnd ?[0m?[32mUser input password ?[0m?[32m?[1m"P@ssw0rd"?[0m?[32m on password field?[0m                                    ?[90m# project.stepsdefinition.LoginStepDefinition.userInputPasswordOnPasswordField(java.lang.String)?[0m
  ?[32mAnd ?[0m?[32mUser cannot click Sign In button on Login Page?[0m                                      ?[90m# project.stepsdefinition.LoginStepDefinition.userCannotClickSignInButtonOnLoginPage()?[0m
  ?[32mThen ?[0m?[32mUser see error message ?[0m?[32m?[1m"Wrong Phone Number format! All Numbers and 9 – 12 digits!"?[0m ?[90m# project.stepsdefinition.LoginStepDefinition.userSeeErrorMessage(java.lang.String)?[0m
  ?[32mGiven ?[0m?[32mUser is on Login Page?[0m                                                             ?[90m# project.stepsdefinition.LoginStepDefinition.userIsOnLoginPage()?[0m
  ?[32mWhen ?[0m?[32mUser input phone number ?[0m?[32m?[1m"!@#$%^&*("?[0m?[32m on phone number field?[0m                          ?[90m# project.stepsdefinition.LoginStepDefinition.userInputPhoneNumberOnPhoneNumberField(java.lang.String)?[0m
  ?[32mAnd ?[0m?[32mUser input password ?[0m?[32m?[1m"P@ssw0rd"?[0m?[32m on password field?[0m                                    ?[90m# project.stepsdefinition.LoginStepDefinition.userInputPasswordOnPasswordField(java.lang.String)?[0m
  ?[32mAnd ?[0m?[32mUser cannot click Sign In button on Login Page?[0m                                      ?[90m# project.stepsdefinition.LoginStepDefinition.userCannotClickSignInButtonOnLoginPage()?[0m
  ?[32mThen ?[0m?[32mUser see error message ?[0m?[32m?[1m"Wrong Phone Number format! All Numbers and 9 – 12 digits!"?[0m ?[90m# project.stepsdefinition.LoginStepDefinition.userSeeErrorMessage(java.lang.String)?[0m
  ?[32mGiven ?[0m?[32mUser is on Login Page?[0m                                                             ?[90m# project.stepsdefinition.LoginStepDefinition.userIsOnLoginPage()?[0m
  ?[32mWhen ?[0m?[32mUser input phone number ?[0m?[32m?[1m"?"?[0m?[32m on phone number field?[0m                                 ?[90m# project.stepsdefinition.LoginStepDefinition.userInputPhoneNumberOnPhoneNumberField(java.lang.String)?[0m
  ?[32mAnd ?[0m?[32mUser input password ?[0m?[32m?[1m"P@ssw0rd"?[0m?[32m on password field?[0m                                    ?[90m# project.stepsdefinition.LoginStepDefinition.userInputPasswordOnPasswordField(java.lang.String)?[0m
  ?[32mAnd ?[0m?[32mUser cannot click Sign In button on Login Page?[0m                                      ?[90m# project.stepsdefinition.LoginStepDefinition.userCannotClickSignInButtonOnLoginPage()?[0m
  ?[32mThen ?[0m?[32mUser see error message ?[0m?[32m?[1m"Phone Number cannot be empty!"?[0m                             ?[90m# project.stepsdefinition.LoginStepDefinition.userSeeErrorMessage(java.lang.String)?[0m
  ?[32mGiven ?[0m?[32mUser is on Login Page?[0m                                                             ?[90m# project.stepsdefinition.LoginStepDefinition.userIsOnLoginPage()?[0m
  ?[32mWhen ?[0m?[32mUser input phone number ?[0m?[32m?[1m"62813000000"?[0m?[32m on phone number field?[0m                        ?[90m# project.stepsdefinition.LoginStepDefinition.userInputPhoneNumberOnPhoneNumberField(java.lang.String)?[0m
  ?[32mAnd ?[0m?[32mUser input password ?[0m?[32m?[1m"P@ssw0rd"?[0m?[32m on password field?[0m                                    ?[90m# project.stepsdefinition.LoginStepDefinition.userInputPasswordOnPasswordField(java.lang.String)?[0m
  ?[32mAnd ?[0m?[32mUser cannot click Sign In button on Login Page?[0m                                      ?[90m# project.stepsdefinition.LoginStepDefinition.userCannotClickSignInButtonOnLoginPage()?[0m
  ?[32mThen ?[0m?[32mUser see error message ?[0m?[32m?[1m"Wrong Phone Number format! All Numbers and 9 – 12 digits!"?[0m ?[90m# project.stepsdefinition.LoginStepDefinition.userSeeErrorMessage(java.lang.String)?[0m
  ?[32mGiven ?[0m?[32mUser is on Login Page?[0m                                                             ?[90m# project.stepsdefinition.LoginStepDefinition.userIsOnLoginPage()?[0m
  ?[32mWhen ?[0m?[32mUser input phone number ?[0m?[32m?[1m"08130000000"?[0m?[32m on phone number field?[0m                        ?[90m# project.stepsdefinition.LoginStepDefinition.userInputPhoneNumberOnPhoneNumberField(java.lang.String)?[0m
  ?[32mAnd ?[0m?[32mUser input password ?[0m?[32m?[1m"P@ssw0rd"?[0m?[32m on password field?[0m                                    ?[90m# project.stepsdefinition.LoginStepDefinition.userInputPasswordOnPasswordField(java.lang.String)?[0m
  ?[32mAnd ?[0m?[32mUser cannot click Sign In button on Login Page?[0m                                      ?[90m# project.stepsdefinition.LoginStepDefinition.userCannotClickSignInButtonOnLoginPage()?[0m
  ?[32mThen ?[0m?[32mUser see error message ?[0m?[32m?[1m"Wrong Phone Number format! All Numbers and 9 – 12 digits!"?[0m ?[90m# project.stepsdefinition.LoginStepDefinition.userSeeErrorMessage(java.lang.String)?[0m
  ?[32mGiven ?[0m?[32mUser is on Login Page?[0m                                         ?[90m# project.stepsdefinition.LoginStepDefinition.userIsOnLoginPage()?[0m
  ?[32mWhen ?[0m?[32mUser input phone number ?[0m?[32m?[1m"81394577665"?[0m?[32m on phone number field?[0m    ?[90m# project.stepsdefinition.LoginStepDefinition.userInputPhoneNumberOnPhoneNumberField(java.lang.String)?[0m
  ?[32mAnd ?[0m?[32mUser input password ?[0m?[32m?[1m""?[0m?[32m on password field?[0m                        ?[90m# project.stepsdefinition.LoginStepDefinition.userInputPasswordOnPasswordField(java.lang.String)?[0m
  ?[32mAnd ?[0m?[32mUser cannot click Sign In button on Login Page?[0m                  ?[90m# project.stepsdefinition.LoginStepDefinition.userCannotClickSignInButtonOnLoginPage()?[0m
  ?[32mThen ?[0m?[32mUser see error message ?[0m?[32m?[1m"Password cannot be empty!"?[0m             ?[90m# project.stepsdefinition.LoginStepDefinition.userSeeErrorMessage(java.lang.String)?[0m
  ?[32mGiven ?[0m?[32mUser is on Login Page?[0m                                                                     ?[90m# project.stepsdefinition.LoginStepDefinition.userIsOnLoginPage()?[0m
  ?[32mWhen ?[0m?[32mUser input phone number ?[0m?[32m?[1m"81394577665"?[0m?[32m on phone number field?[0m                                ?[90m# project.stepsdefinition.LoginStepDefinition.userInputPhoneNumberOnPhoneNumberField(java.lang.String)?[0m
  ?[32mAnd ?[0m?[32mUser input password ?[0m?[32m?[1m"P@ssw0r"?[0m?[32m on password field?[0m                                             ?[90m# project.stepsdefinition.LoginStepDefinition.userInputPasswordOnPasswordField(java.lang.String)?[0m
  ?[32mAnd ?[0m?[32mUser cannot click Sign In button on Login Page?[0m                                              ?[90m# project.stepsdefinition.LoginStepDefinition.userCannotClickSignInButtonOnLoginPage()?[0m
  ?[32mThen ?[0m?[32mUser see error message ?[0m?[32m?[1m"Password should be 8 digits and contains : a–z, A–Z, 1–9, Symbol!"?[0m ?[90m# project.stepsdefinition.LoginStepDefinition.userSeeErrorMessage(java.lang.String)?[0m
  ?[32mGiven ?[0m?[32mUser is on Login Page?[0m                                                                     ?[90m# project.stepsdefinition.LoginStepDefinition.userIsOnLoginPage()?[0m
  ?[32mWhen ?[0m?[32mUser input phone number ?[0m?[32m?[1m"81394577665"?[0m?[32m on phone number field?[0m                                ?[90m# project.stepsdefinition.LoginStepDefinition.userInputPhoneNumberOnPhoneNumberField(java.lang.String)?[0m
  ?[32mAnd ?[0m?[32mUser input password ?[0m?[32m?[1m"P@ssw0rd1234567890abc"?[0m?[32m on password field?[0m                               ?[90m# project.stepsdefinition.LoginStepDefinition.userInputPasswordOnPasswordField(java.lang.String)?[0m
  ?[32mAnd ?[0m?[32mUser cannot click Sign In button on Login Page?[0m                                              ?[90m# project.stepsdefinition.LoginStepDefinition.userCannotClickSignInButtonOnLoginPage()?[0m
  ?[32mThen ?[0m?[32mUser see error message ?[0m?[32m?[1m"Password should be 8 digits and contains : a–z, A–Z, 1–9, Symbol!"?[0m ?[90m# project.stepsdefinition.LoginStepDefinition.userSeeErrorMessage(java.lang.String)?[0m
  ?[32mGiven ?[0m?[32mUser is on Login Page?[0m                                                                     ?[90m# project.stepsdefinition.LoginStepDefinition.userIsOnLoginPage()?[0m
  ?[32mWhen ?[0m?[32mUser input phone number ?[0m?[32m?[1m"81394577665"?[0m?[32m on phone number field?[0m                                ?[90m# project.stepsdefinition.LoginStepDefinition.userInputPhoneNumberOnPhoneNumberField(java.lang.String)?[0m
  ?[32mAnd ?[0m?[32mUser input password ?[0m?[32m?[1m"Passw0rd"?[0m?[32m on password field?[0m                                            ?[90m# project.stepsdefinition.LoginStepDefinition.userInputPasswordOnPasswordField(java.lang.String)?[0m
  ?[32mAnd ?[0m?[32mUser cannot click Sign In button on Login Page?[0m                                              ?[90m# project.stepsdefinition.LoginStepDefinition.userCannotClickSignInButtonOnLoginPage()?[0m
  ?[32mThen ?[0m?[32mUser see error message ?[0m?[32m?[1m"Password should be 8 digits and contains : a–z, A–Z, 1–9, Symbol!"?[0m ?[90m# project.stepsdefinition.LoginStepDefinition.userSeeErrorMessage(java.lang.String)?[0m
  ?[32mGiven ?[0m?[32mUser is on Login Page?[0m                                                                     ?[90m# project.stepsdefinition.LoginStepDefinition.userIsOnLoginPage()?[0m
  ?[32mWhen ?[0m?[32mUser input phone number ?[0m?[32m?[1m"81394577665"?[0m?[32m on phone number field?[0m                                ?[90m# project.stepsdefinition.LoginStepDefinition.userInputPhoneNumberOnPhoneNumberField(java.lang.String)?[0m
  ?[32mAnd ?[0m?[32mUser input password ?[0m?[32m?[1m"P@ssword"?[0m?[32m on password field?[0m                                            ?[90m# project.stepsdefinition.LoginStepDefinition.userInputPasswordOnPasswordField(java.lang.String)?[0m
  ?[32mAnd ?[0m?[32mUser cannot click Sign In button on Login Page?[0m                                              ?[90m# project.stepsdefinition.LoginStepDefinition.userCannotClickSignInButtonOnLoginPage()?[0m
  ?[32mThen ?[0m?[32mUser see error message ?[0m?[32m?[1m"Password should be 8 digits and contains : a–z, A–Z, 1–9, Symbol!"?[0m ?[90m# project.stepsdefinition.LoginStepDefinition.userSeeErrorMessage(java.lang.String)?[0m
  ?[32mGiven ?[0m?[32mUser is on Login Page?[0m                                                                     ?[90m# project.stepsdefinition.LoginStepDefinition.userIsOnLoginPage()?[0m
  ?[32mWhen ?[0m?[32mUser input phone number ?[0m?[32m?[1m"81394577665"?[0m?[32m on phone number field?[0m                                ?[90m# project.stepsdefinition.LoginStepDefinition.userInputPhoneNumberOnPhoneNumberField(java.lang.String)?[0m
  ?[32mAnd ?[0m?[32mUser input password ?[0m?[32m?[1m"Password"?[0m?[32m on password field?[0m                                            ?[90m# project.stepsdefinition.LoginStepDefinition.userInputPasswordOnPasswordField(java.lang.String)?[0m
  ?[32mAnd ?[0m?[32mUser cannot click Sign In button on Login Page?[0m                                              ?[90m# project.stepsdefinition.LoginStepDefinition.userCannotClickSignInButtonOnLoginPage()?[0m
  ?[32mThen ?[0m?[32mUser see error message ?[0m?[32m?[1m"Password should be 8 digits and contains : a–z, A–Z, 1–9, Symbol!"?[0m ?[90m# project.stepsdefinition.LoginStepDefinition.userSeeErrorMessage(java.lang.String)?[0m
  ?[32mGiven ?[0m?[32mUser is on Login Page?[0m                                                                     ?[90m# project.stepsdefinition.LoginStepDefinition.userIsOnLoginPage()?[0m
  ?[32mWhen ?[0m?[32mUser input phone number ?[0m?[32m?[1m"81394577665"?[0m?[32m on phone number field?[0m                                ?[90m# project.stepsdefinition.LoginStepDefinition.userInputPhoneNumberOnPhoneNumberField(java.lang.String)?[0m
  ?[32mAnd ?[0m?[32mUser input password ?[0m?[32m?[1m"p@ssw0rd"?[0m?[32m on password field?[0m                                            ?[90m# project.stepsdefinition.LoginStepDefinition.userInputPasswordOnPasswordField(java.lang.String)?[0m
  ?[32mAnd ?[0m?[32mUser cannot click Sign In button on Login Page?[0m                                              ?[90m# project.stepsdefinition.LoginStepDefinition.userCannotClickSignInButtonOnLoginPage()?[0m
  ?[32mThen ?[0m?[32mUser see error message ?[0m?[32m?[1m"Password should be 8 digits and contains : a–z, A–Z, 1–9, Symbol!"?[0m ?[90m# project.stepsdefinition.LoginStepDefinition.userSeeErrorMessage(java.lang.String)?[0m
  ?[32mGiven ?[0m?[32mUser is on Login Page?[0m                                                                     ?[90m# project.stepsdefinition.LoginStepDefinition.userIsOnLoginPage()?[0m
  ?[32mWhen ?[0m?[32mUser input phone number ?[0m?[32m?[1m"81394577665"?[0m?[32m on phone number field?[0m                                ?[90m# project.stepsdefinition.LoginStepDefinition.userInputPhoneNumberOnPhoneNumberField(java.lang.String)?[0m
  ?[32mAnd ?[0m?[32mUser input password ?[0m?[32m?[1m"passw0rd"?[0m?[32m on password field?[0m                                            ?[90m# project.stepsdefinition.LoginStepDefinition.userInputPasswordOnPasswordField(java.lang.String)?[0m
  ?[32mAnd ?[0m?[32mUser cannot click Sign In button on Login Page?[0m                                              ?[90m# project.stepsdefinition.LoginStepDefinition.userCannotClickSignInButtonOnLoginPage()?[0m
  ?[32mThen ?[0m?[32mUser see error message ?[0m?[32m?[1m"Password should be 8 digits and contains : a–z, A–Z, 1–9, Symbol!"?[0m ?[90m# project.stepsdefinition.LoginStepDefinition.userSeeErrorMessage(java.lang.String)?[0m
  ?[32mGiven ?[0m?[32mUser is on Login Page?[0m                                                                     ?[90m# project.stepsdefinition.LoginStepDefinition.userIsOnLoginPage()?[0m
  ?[32mWhen ?[0m?[32mUser input phone number ?[0m?[32m?[1m"81394577665"?[0m?[32m on phone number field?[0m                                ?[90m# project.stepsdefinition.LoginStepDefinition.userInputPhoneNumberOnPhoneNumberField(java.lang.String)?[0m
  ?[32mAnd ?[0m?[32mUser input password ?[0m?[32m?[1m"p@ssword"?[0m?[32m on password field?[0m                                            ?[90m# project.stepsdefinition.LoginStepDefinition.userInputPasswordOnPasswordField(java.lang.String)?[0m
  ?[32mAnd ?[0m?[32mUser cannot click Sign In button on Login Page?[0m                                              ?[90m# project.stepsdefinition.LoginStepDefinition.userCannotClickSignInButtonOnLoginPage()?[0m
  ?[32mThen ?[0m?[32mUser see error message ?[0m?[32m?[1m"Password should be 8 digits and contains : a–z, A–Z, 1–9, Symbol!"?[0m ?[90m# project.stepsdefinition.LoginStepDefinition.userSeeErrorMessage(java.lang.String)?[0m
  ?[32mGiven ?[0m?[32mUser is on Login Page?[0m                                                                     ?[90m# project.stepsdefinition.LoginStepDefinition.userIsOnLoginPage()?[0m
  ?[32mWhen ?[0m?[32mUser input phone number ?[0m?[32m?[1m"81394577665"?[0m?[32m on phone number field?[0m                                ?[90m# project.stepsdefinition.LoginStepDefinition.userInputPhoneNumberOnPhoneNumberField(java.lang.String)?[0m
  ?[32mAnd ?[0m?[32mUser input password ?[0m?[32m?[1m"password"?[0m?[32m on password field?[0m                                            ?[90m# project.stepsdefinition.LoginStepDefinition.userInputPasswordOnPasswordField(java.lang.String)?[0m
  ?[32mAnd ?[0m?[32mUser cannot click Sign In button on Login Page?[0m                                              ?[90m# project.stepsdefinition.LoginStepDefinition.userCannotClickSignInButtonOnLoginPage()?[0m
  ?[32mThen ?[0m?[32mUser see error message ?[0m?[32m?[1m"Password should be 8 digits and contains : a–z, A–Z, 1–9, Symbol!"?[0m ?[90m# project.stepsdefinition.LoginStepDefinition.userSeeErrorMessage(java.lang.String)?[0m
  ?[32mGiven ?[0m?[32mUser is on Login Page?[0m                                                                     ?[90m# project.stepsdefinition.LoginStepDefinition.userIsOnLoginPage()?[0m
  ?[32mWhen ?[0m?[32mUser input phone number ?[0m?[32m?[1m"81394577665"?[0m?[32m on phone number field?[0m                                ?[90m# project.stepsdefinition.LoginStepDefinition.userInputPhoneNumberOnPhoneNumberField(java.lang.String)?[0m
  ?[32mAnd ?[0m?[32mUser input password ?[0m?[32m?[1m"P@SSW0RD"?[0m?[32m on password field?[0m                                            ?[90m# project.stepsdefinition.LoginStepDefinition.userInputPasswordOnPasswordField(java.lang.String)?[0m
  ?[32mAnd ?[0m?[32mUser cannot click Sign In button on Login Page?[0m                                              ?[90m# project.stepsdefinition.LoginStepDefinition.userCannotClickSignInButtonOnLoginPage()?[0m
  ?[32mThen ?[0m?[32mUser see error message ?[0m?[32m?[1m"Password should be 8 digits and contains : a–z, A–Z, 1–9, Symbol!"?[0m ?[90m# project.stepsdefinition.LoginStepDefinition.userSeeErrorMessage(java.lang.String)?[0m
  ?[32mGiven ?[0m?[32mUser is on Login Page?[0m                                                                     ?[90m# project.stepsdefinition.LoginStepDefinition.userIsOnLoginPage()?[0m
  ?[32mWhen ?[0m?[32mUser input phone number ?[0m?[32m?[1m"81394577665"?[0m?[32m on phone number field?[0m                                ?[90m# project.stepsdefinition.LoginStepDefinition.userInputPhoneNumberOnPhoneNumberField(java.lang.String)?[0m
  ?[32mAnd ?[0m?[32mUser input password ?[0m?[32m?[1m"PASSW0RD"?[0m?[32m on password field?[0m                                            ?[90m# project.stepsdefinition.LoginStepDefinition.userInputPasswordOnPasswordField(java.lang.String)?[0m
  ?[32mAnd ?[0m?[32mUser cannot click Sign In button on Login Page?[0m                                              ?[90m# project.stepsdefinition.LoginStepDefinition.userCannotClickSignInButtonOnLoginPage()?[0m
  ?[32mThen ?[0m?[32mUser see error message ?[0m?[32m?[1m"Password should be 8 digits and contains : a–z, A–Z, 1–9, Symbol!"?[0m ?[90m# project.stepsdefinition.LoginStepDefinition.userSeeErrorMessage(java.lang.String)?[0m
  ?[32mGiven ?[0m?[32mUser is on Login Page?[0m                                                                     ?[90m# project.stepsdefinition.LoginStepDefinition.userIsOnLoginPage()?[0m
  ?[32mWhen ?[0m?[32mUser input phone number ?[0m?[32m?[1m"81394577665"?[0m?[32m on phone number field?[0m                                ?[90m# project.stepsdefinition.LoginStepDefinition.userInputPhoneNumberOnPhoneNumberField(java.lang.String)?[0m
  ?[32mAnd ?[0m?[32mUser input password ?[0m?[32m?[1m"P@SSWORD"?[0m?[32m on password field?[0m                                            ?[90m# project.stepsdefinition.LoginStepDefinition.userInputPasswordOnPasswordField(java.lang.String)?[0m
  ?[32mAnd ?[0m?[32mUser cannot click Sign In button on Login Page?[0m                                              ?[90m# project.stepsdefinition.LoginStepDefinition.userCannotClickSignInButtonOnLoginPage()?[0m
  ?[32mThen ?[0m?[32mUser see error message ?[0m?[32m?[1m"Password should be 8 digits and contains : a–z, A–Z, 1–9, Symbol!"?[0m ?[90m# project.stepsdefinition.LoginStepDefinition.userSeeErrorMessage(java.lang.String)?[0m
  ?[32mGiven ?[0m?[32mUser is on Login Page?[0m                                                                     ?[90m# project.stepsdefinition.LoginStepDefinition.userIsOnLoginPage()?[0m
  ?[32mWhen ?[0m?[32mUser input phone number ?[0m?[32m?[1m"81394577665"?[0m?[32m on phone number field?[0m                                ?[90m# project.stepsdefinition.LoginStepDefinition.userInputPhoneNumberOnPhoneNumberField(java.lang.String)?[0m
  ?[32mAnd ?[0m?[32mUser input password ?[0m?[32m?[1m"PASSWORD"?[0m?[32m on password field?[0m                                            ?[90m# project.stepsdefinition.LoginStepDefinition.userInputPasswordOnPasswordField(java.lang.String)?[0m
  ?[32mAnd ?[0m?[32mUser cannot click Sign In button on Login Page?[0m                                              ?[90m# project.stepsdefinition.LoginStepDefinition.userCannotClickSignInButtonOnLoginPage()?[0m
  ?[32mThen ?[0m?[32mUser see error message ?[0m?[32m?[1m"Password should be 8 digits and contains : a–z, A–Z, 1–9, Symbol!"?[0m ?[90m# project.stepsdefinition.LoginStepDefinition.userSeeErrorMessage(java.lang.String)?[0m
  ?[32mGiven ?[0m?[32mUser is on Login Page?[0m                                                                     ?[90m# project.stepsdefinition.LoginStepDefinition.userIsOnLoginPage()?[0m
  ?[32mWhen ?[0m?[32mUser input phone number ?[0m?[32m?[1m"81394577665"?[0m?[32m on phone number field?[0m                                ?[90m# project.stepsdefinition.LoginStepDefinition.userInputPhoneNumberOnPhoneNumberField(java.lang.String)?[0m
  ?[32mAnd ?[0m?[32mUser input password ?[0m?[32m?[1m"123$%^78"?[0m?[32m on password field?[0m                                            ?[90m# project.stepsdefinition.LoginStepDefinition.userInputPasswordOnPasswordField(java.lang.String)?[0m
  ?[32mAnd ?[0m?[32mUser cannot click Sign In button on Login Page?[0m                                              ?[90m# project.stepsdefinition.LoginStepDefinition.userCannotClickSignInButtonOnLoginPage()?[0m
  ?[32mThen ?[0m?[32mUser see error message ?[0m?[32m?[1m"Password should be 8 digits and contains : a–z, A–Z, 1–9, Symbol!"?[0m ?[90m# project.stepsdefinition.LoginStepDefinition.userSeeErrorMessage(java.lang.String)?[0m
  ?[32mGiven ?[0m?[32mUser is on Login Page?[0m                                                                     ?[90m# project.stepsdefinition.LoginStepDefinition.userIsOnLoginPage()?[0m
  ?[32mWhen ?[0m?[32mUser input phone number ?[0m?[32m?[1m"81394577665"?[0m?[32m on phone number field?[0m                                ?[90m# project.stepsdefinition.LoginStepDefinition.userInputPhoneNumberOnPhoneNumberField(java.lang.String)?[0m
  ?[32mAnd ?[0m?[32mUser input password ?[0m?[32m?[1m"12345678"?[0m?[32m on password field?[0m                                            ?[90m# project.stepsdefinition.LoginStepDefinition.userInputPasswordOnPasswordField(java.lang.String)?[0m
  ?[32mAnd ?[0m?[32mUser cannot click Sign In button on Login Page?[0m                                              ?[90m# project.stepsdefinition.LoginStepDefinition.userCannotClickSignInButtonOnLoginPage()?[0m
  ?[32mThen ?[0m?[32mUser see error message ?[0m?[32m?[1m"Password should be 8 digits and contains : a–z, A–Z, 1–9, Symbol!"?[0m ?[90m# project.stepsdefinition.LoginStepDefinition.userSeeErrorMessage(java.lang.String)?[0m
  ?[32mGiven ?[0m?[32mUser is on Login Page?[0m                                                                     ?[90m# project.stepsdefinition.LoginStepDefinition.userIsOnLoginPage()?[0m
  ?[32mWhen ?[0m?[32mUser input phone number ?[0m?[32m?[1m"81394577665"?[0m?[32m on phone number field?[0m                                ?[90m# project.stepsdefinition.LoginStepDefinition.userInputPhoneNumberOnPhoneNumberField(java.lang.String)?[0m
  ?[32mAnd ?[0m?[32mUser input password ?[0m?[32m?[1m"!@#$%^&*"?[0m?[32m on password field?[0m                                            ?[90m# project.stepsdefinition.LoginStepDefinition.userInputPasswordOnPasswordField(java.lang.String)?[0m
  ?[32mAnd ?[0m?[32mUser cannot click Sign In button on Login Page?[0m                                              ?[90m# project.stepsdefinition.LoginStepDefinition.userCannotClickSignInButtonOnLoginPage()?[0m
  ?[32mThen ?[0m?[32mUser see error message ?[0m?[32m?[1m"Password should be 8 digits and contains : a–z, A–Z, 1–9, Symbol!"?[0m ?[90m# project.stepsdefinition.LoginStepDefinition.userSeeErrorMessage(java.lang.String)?[0m
  ?[32mGiven ?[0m?[32mUser is on Login Page?[0m                                                                     ?[90m# project.stepsdefinition.LoginStepDefinition.userIsOnLoginPage()?[0m
  ?[32mWhen ?[0m?[32mUser input phone number ?[0m?[32m?[1m"81394577665"?[0m?[32m on phone number field?[0m                                ?[90m# project.stepsdefinition.LoginStepDefinition.userInputPhoneNumberOnPhoneNumberField(java.lang.String)?[0m
  ?[32mAnd ?[0m?[32mUser input password ?[0m?[32m?[1m"P@ss w0rd"?[0m?[32m on password field?[0m                                           ?[90m# project.stepsdefinition.LoginStepDefinition.userInputPasswordOnPasswordField(java.lang.String)?[0m
  ?[32mAnd ?[0m?[32mUser cannot click Sign In button on Login Page?[0m                                              ?[90m# project.stepsdefinition.LoginStepDefinition.userCannotClickSignInButtonOnLoginPage()?[0m
  ?[32mThen ?[0m?[32mUser see error message ?[0m?[32m?[1m"Password should be 8 digits and contains : a–z, A–Z, 1–9, Symbol!"?[0m ?[90m# project.stepsdefinition.LoginStepDefinition.userSeeErrorMessage(java.lang.String)?[0m
  ?[32mGiven ?[0m?[32mUser is on Login Page?[0m                                                              ?[90m# project.stepsdefinition.LoginStepDefinition.userIsOnLoginPage()?[0m
  ?[32mWhen ?[0m?[32mUser input phone number ?[0m?[32m?[1m"81394577665"?[0m?[32m on phone number field?[0m                         ?[90m# project.stepsdefinition.LoginStepDefinition.userInputPhoneNumberOnPhoneNumberField(java.lang.String)?[0m
  ?[32mAnd ?[0m?[32mUser input password ?[0m?[32m?[1m"P@ssw0rd?"?[0m?[32m on password field?[0m                                   ?[90m# project.stepsdefinition.LoginStepDefinition.userInputPasswordOnPasswordField(java.lang.String)?[0m
  ?[32mAnd ?[0m?[32mUser cannot click Sign In button on Login Page?[0m                                       ?[90m# project.stepsdefinition.LoginStepDefinition.userCannotClickSignInButtonOnLoginPage()?[0m
  ?[32mThen ?[0m?[32mUser see error message ?[0m?[32m?[1m"Password cannot be empty!"?[0m                                  ?[90m# project.stepsdefinition.LoginStepDefinition.userSeeErrorMessage(java.lang.String)?[0m
  ?[32mGiven ?[0m?[32mUser is on Login Page?[0m                                      ?[90m# project.stepsdefinition.LoginStepDefinition.userIsOnLoginPage()?[0m
  ?[32mWhen ?[0m?[32mUser input phone number ?[0m?[32m?[1m"81394577665"?[0m?[32m on phone number field?[0m ?[90m# project.stepsdefinition.LoginStepDefinition.userInputPhoneNumberOnPhoneNumberField(java.lang.String)?[0m
  ?[32mThen ?[0m?[32mUser see no error message?[0m                                   ?[90m# project.stepsdefinition.LoginStepDefinition.userSeeNoErrorMessage()?[0m
  ?[32mGiven ?[0m?[32mUser is on Login Page?[0m                                 ?[90m# project.stepsdefinition.LoginStepDefinition.userIsOnLoginPage()?[0m
  ?[32mWhen ?[0m?[32mUser input phone number ?[0m?[32m?[1m""?[0m?[32m on phone number field?[0m       ?[90m# project.stepsdefinition.LoginStepDefinition.userInputPhoneNumberOnPhoneNumberField(java.lang.String)?[0m
  ?[32mThen ?[0m?[32mUser see error message ?[0m?[32m?[1m"Phone Number cannot be empty!"?[0m ?[90m# project.stepsdefinition.LoginStepDefinition.userSeeErrorMessage(java.lang.String)?[0m
  ?[32mGiven ?[0m?[32mUser is on Login Page?[0m                                                             ?[90m# project.stepsdefinition.LoginStepDefinition.userIsOnLoginPage()?[0m
  ?[32mWhen ?[0m?[32mUser input phone number ?[0m?[32m?[1m"81300000"?[0m?[32m on phone number field?[0m                           ?[90m# project.stepsdefinition.LoginStepDefinition.userInputPhoneNumberOnPhoneNumberField(java.lang.String)?[0m
  ?[32mThen ?[0m?[32mUser see error message ?[0m?[32m?[1m"Wrong Phone Number format! All Numbers and 9 – 12 digits!"?[0m ?[90m# project.stepsdefinition.LoginStepDefinition.userSeeErrorMessage(java.lang.String)?[0m
  ?[32mGiven ?[0m?[32mUser is on Login Page?[0m                                                             ?[90m# project.stepsdefinition.LoginStepDefinition.userIsOnLoginPage()?[0m
  ?[32mWhen ?[0m?[32mUser input phone number ?[0m?[32m?[1m"8130000000000"?[0m?[32m on phone number field?[0m                      ?[90m# project.stepsdefinition.LoginStepDefinition.userInputPhoneNumberOnPhoneNumberField(java.lang.String)?[0m
  ?[32mThen ?[0m?[32mUser see error message ?[0m?[32m?[1m"Wrong Phone Number format! All Numbers and 9 – 12 digits!"?[0m ?[90m# project.stepsdefinition.LoginStepDefinition.userSeeErrorMessage(java.lang.String)?[0m
  ?[32mGiven ?[0m?[32mUser is on Login Page?[0m                                                             ?[90m# project.stepsdefinition.LoginStepDefinition.userIsOnLoginPage()?[0m
  ?[32mWhen ?[0m?[32mUser input phone number ?[0m?[32m?[1m"813abcd00"?[0m?[32m on phone number field?[0m                          ?[90m# project.stepsdefinition.LoginStepDefinition.userInputPhoneNumberOnPhoneNumberField(java.lang.String)?[0m
  ?[32mThen ?[0m?[32mUser see error message ?[0m?[32m?[1m"Wrong Phone Number format! All Numbers and 9 – 12 digits!"?[0m ?[90m# project.stepsdefinition.LoginStepDefinition.userSeeErrorMessage(java.lang.String)?[0m
  ?[32mGiven ?[0m?[32mUser is on Login Page?[0m                                                             ?[90m# project.stepsdefinition.LoginStepDefinition.userIsOnLoginPage()?[0m
  ?[32mWhen ?[0m?[32mUser input phone number ?[0m?[32m?[1m"abcdefghi"?[0m?[32m on phone number field?[0m                          ?[90m# project.stepsdefinition.LoginStepDefinition.userInputPhoneNumberOnPhoneNumberField(java.lang.String)?[0m
  ?[32mThen ?[0m?[32mUser see error message ?[0m?[32m?[1m"Wrong Phone Number format! All Numbers and 9 – 12 digits!"?[0m ?[90m# project.stepsdefinition.LoginStepDefinition.userSeeErrorMessage(java.lang.String)?[0m
  ?[32mGiven ?[0m?[32mUser is on Login Page?[0m                                                             ?[90m# project.stepsdefinition.LoginStepDefinition.userIsOnLoginPage()?[0m
  ?[32mWhen ?[0m?[32mUser input phone number ?[0m?[32m?[1m"81300000!"?[0m?[32m on phone number field?[0m                          ?[90m# project.stepsdefinition.LoginStepDefinition.userInputPhoneNumberOnPhoneNumberField(java.lang.String)?[0m
  ?[32mThen ?[0m?[32mUser see error message ?[0m?[32m?[1m"Wrong Phone Number format! All Numbers and 9 – 12 digits!"?[0m ?[90m# project.stepsdefinition.LoginStepDefinition.userSeeErrorMessage(java.lang.String)?[0m
  ?[32mGiven ?[0m?[32mUser is on Login Page?[0m                                                             ?[90m# project.stepsdefinition.LoginStepDefinition.userIsOnLoginPage()?[0m
  ?[32mWhen ?[0m?[32mUser input phone number ?[0m?[32m?[1m"!@#$%^&*("?[0m?[32m on phone number field?[0m                          ?[90m# project.stepsdefinition.LoginStepDefinition.userInputPhoneNumberOnPhoneNumberField(java.lang.String)?[0m
  ?[32mThen ?[0m?[32mUser see error message ?[0m?[32m?[1m"Wrong Phone Number format! All Numbers and 9 – 12 digits!"?[0m ?[90m# project.stepsdefinition.LoginStepDefinition.userSeeErrorMessage(java.lang.String)?[0m
  ?[32mGiven ?[0m?[32mUser is on Login Page?[0m                                 ?[90m# project.stepsdefinition.LoginStepDefinition.userIsOnLoginPage()?[0m
  ?[32mWhen ?[0m?[32mUser input phone number ?[0m?[32m?[1m"?"?[0m?[32m on phone number field?[0m     ?[90m# project.stepsdefinition.LoginStepDefinition.userInputPhoneNumberOnPhoneNumberField(java.lang.String)?[0m
  ?[32mThen ?[0m?[32mUser see error message ?[0m?[32m?[1m"Phone Number cannot be empty!"?[0m ?[90m# project.stepsdefinition.LoginStepDefinition.userSeeErrorMessage(java.lang.String)?[0m
  ?[32mGiven ?[0m?[32mUser is on Login Page?[0m                                                             ?[90m# project.stepsdefinition.LoginStepDefinition.userIsOnLoginPage()?[0m
  ?[32mWhen ?[0m?[32mUser input phone number ?[0m?[32m?[1m"62813000000"?[0m?[32m on phone number field?[0m                        ?[90m# project.stepsdefinition.LoginStepDefinition.userInputPhoneNumberOnPhoneNumberField(java.lang.String)?[0m
  ?[32mThen ?[0m?[32mUser see error message ?[0m?[32m?[1m"Wrong Phone Number format! All Numbers and 9 – 12 digits!"?[0m ?[90m# project.stepsdefinition.LoginStepDefinition.userSeeErrorMessage(java.lang.String)?[0m
  ?[32mGiven ?[0m?[32mUser is on Login Page?[0m                                                             ?[90m# project.stepsdefinition.LoginStepDefinition.userIsOnLoginPage()?[0m
  ?[32mWhen ?[0m?[32mUser input phone number ?[0m?[32m?[1m"08130000000"?[0m?[32m on phone number field?[0m                        ?[90m# project.stepsdefinition.LoginStepDefinition.userInputPhoneNumberOnPhoneNumberField(java.lang.String)?[0m
  ?[32mThen ?[0m?[32mUser see error message ?[0m?[32m?[1m"Wrong Phone Number format! All Numbers and 9 – 12 digits!"?[0m ?[90m# project.stepsdefinition.LoginStepDefinition.userSeeErrorMessage(java.lang.String)?[0m
  ?[32mGiven ?[0m?[32mUser is on Login Page?[0m                           ?[90m# project.stepsdefinition.LoginStepDefinition.userIsOnLoginPage()?[0m
  ?[32mWhen ?[0m?[32mUser input password ?[0m?[32m?[1m"P@ssw0rd"?[0m?[32m on password field?[0m ?[90m# project.stepsdefinition.LoginStepDefinition.userInputPasswordOnPasswordField(java.lang.String)?[0m
  ?[32mThen ?[0m?[32mUser see no error message?[0m                        ?[90m# project.stepsdefinition.LoginStepDefinition.userSeeNoErrorMessage()?[0m
  ?[32mGiven ?[0m?[32mUser is on Login Page?[0m                                               ?[90m# project.stepsdefinition.LoginStepDefinition.userIsOnLoginPage()?[0m
  ?[32mWhen ?[0m?[32mUser input password ?[0m?[32m?[1m""?[0m?[32m on password field?[0m                             ?[90m# project.stepsdefinition.LoginStepDefinition.userInputPasswordOnPasswordField(java.lang.String)?[0m
  ?[32mThen ?[0m?[32mUser see error message ?[0m?[32m?[1m"Password cannot be empty!"?[0m?[32m on password field?[0m ?[90m# project.stepsdefinition.LoginStepDefinition.userSeeErrorMessageOnPhoneNumberField(java.lang.String)?[0m
  ?[32mGiven ?[0m?[32mUser is on Login Page?[0m                                                                                       ?[90m# project.stepsdefinition.LoginStepDefinition.userIsOnLoginPage()?[0m
  ?[32mWhen ?[0m?[32mUser input password ?[0m?[32m?[1m"P@ssw0r"?[0m?[32m on password field?[0m                                                              ?[90m# project.stepsdefinition.LoginStepDefinition.userInputPasswordOnPasswordField(java.lang.String)?[0m
  ?[32mThen ?[0m?[32mUser see error message ?[0m?[32m?[1m"Password should be 8 digits and contains : a–z, A–Z, 1–9, Symbol!"?[0m?[32m on password field?[0m ?[90m# project.stepsdefinition.LoginStepDefinition.userSeeErrorMessageOnPhoneNumberField(java.lang.String)?[0m
  ?[32mGiven ?[0m?[32mUser is on Login Page?[0m                                                                                       ?[90m# project.stepsdefinition.LoginStepDefinition.userIsOnLoginPage()?[0m
  ?[32mWhen ?[0m?[32mUser input password ?[0m?[32m?[1m"P@ssw0rd1234567890abc"?[0m?[32m on password field?[0m                                                ?[90m# project.stepsdefinition.LoginStepDefinition.userInputPasswordOnPasswordField(java.lang.String)?[0m
  ?[32mThen ?[0m?[32mUser see error message ?[0m?[32m?[1m"Password should be 8 digits and contains : a–z, A–Z, 1–9, Symbol!"?[0m?[32m on password field?[0m ?[90m# project.stepsdefinition.LoginStepDefinition.userSeeErrorMessageOnPhoneNumberField(java.lang.String)?[0m
  ?[32mGiven ?[0m?[32mUser is on Login Page?[0m                                                                                       ?[90m# project.stepsdefinition.LoginStepDefinition.userIsOnLoginPage()?[0m
  ?[32mWhen ?[0m?[32mUser input password ?[0m?[32m?[1m"Passw0rd"?[0m?[32m on password field?[0m                                                             ?[90m# project.stepsdefinition.LoginStepDefinition.userInputPasswordOnPasswordField(java.lang.String)?[0m
  ?[32mThen ?[0m?[32mUser see error message ?[0m?[32m?[1m"Password should be 8 digits and contains : a–z, A–Z, 1–9, Symbol!"?[0m?[32m on password field?[0m ?[90m# project.stepsdefinition.LoginStepDefinition.userSeeErrorMessageOnPhoneNumberField(java.lang.String)?[0m
  ?[32mGiven ?[0m?[32mUser is on Login Page?[0m                                                                                       ?[90m# project.stepsdefinition.LoginStepDefinition.userIsOnLoginPage()?[0m
  ?[32mWhen ?[0m?[32mUser input password ?[0m?[32m?[1m"P@ssword"?[0m?[32m on password field?[0m                                                             ?[90m# project.stepsdefinition.LoginStepDefinition.userInputPasswordOnPasswordField(java.lang.String)?[0m
  ?[32mThen ?[0m?[32mUser see error message ?[0m?[32m?[1m"Password should be 8 digits and contains : a–z, A–Z, 1–9, Symbol!"?[0m?[32m on password field?[0m ?[90m# project.stepsdefinition.LoginStepDefinition.userSeeErrorMessageOnPhoneNumberField(java.lang.String)?[0m
  ?[32mGiven ?[0m?[32mUser is on Login Page?[0m                                                                                       ?[90m# project.stepsdefinition.LoginStepDefinition.userIsOnLoginPage()?[0m
  ?[32mWhen ?[0m?[32mUser input password ?[0m?[32m?[1m"Password"?[0m?[32m on password field?[0m                                                             ?[90m# project.stepsdefinition.LoginStepDefinition.userInputPasswordOnPasswordField(java.lang.String)?[0m
  ?[32mThen ?[0m?[32mUser see error message ?[0m?[32m?[1m"Password should be 8 digits and contains : a–z, A–Z, 1–9, Symbol!"?[0m?[32m on password field?[0m ?[90m# project.stepsdefinition.LoginStepDefinition.userSeeErrorMessageOnPhoneNumberField(java.lang.String)?[0m
  ?[32mGiven ?[0m?[32mUser is on Login Page?[0m                                                                                       ?[90m# project.stepsdefinition.LoginStepDefinition.userIsOnLoginPage()?[0m
  ?[32mWhen ?[0m?[32mUser input password ?[0m?[32m?[1m"p@ssw0rd"?[0m?[32m on password field?[0m                                                             ?[90m# project.stepsdefinition.LoginStepDefinition.userInputPasswordOnPasswordField(java.lang.String)?[0m
  ?[32mThen ?[0m?[32mUser see error message ?[0m?[32m?[1m"Password should be 8 digits and contains : a–z, A–Z, 1–9, Symbol!"?[0m?[32m on password field?[0m ?[90m# project.stepsdefinition.LoginStepDefinition.userSeeErrorMessageOnPhoneNumberField(java.lang.String)?[0m
  ?[32mGiven ?[0m?[32mUser is on Login Page?[0m                                                                                       ?[90m# project.stepsdefinition.LoginStepDefinition.userIsOnLoginPage()?[0m
  ?[32mWhen ?[0m?[32mUser input password ?[0m?[32m?[1m"passw0rd"?[0m?[32m on password field?[0m                                                             ?[90m# project.stepsdefinition.LoginStepDefinition.userInputPasswordOnPasswordField(java.lang.String)?[0m
  ?[32mThen ?[0m?[32mUser see error message ?[0m?[32m?[1m"Password should be 8 digits and contains : a–z, A–Z, 1–9, Symbol!"?[0m?[32m on password field?[0m ?[90m# project.stepsdefinition.LoginStepDefinition.userSeeErrorMessageOnPhoneNumberField(java.lang.String)?[0m
  ?[32mGiven ?[0m?[32mUser is on Login Page?[0m                                                                                       ?[90m# project.stepsdefinition.LoginStepDefinition.userIsOnLoginPage()?[0m
  ?[32mWhen ?[0m?[32mUser input password ?[0m?[32m?[1m"p@ssword"?[0m?[32m on password field?[0m                                                             ?[90m# project.stepsdefinition.LoginStepDefinition.userInputPasswordOnPasswordField(java.lang.String)?[0m
  ?[32mThen ?[0m?[32mUser see error message ?[0m?[32m?[1m"Password should be 8 digits and contains : a–z, A–Z, 1–9, Symbol!"?[0m?[32m on password field?[0m ?[90m# project.stepsdefinition.LoginStepDefinition.userSeeErrorMessageOnPhoneNumberField(java.lang.String)?[0m
  ?[32mGiven ?[0m?[32mUser is on Login Page?[0m                                                                                       ?[90m# project.stepsdefinition.LoginStepDefinition.userIsOnLoginPage()?[0m
  ?[32mWhen ?[0m?[32mUser input password ?[0m?[32m?[1m"password"?[0m?[32m on password field?[0m                                                             ?[90m# project.stepsdefinition.LoginStepDefinition.userInputPasswordOnPasswordField(java.lang.String)?[0m
  ?[32mThen ?[0m?[32mUser see error message ?[0m?[32m?[1m"Password should be 8 digits and contains : a–z, A–Z, 1–9, Symbol!"?[0m?[32m on password field?[0m ?[90m# project.stepsdefinition.LoginStepDefinition.userSeeErrorMessageOnPhoneNumberField(java.lang.String)?[0m
  ?[32mGiven ?[0m?[32mUser is on Login Page?[0m                                                                                       ?[90m# project.stepsdefinition.LoginStepDefinition.userIsOnLoginPage()?[0m
  ?[32mWhen ?[0m?[32mUser input password ?[0m?[32m?[1m"P@SSW0RD"?[0m?[32m on password field?[0m                                                             ?[90m# project.stepsdefinition.LoginStepDefinition.userInputPasswordOnPasswordField(java.lang.String)?[0m
  ?[32mThen ?[0m?[32mUser see error message ?[0m?[32m?[1m"Password should be 8 digits and contains : a–z, A–Z, 1–9, Symbol!"?[0m?[32m on password field?[0m ?[90m# project.stepsdefinition.LoginStepDefinition.userSeeErrorMessageOnPhoneNumberField(java.lang.String)?[0m
  ?[32mGiven ?[0m?[32mUser is on Login Page?[0m                                                                                       ?[90m# project.stepsdefinition.LoginStepDefinition.userIsOnLoginPage()?[0m
  ?[32mWhen ?[0m?[32mUser input password ?[0m?[32m?[1m"PASSW0RD"?[0m?[32m on password field?[0m                                                             ?[90m# project.stepsdefinition.LoginStepDefinition.userInputPasswordOnPasswordField(java.lang.String)?[0m
  ?[32mThen ?[0m?[32mUser see error message ?[0m?[32m?[1m"Password should be 8 digits and contains : a–z, A–Z, 1–9, Symbol!"?[0m?[32m on password field?[0m ?[90m# project.stepsdefinition.LoginStepDefinition.userSeeErrorMessageOnPhoneNumberField(java.lang.String)?[0m
  ?[32mGiven ?[0m?[32mUser is on Login Page?[0m                                                                                       ?[90m# project.stepsdefinition.LoginStepDefinition.userIsOnLoginPage()?[0m
  ?[32mWhen ?[0m?[32mUser input password ?[0m?[32m?[1m"P@SSWORD"?[0m?[32m on password field?[0m                                                             ?[90m# project.stepsdefinition.LoginStepDefinition.userInputPasswordOnPasswordField(java.lang.String)?[0m
  ?[32mThen ?[0m?[32mUser see error message ?[0m?[32m?[1m"Password should be 8 digits and contains : a–z, A–Z, 1–9, Symbol!"?[0m?[32m on password field?[0m ?[90m# project.stepsdefinition.LoginStepDefinition.userSeeErrorMessageOnPhoneNumberField(java.lang.String)?[0m
  ?[32mGiven ?[0m?[32mUser is on Login Page?[0m                                                                                       ?[90m# project.stepsdefinition.LoginStepDefinition.userIsOnLoginPage()?[0m
  ?[32mWhen ?[0m?[32mUser input password ?[0m?[32m?[1m"PASSWORD"?[0m?[32m on password field?[0m                                                             ?[90m# project.stepsdefinition.LoginStepDefinition.userInputPasswordOnPasswordField(java.lang.String)?[0m
  ?[32mThen ?[0m?[32mUser see error message ?[0m?[32m?[1m"Password should be 8 digits and contains : a–z, A–Z, 1–9, Symbol!"?[0m?[32m on password field?[0m ?[90m# project.stepsdefinition.LoginStepDefinition.userSeeErrorMessageOnPhoneNumberField(java.lang.String)?[0m
  ?[32mGiven ?[0m?[32mUser is on Login Page?[0m                                                                                       ?[90m# project.stepsdefinition.LoginStepDefinition.userIsOnLoginPage()?[0m
  ?[32mWhen ?[0m?[32mUser input password ?[0m?[32m?[1m"123$%^78"?[0m?[32m on password field?[0m                                                             ?[90m# project.stepsdefinition.LoginStepDefinition.userInputPasswordOnPasswordField(java.lang.String)?[0m
  ?[32mThen ?[0m?[32mUser see error message ?[0m?[32m?[1m"Password should be 8 digits and contains : a–z, A–Z, 1–9, Symbol!"?[0m?[32m on password field?[0m ?[90m# project.stepsdefinition.LoginStepDefinition.userSeeErrorMessageOnPhoneNumberField(java.lang.String)?[0m
  ?[32mGiven ?[0m?[32mUser is on Login Page?[0m                                                                                       ?[90m# project.stepsdefinition.LoginStepDefinition.userIsOnLoginPage()?[0m
  ?[32mWhen ?[0m?[32mUser input password ?[0m?[32m?[1m"12345678"?[0m?[32m on password field?[0m                                                             ?[90m# project.stepsdefinition.LoginStepDefinition.userInputPasswordOnPasswordField(java.lang.String)?[0m
  ?[32mThen ?[0m?[32mUser see error message ?[0m?[32m?[1m"Password should be 8 digits and contains : a–z, A–Z, 1–9, Symbol!"?[0m?[32m on password field?[0m ?[90m# project.stepsdefinition.LoginStepDefinition.userSeeErrorMessageOnPhoneNumberField(java.lang.String)?[0m
  ?[32mGiven ?[0m?[32mUser is on Login Page?[0m                                                                                       ?[90m# project.stepsdefinition.LoginStepDefinition.userIsOnLoginPage()?[0m
  ?[32mWhen ?[0m?[32mUser input password ?[0m?[32m?[1m"!@#$%^&*"?[0m?[32m on password field?[0m                                                             ?[90m# project.stepsdefinition.LoginStepDefinition.userInputPasswordOnPasswordField(java.lang.String)?[0m
  ?[32mThen ?[0m?[32mUser see error message ?[0m?[32m?[1m"Password should be 8 digits and contains : a–z, A–Z, 1–9, Symbol!"?[0m?[32m on password field?[0m ?[90m# project.stepsdefinition.LoginStepDefinition.userSeeErrorMessageOnPhoneNumberField(java.lang.String)?[0m
  ?[32mGiven ?[0m?[32mUser is on Login Page?[0m                                                                                       ?[90m# project.stepsdefinition.LoginStepDefinition.userIsOnLoginPage()?[0m
  ?[32mWhen ?[0m?[32mUser input password ?[0m?[32m?[1m"P@ss w0rd"?[0m?[32m on password field?[0m                                                            ?[90m# project.stepsdefinition.LoginStepDefinition.userInputPasswordOnPasswordField(java.lang.String)?[0m
  ?[32mThen ?[0m?[32mUser see error message ?[0m?[32m?[1m"Password should be 8 digits and contains : a–z, A–Z, 1–9, Symbol!"?[0m?[32m on password field?[0m ?[90m# project.stepsdefinition.LoginStepDefinition.userSeeErrorMessageOnPhoneNumberField(java.lang.String)?[0m
  ?[32mGiven ?[0m?[32mUser is on Login Page?[0m                                               ?[90m# project.stepsdefinition.LoginStepDefinition.userIsOnLoginPage()?[0m
  ?[32mWhen ?[0m?[32mUser input password ?[0m?[32m?[1m"P@ssw0rd?"?[0m?[32m on password field?[0m                   ?[90m# project.stepsdefinition.LoginStepDefinition.userInputPasswordOnPasswordField(java.lang.String)?[0m
  ?[32mThen ?[0m?[32mUser see error message ?[0m?[32m?[1m"Password cannot be empty!"?[0m?[32m on password field?[0m ?[90m# project.stepsdefinition.LoginStepDefinition.userSeeErrorMessageOnPhoneNumberField(java.lang.String)?[0m
  ?[32mGiven ?[0m?[32mUser is on Login Page?[0m                                     ?[90m# project.stepsdefinition.LoginStepDefinition.userIsOnLoginPage()?[0m
  ?[32mWhen ?[0m?[32mUser input password ?[0m?[32m?[1m"P@ssw0rd"?[0m?[32m on password field?[0m           ?[90m# project.stepsdefinition.LoginStepDefinition.userInputPasswordOnPasswordField(java.lang.String)?[0m
  ?[32mAnd ?[0m?[32mUser click show password button?[0m                             ?[90m# project.stepsdefinition.LoginStepDefinition.userClickHideShowPasswordButton()?[0m
  ?[32mThen ?[0m?[32mUser see ?[0m?[32m?[1m"P@ssw0rd"?[0m?[32m on password field?[0m                      ?[90m# project.stepsdefinition.LoginStepDefinition.userSeeOnPasswordField(java.lang.String)?[0m
  ?[32mGiven ?[0m?[32mUser is on Login Page?[0m                                            ?[90m# project.stepsdefinition.LoginStepDefinition.userIsOnLoginPage()?[0m
  ?[32mWhen ?[0m?[32mUser input password ?[0m?[32m?[1m"P@ssw0rd"?[0m?[32m on password field?[0m                  ?[90m# project.stepsdefinition.LoginStepDefinition.userInputPasswordOnPasswordField(java.lang.String)?[0m
  ?[32mThen ?[0m?[32mUser see password is masked?[0m                                       ?[90m# project.stepsdefinition.LoginStepDefinition.userSeePasswordIsMasked()?[0m
  ?[32mGiven ?[0m?[32mUser is on Login Page?[0m                                                    ?[90m# project.stepsdefinition.LoginStepDefinition.userIsOnLoginPage()?[0m
  ?[32mWhen ?[0m?[32mUser input password ?[0m?[32m?[1m"P@ssw0r"?[0m?[32m on password field?[0m                           ?[90m# project.stepsdefinition.LoginStepDefinition.userInputPasswordOnPasswordField(java.lang.String)?[0m
  ?[32mAnd ?[0m?[32mUser click show password button?[0m                                            ?[90m# project.stepsdefinition.LoginStepDefinition.userClickHideShowPasswordButton()?[0m
  ?[32mThen ?[0m?[32mUser see ?[0m?[32m?[1m"P@ssw0r"?[0m?[32m on password field?[0m                                      ?[90m# project.stepsdefinition.LoginStepDefinition.userSeeOnPasswordField(java.lang.String)?[0m
  ?[32mGiven ?[0m?[32mUser is on Login Page?[0m                                                    ?[90m# project.stepsdefinition.LoginStepDefinition.userIsOnLoginPage()?[0m
  ?[32mWhen ?[0m?[32mUser input password ?[0m?[32m?[1m"P@ssw0r"?[0m?[32m on password field?[0m                           ?[90m# project.stepsdefinition.LoginStepDefinition.userInputPasswordOnPasswordField(java.lang.String)?[0m
  ?[32mThen ?[0m?[32mUser see password is masked?[0m                                               ?[90m# project.stepsdefinition.LoginStepDefinition.userSeePasswordIsMasked()?[0m
  ?[32mGiven ?[0m?[32mUser is on Login Page?[0m                   ?[90m# project.stepsdefinition.LoginStepDefinition.userIsOnLoginPage()?[0m
  ?[32mWhen ?[0m?[32mUser click Forgot Password button?[0m        ?[90m# project.stepsdefinition.LoginStepDefinition.userClickForgotPasswordButton()?[0m
  ?[32mThen ?[0m?[32mUser directed to Forgot Password Page?[0m    ?[90m# project.stepsdefinition.LoginStepDefinition.userDirectedToForgotPasswordPage()?[0m
  ?[32mGiven ?[0m?[32mUser is on Login Page?[0m              ?[90m# project.stepsdefinition.LoginStepDefinition.userIsOnLoginPage()?[0m
  ?[32mWhen ?[0m?[32mUser click Register button?[0m          ?[90m# project.stepsdefinition.LoginStepDefinition.userClickRegisterButton()?[0m
  ?[32mThen ?[0m?[32mUser directed to Register Page?[0m      ?[90m# project.stepsdefinition.LoginStepDefinition.userDirectedToRegisterPage()?[0m

70 Scenarios (?[32m70 passed?[0m)
278 Steps (?[32m278 passed?[0m)
17m21.579s


]]></system-out>
  <system-err><![CDATA[Jun 25, 2020 11:11:48 AM io.cucumber.core.options.CucumberPropertiesParser parse
WARNING: Passing commandline options via the property `cucumber.options` has been deprecatedin favour of explicitly using property names.
Please use these instead: [cucumber.ansi-colors.disabled, cucumber.execution.dry-run, cucumber.execution.limit, cucumber.execution.order, cucumber.execution.strict, cucumber.execution.wip, cucumber.features, cucumber.filter.name, cucumber.filter.tags, cucumber.glue, cucumber.object-factory, cucumber.plugin, cucumber.snippet-type]
Jun 25, 2020 11:11:48 AM io.cucumber.junit.Cucumber <init>
WARNING: By default Cucumber is running in --non-strict mode.
This default will change to --strict and --non-strict will be removed.
You can use --strict or @CucumberOptions(strict = true) to suppress this warning
]]></system-err>
</testsuite>
