<?xml version="1.0" encoding="UTF-8"?>
<testsuite name="Validate the functional of Top Up Button on Home Page" tests="8" skipped="0" failures="0" errors="0" timestamp="2020-06-25T08:19:25" hostname="dnid0666l01.local" time="10.409">
  <properties/>
  <testcase name="User is on Login Page" classname="Validate the functional of Top Up Button on Home Page" time="3.771"/>
  <testcase name="User input phone number &quot;81266829795&quot; on phone number field" classname="Validate the functional of Top Up Button on Home Page" time="0.664"/>
  <testcase name="User input password &quot;Pass@123&quot; on password field" classname="Validate the functional of Top Up Button on Home Page" time="1.352"/>
  <testcase name="User click Sign In button on Login Page" classname="Validate the functional of Top Up Button on Home Page" time="0.714"/>
  <testcase name="User is on Home Page" classname="Validate the functional of Top Up Button on Home Page" time="0.002"/>
  <testcase name="User tap Top Up Button on Home Page" classname="Validate the functional of Top Up Button on Home Page" time="2.009"/>
  <testcase name="User is on Top Up page" classname="Validate the functional of Top Up Button on Home Page" time="1.307"/>
  <testcase name="classMethod" classname="Validate the functional of Top Up Button on Home Page" time="17.771"/>
  <system-out><![CDATA[
@Home @ValidateTopUpButton
Scenario: Validate the functional of Top Up Button on Home Page   ?[90m# src/test/resources/features/Home.feature:27?[0m
]]></system-out>
  <system-err><![CDATA[Jun 25, 2020 3:19:24 PM io.appium.java_client.remote.AppiumCommandExecutor$1 lambda$0
INFO: Detected dialect: W3C
]]></system-err>
</testsuite>
