<?xml version="1.0" encoding="UTF-8"?>
<testsuite name="1. user login with correct phone number and password" tests="6" skipped="0" failures="0" errors="0" timestamp="2020-06-24T06:59:23" hostname="LAPTOP-8ROAKM94" time="8.683">
  <properties/>
  <testcase name="User is on Login Page" classname="1. user login with correct phone number and password" time="3.65"/>
  <testcase name="User input phone number &quot;81394577665&quot; on phone number field" classname="1. user login with correct phone number and password" time="0.728"/>
  <testcase name="User input password &quot;P@ssw0rd&quot; on password field" classname="1. user login with correct phone number and password" time="0.946"/>
  <testcase name="User click Sign In button on Login Page" classname="1. user login with correct phone number and password" time="0.748"/>
  <testcase name="User directed to Home Page" classname="1. user login with correct phone number and password" time="1.986"/>
  <testcase name="classMethod" classname="1. user login with correct phone number and password" time="29.411"/>
  <system-out><![CDATA[
@Login @Valid @aaaa
Scenario: 1. user login with correct phone number and password     ?[90m# src/test/resources/features/Login.feature:6?[0m
]]></system-out>
  <system-err><![CDATA[Jun 24, 2020 1:59:23 PM io.appium.java_client.remote.AppiumCommandExecutor$1 lambda$0
INFO: Detected dialect: W3C
]]></system-err>
</testsuite>
