<?xml version="1.0" encoding="UTF-8"?>
<testsuite name="User input invalid format password and click hide/show password button" tests="9" skipped="0" failures="0" errors="0" timestamp="2020-06-24T05:44:57" hostname="LAPTOP-8ROAKM94" time="21.452">
  <properties/>
  <testcase name="User is on Login Page" classname="User input invalid format password and click hide/show password button" time="3.69"/>
  <testcase name="User input password &quot;P@ssw0r&quot; on password field" classname="User input invalid format password and click hide/show password button" time="0.886"/>
  <testcase name="User click show password button" classname="User input invalid format password and click hide/show password button" time="0.745"/>
  <testcase name="User see &quot;P@ssw0r&quot; on password field" classname="User input invalid format password and click hide/show password button" time="0.52"/>
  <testcase name="classMethod" classname="User input invalid format password and click hide/show password button" time="15.299"/>
  <testcase name="User is on Login Page" classname="User input invalid format password and click hide/show password button" time="3.649"/>
  <testcase name="User input password &quot;P@ssw0r&quot; on password field" classname="User input invalid format password and click hide/show password button" time="0.897"/>
  <testcase name="User see password is masked" classname="User input invalid format password and click hide/show password button" time="0.712"/>
  <testcase name="classMethod" classname="User input invalid format password and click hide/show password button" time="14.911"/>
  <system-out><![CDATA[
@Login @Show @2
Scenario: User input invalid format password and click hide/show password button ?[90m# src/test/resources/features/Login.feature:244?[0m

@Login @Show
Scenario: User input invalid format password and click hide/show password button ?[90m# src/test/resources/features/Login.feature:251?[0m
]]></system-out>
  <system-err><![CDATA[Jun 24, 2020 12:44:57 PM io.appium.java_client.remote.AppiumCommandExecutor$1 lambda$0
INFO: Detected dialect: W3C
Jun 24, 2020 12:45:13 PM io.appium.java_client.remote.AppiumCommandExecutor$1 lambda$0
INFO: Detected dialect: W3C
]]></system-err>
</testsuite>
